[0.026s] Invoking command in '/home/parth/Superbot_ws/build/superbot_description': CMAKE_PREFIX_PATH=${CMAKE_PREFIX_PATH}:/opt/ros/humble /usr/bin/cmake --build /home/parth/Superbot_ws/build/superbot_description -- -j4 -l4
[0.220s] -- Found ament_cmake: 1.3.10 (/opt/ros/humble/share/ament_cmake/cmake)
[0.497s] -- Found gazebo_ros: 3.7.0 (/opt/ros/humble/share/gazebo_ros/cmake)
[0.584s] -- Found rosidl_generator_c: 3.1.5 (/opt/ros/humble/share/rosidl_generator_c/cmake)
[0.590s] -- Found rosidl_adapter: 3.1.5 (/opt/ros/humble/share/rosidl_adapter/cmake)
[0.609s] -- Found rosidl_generator_cpp: 3.1.5 (/opt/ros/humble/share/rosidl_generator_cpp/cmake)
[0.632s] -- Using all available rosidl_typesupport_c: rosidl_typesupport_fastrtps_c;rosidl_typesupport_introspection_c
[0.666s] -- Using all available rosidl_typesupport_cpp: rosidl_typesupport_fastrtps_cpp;rosidl_typesupport_introspection_cpp
[0.747s] -- Found rmw_implementation_cmake: 6.1.2 (/opt/ros/humble/share/rmw_implementation_cmake/cmake)
[0.753s] -- Found rmw_fastrtps_cpp: 6.2.7 (/opt/ros/humble/share/rmw_fastrtps_cpp/cmake)
[0.905s] -- Using RMW implementation 'rmw_fastrtps_cpp' as default
[1.100s] -- Found DART: /usr/include (Required is at least version "6.6") found components: dart 
[1.176s] -- Found Protobuf: /usr/lib/x86_64-linux-gnu/libprotobuf.so (found version "3.12.4") 
[1.182s] -- Looking for ignition-math6 -- found version 6.15.1
[1.196s] -- Searching for dependencies of ignition-math6
[1.201s] -- Looking for OGRE...
[1.209s] -- Found Ogre Ghadamon (1.9.0)
[1.210s] -- Found OGRE: optimized;/usr/lib/x86_64-linux-gnu/libOgreMain.so;debug;/usr/lib/x86_64-linux-gnu/libOgreMain.so
[1.220s] -- Looking for OGRE_Paging...
[1.220s] -- Found OGRE_Paging: optimized;/usr/lib/x86_64-linux-gnu/libOgrePaging.so;debug;/usr/lib/x86_64-linux-gnu/libOgrePaging.so
[1.220s] -- Looking for OGRE_Terrain...
[1.221s] -- Found OGRE_Terrain: optimized;/usr/lib/x86_64-linux-gnu/libOgreTerrain.so;debug;/usr/lib/x86_64-linux-gnu/libOgreTerrain.so
[1.221s] -- Looking for OGRE_Property...
[1.221s] -- Found OGRE_Property: optimized;/usr/lib/x86_64-linux-gnu/libOgreProperty.so;debug;/usr/lib/x86_64-linux-gnu/libOgreProperty.so
[1.221s] -- Looking for OGRE_RTShaderSystem...
[1.221s] -- Found OGRE_RTShaderSystem: optimized;/usr/lib/x86_64-linux-gnu/libOgreRTShaderSystem.so;debug;/usr/lib/x86_64-linux-gnu/libOgreRTShaderSystem.so
[1.221s] -- Looking for OGRE_Volume...
[1.221s] -- Found OGRE_Volume: optimized;/usr/lib/x86_64-linux-gnu/libOgreVolume.so;debug;/usr/lib/x86_64-linux-gnu/libOgreVolume.so
[1.221s] -- Looking for OGRE_Overlay...
[1.221s] -- Found OGRE_Overlay: optimized;/usr/lib/x86_64-linux-gnu/libOgreOverlay.so;debug;/usr/lib/x86_64-linux-gnu/libOgreOverlay.so
[1.312s] -- Looking for ignition-math6 -- found version 6.15.1
[1.315s] -- Looking for ignition-transport8 -- found version 8.2.1
[1.315s] -- Searching for dependencies of ignition-transport8
[1.335s] -- Found Protobuf: /usr/lib/x86_64-linux-gnu/libprotobuf.so (found suitable version "3.12.4", minimum required is "3") 
[1.345s] -- Config-file not installed for ZeroMQ -- checking for pkg-config
[1.353s] -- Checking for module 'libzmq >= 4'
[1.396s] --   Found libzmq , version 4.3.4
[1.481s] -- Checking for module 'uuid'
[1.506s] --   Found uuid, version 2.37.2
[1.590s] -- Looking for ignition-msgs5 -- found version 5.8.1
[1.590s] -- Searching for dependencies of ignition-msgs5
[1.600s] -- Looking for ignition-math6 -- found version 6.15.1
[1.606s] -- Checking for module 'tinyxml2'
[1.630s] --   Found tinyxml2, version 9.0.0
[1.697s] -- Looking for ignition-msgs5 -- found version 5.8.1
[1.699s] -- Looking for ignition-common3 -- found version 3.14.0
[1.700s] -- Searching for dependencies of ignition-common3
[1.700s] -- Looking for dlfcn.h - found
[1.701s] -- Looking for libdl - found
[1.716s] -- Searching for <ignition-common3> component [graphics]
[1.719s] -- Looking for ignition-common3-graphics -- found version 3.14.0
[1.719s] -- Searching for dependencies of ignition-common3-graphics
[1.719s] -- Looking for ignition-math6 -- found version 6.15.1
[1.724s] -- Looking for ignition-fuel_tools4 -- found version 4.4.0
[1.724s] -- Searching for dependencies of ignition-fuel_tools4
[1.785s] -- Checking for module 'jsoncpp'
[1.805s] --   Found jsoncpp, version 1.9.5
[1.885s] -- Checking for module 'libzip'
[1.906s] --   Found libzip, version 1.7.3
[1.971s] -- Looking for ignition-common3 -- found version 3.14.0
[1.971s] -- Looking for ignition-math6 -- found version 6.15.1
[1.971s] -- Looking for ignition-msgs5 -- found version 5.8.1
[1.977s] -- Gazebo version: 11.10
[1.980s] -- Found ament_lint_auto: 0.12.11 (/opt/ros/humble/share/ament_lint_auto/cmake)
[2.099s] -- Added test 'flake8' to check Python code syntax and style conventions
[2.100s] -- Added test 'lint_cmake' to check CMake code style
[2.102s] -- Added test 'pep257' to check Python code against some of the docstring style conventions in PEP 257
[2.108s] -- Added test 'xmllint' to check XML markup files
[2.113s] -- Configuring done
[2.130s] -- Generating done
[2.136s] -- Build files have been written to: /home/parth/Superbot_ws/build/superbot_description
[2.180s] Invoked command in '/home/parth/Superbot_ws/build/superbot_description' returned '0': CMAKE_PREFIX_PATH=${CMAKE_PREFIX_PATH}:/opt/ros/humble /usr/bin/cmake --build /home/parth/Superbot_ws/build/superbot_description -- -j4 -l4
[2.241s] Invoking command in '/home/parth/Superbot_ws/build/superbot_description': CMAKE_PREFIX_PATH=${CMAKE_PREFIX_PATH}:/opt/ros/humble /usr/bin/cmake --install /home/parth/Superbot_ws/build/superbot_description
[2.252s] -- Install configuration: ""
[2.253s] -- Up-to-date: /home/parth/Superbot_ws/install/superbot_description/share/superbot_description/launch
[2.253s] -- Installing: /home/parth/Superbot_ws/install/superbot_description/share/superbot_description/launch/gazebo_static.launch.py
[2.253s] -- Up-to-date: /home/parth/Superbot_ws/install/superbot_description/share/superbot_description/worlds
[2.253s] -- Up-to-date: /home/parth/Superbot_ws/install/superbot_description/share/superbot_description/worlds/superbot_env.world
[2.253s] -- Up-to-date: /home/parth/Superbot_ws/install/superbot_description/share/superbot_description/worlds/safe_world.world
[2.253s] -- Up-to-date: /home/parth/Superbot_ws/install/superbot_description/share/superbot_description/worlds/warehouse.world
[2.253s] -- Up-to-date: /home/parth/Superbot_ws/install/superbot_description/share/superbot_description/worlds/superbot_static_env.world
[2.253s] -- Installing: /home/parth/Superbot_ws/install/superbot_description/share/ament_index/resource_index/package_run_dependencies/superbot_description
[2.255s] -- Up-to-date: /home/parth/Superbot_ws/install/superbot_description/share/ament_index/resource_index/parent_prefix_path/superbot_description
[2.255s] -- Up-to-date: /home/parth/Superbot_ws/install/superbot_description/share/superbot_description/environment/ament_prefix_path.sh
[2.255s] -- Installing: /home/parth/Superbot_ws/install/superbot_description/share/superbot_description/environment/ament_prefix_path.dsv
[2.255s] -- Up-to-date: /home/parth/Superbot_ws/install/superbot_description/share/superbot_description/environment/path.sh
[2.255s] -- Installing: /home/parth/Superbot_ws/install/superbot_description/share/superbot_description/environment/path.dsv
[2.255s] -- Up-to-date: /home/parth/Superbot_ws/install/superbot_description/share/superbot_description/local_setup.bash
[2.256s] -- Up-to-date: /home/parth/Superbot_ws/install/superbot_description/share/superbot_description/local_setup.sh
[2.256s] -- Up-to-date: /home/parth/Superbot_ws/install/superbot_description/share/superbot_description/local_setup.zsh
[2.258s] -- Installing: /home/parth/Superbot_ws/install/superbot_description/share/superbot_description/local_setup.dsv
[2.260s] -- Installing: /home/parth/Superbot_ws/install/superbot_description/share/superbot_description/package.dsv
[2.260s] -- Up-to-date: /home/parth/Superbot_ws/install/superbot_description/share/ament_index/resource_index/packages/superbot_description
[2.260s] -- Up-to-date: /home/parth/Superbot_ws/install/superbot_description/share/superbot_description/cmake/superbot_descriptionConfig.cmake
[2.260s] -- Up-to-date: /home/parth/Superbot_ws/install/superbot_description/share/superbot_description/cmake/superbot_descriptionConfig-version.cmake
[2.260s] -- Installing: /home/parth/Superbot_ws/install/superbot_description/share/superbot_description/package.xml
[2.266s] Invoked command in '/home/parth/Superbot_ws/build/superbot_description' returned '0': CMAKE_PREFIX_PATH=${CMAKE_PREFIX_PATH}:/opt/ros/humble /usr/bin/cmake --install /home/parth/Superbot_ws/build/superbot_description
