[0.024s] Invoking command in '/home/parth/Superbot_ws/build/superbot_description': CMAKE_PREFIX_PATH=${CMAKE_PREFIX_PATH}:/opt/ros/humble /usr/bin/cmake --build /home/parth/Superbot_ws/build/superbot_description -- -j4 -l4
[0.057s] -- Found ament_cmake: 1.3.10 (/opt/ros/humble/share/ament_cmake/cmake)
[0.162s] -- Found gazebo_ros: 3.7.0 (/opt/ros/humble/share/gazebo_ros/cmake)
[0.193s] -- Found rosidl_generator_c: 3.1.5 (/opt/ros/humble/share/rosidl_generator_c/cmake)
[0.196s] -- Found rosidl_adapter: 3.1.5 (/opt/ros/humble/share/rosidl_adapter/cmake)
[0.204s] -- Found rosidl_generator_cpp: 3.1.5 (/opt/ros/humble/share/rosidl_generator_cpp/cmake)
[0.218s] -- Using all available rosidl_typesupport_c: rosidl_typesupport_fastrtps_c;rosidl_typesupport_introspection_c
[0.275s] -- Using all available rosidl_typesupport_cpp: rosidl_typesupport_fastrtps_cpp;rosidl_typesupport_introspection_cpp
[0.275s] -- Found rmw_implementation_cmake: 6.1.2 (/opt/ros/humble/share/rmw_implementation_cmake/cmake)
[0.275s] -- Found rmw_fastrtps_cpp: 6.2.7 (/opt/ros/humble/share/rmw_fastrtps_cpp/cmake)
[0.351s] -- Using RMW implementation 'rmw_fastrtps_cpp' as default
[0.472s] -- Found DART: /usr/include (Required is at least version "6.6") found components: dart 
[0.522s] -- Found Protobuf: /usr/lib/x86_64-linux-gnu/libprotobuf.so (found version "3.12.4") 
[0.523s] -- Looking for ignition-math6 -- found version 6.15.1
[0.523s] -- Searching for dependencies of ignition-math6
[0.523s] -- Looking for OGRE...
[0.537s] -- Found Ogre Ghadamon (1.9.0)
[0.538s] -- Found OGRE: optimized;/usr/lib/x86_64-linux-gnu/libOgreMain.so;debug;/usr/lib/x86_64-linux-gnu/libOgreMain.so
[0.561s] -- Looking for OGRE_Paging...
[0.561s] -- Found OGRE_Paging: optimized;/usr/lib/x86_64-linux-gnu/libOgrePaging.so;debug;/usr/lib/x86_64-linux-gnu/libOgrePaging.so
[0.561s] -- Looking for OGRE_Terrain...
[0.561s] -- Found OGRE_Terrain: optimized;/usr/lib/x86_64-linux-gnu/libOgreTerrain.so;debug;/usr/lib/x86_64-linux-gnu/libOgreTerrain.so
[0.561s] -- Looking for OGRE_Property...
[0.561s] -- Found OGRE_Property: optimized;/usr/lib/x86_64-linux-gnu/libOgreProperty.so;debug;/usr/lib/x86_64-linux-gnu/libOgreProperty.so
[0.561s] -- Looking for OGRE_RTShaderSystem...
[0.561s] -- Found OGRE_RTShaderSystem: optimized;/usr/lib/x86_64-linux-gnu/libOgreRTShaderSystem.so;debug;/usr/lib/x86_64-linux-gnu/libOgreRTShaderSystem.so
[0.561s] -- Looking for OGRE_Volume...
[0.561s] -- Found OGRE_Volume: optimized;/usr/lib/x86_64-linux-gnu/libOgreVolume.so;debug;/usr/lib/x86_64-linux-gnu/libOgreVolume.so
[0.561s] -- Looking for OGRE_Overlay...
[0.561s] -- Found OGRE_Overlay: optimized;/usr/lib/x86_64-linux-gnu/libOgreOverlay.so;debug;/usr/lib/x86_64-linux-gnu/libOgreOverlay.so
[0.641s] -- Looking for ignition-math6 -- found version 6.15.1
[0.641s] -- Looking for ignition-transport8 -- found version 8.2.1
[0.642s] -- Searching for dependencies of ignition-transport8
[0.662s] -- Found Protobuf: /usr/lib/x86_64-linux-gnu/libprotobuf.so (found suitable version "3.12.4", minimum required is "3") 
[0.671s] -- Config-file not installed for ZeroMQ -- checking for pkg-config
[0.678s] -- Checking for module 'libzmq >= 4'
[0.698s] --   Found libzmq , version 4.3.4
[0.757s] -- Checking for module 'uuid'
[0.788s] --   Found uuid, version 2.37.2
[0.847s] -- Looking for ignition-msgs5 -- found version 5.8.1
[0.847s] -- Searching for dependencies of ignition-msgs5
[0.876s] -- Looking for ignition-math6 -- found version 6.15.1
[0.887s] -- Checking for module 'tinyxml2'
[0.911s] --   Found tinyxml2, version 9.0.0
[0.968s] -- Looking for ignition-msgs5 -- found version 5.8.1
[0.968s] -- Looking for ignition-common3 -- found version 3.14.0
[0.970s] -- Searching for dependencies of ignition-common3
[0.970s] -- Looking for dlfcn.h - found
[0.970s] -- Looking for libdl - found
[0.986s] -- Searching for <ignition-common3> component [graphics]
[0.987s] -- Looking for ignition-common3-graphics -- found version 3.14.0
[0.987s] -- Searching for dependencies of ignition-common3-graphics
[0.987s] -- Looking for ignition-math6 -- found version 6.15.1
[0.988s] -- Looking for ignition-fuel_tools4 -- found version 4.4.0
[0.989s] -- Searching for dependencies of ignition-fuel_tools4
[1.031s] -- Checking for module 'jsoncpp'
[1.050s] --   Found jsoncpp, version 1.9.5
[1.119s] -- Checking for module 'libzip'
[1.137s] --   Found libzip, version 1.7.3
[1.200s] -- Looking for ignition-common3 -- found version 3.14.0
[1.200s] -- Looking for ignition-math6 -- found version 6.15.1
[1.200s] -- Looking for ignition-msgs5 -- found version 5.8.1
[1.200s] -- Gazebo version: 11.10
[1.202s] -- Found ament_lint_auto: 0.12.11 (/opt/ros/humble/share/ament_lint_auto/cmake)
[1.264s] -- Added test 'flake8' to check Python code syntax and style conventions
[1.266s] -- Added test 'lint_cmake' to check CMake code style
[1.266s] -- Added test 'pep257' to check Python code against some of the docstring style conventions in PEP 257
[1.271s] -- Added test 'xmllint' to check XML markup files
[1.271s] -- Configuring done
[1.284s] -- Generating done
[1.302s] -- Build files have been written to: /home/parth/Superbot_ws/build/superbot_description
[1.342s] Invoked command in '/home/parth/Superbot_ws/build/superbot_description' returned '0': CMAKE_PREFIX_PATH=${CMAKE_PREFIX_PATH}:/opt/ros/humble /usr/bin/cmake --build /home/parth/Superbot_ws/build/superbot_description -- -j4 -l4
[1.419s] Invoking command in '/home/parth/Superbot_ws/build/superbot_description': CMAKE_PREFIX_PATH=${CMAKE_PREFIX_PATH}:/opt/ros/humble /usr/bin/cmake --install /home/parth/Superbot_ws/build/superbot_description
[1.427s] -- Install configuration: ""
[1.427s] -- Up-to-date: /home/parth/Superbot_ws/install/superbot_description/share/superbot_description/launch
[1.427s] -- Up-to-date: /home/parth/Superbot_ws/install/superbot_description/share/superbot_description/launch/gazebo_static.launch.py
[1.427s] -- Installing: /home/parth/Superbot_ws/install/superbot_description/share/superbot_description/URDF
[1.427s] -- Installing: /home/parth/Superbot_ws/install/superbot_description/share/superbot_description/URDF/superbot.sdf
[1.429s] -- Installing: /home/parth/Superbot_ws/install/superbot_description/share/superbot_description/URDF/superbot.urdf
[1.430s] -- Installing: /home/parth/Superbot_ws/install/superbot_description/share/superbot_description/URDF/superbot.urdf.xacro
[1.430s] -- Up-to-date: /home/parth/Superbot_ws/install/superbot_description/share/superbot_description/worlds
[1.430s] -- Up-to-date: /home/parth/Superbot_ws/install/superbot_description/share/superbot_description/worlds/superbot_env.world
[1.430s] -- Up-to-date: /home/parth/Superbot_ws/install/superbot_description/share/superbot_description/worlds/safe_world.world
[1.430s] -- Up-to-date: /home/parth/Superbot_ws/install/superbot_description/share/superbot_description/worlds/warehouse.world
[1.430s] -- Up-to-date: /home/parth/Superbot_ws/install/superbot_description/share/superbot_description/worlds/superbot_static_env.world
[1.430s] -- Up-to-date: /home/parth/Superbot_ws/install/superbot_description/share/ament_index/resource_index/package_run_dependencies/superbot_description
[1.430s] -- Up-to-date: /home/parth/Superbot_ws/install/superbot_description/share/ament_index/resource_index/parent_prefix_path/superbot_description
[1.430s] -- Up-to-date: /home/parth/Superbot_ws/install/superbot_description/share/superbot_description/environment/ament_prefix_path.sh
[1.430s] -- Installing: /home/parth/Superbot_ws/install/superbot_description/share/superbot_description/environment/ament_prefix_path.dsv
[1.430s] -- Up-to-date: /home/parth/Superbot_ws/install/superbot_description/share/superbot_description/environment/path.sh
[1.430s] -- Installing: /home/parth/Superbot_ws/install/superbot_description/share/superbot_description/environment/path.dsv
[1.430s] -- Up-to-date: /home/parth/Superbot_ws/install/superbot_description/share/superbot_description/local_setup.bash
[1.430s] -- Up-to-date: /home/parth/Superbot_ws/install/superbot_description/share/superbot_description/local_setup.sh
[1.430s] -- Up-to-date: /home/parth/Superbot_ws/install/superbot_description/share/superbot_description/local_setup.zsh
[1.430s] -- Installing: /home/parth/Superbot_ws/install/superbot_description/share/superbot_description/local_setup.dsv
[1.430s] -- Installing: /home/parth/Superbot_ws/install/superbot_description/share/superbot_description/package.dsv
[1.431s] -- Up-to-date: /home/parth/Superbot_ws/install/superbot_description/share/ament_index/resource_index/packages/superbot_description
[1.431s] -- Up-to-date: /home/parth/Superbot_ws/install/superbot_description/share/superbot_description/cmake/superbot_descriptionConfig.cmake
[1.431s] -- Up-to-date: /home/parth/Superbot_ws/install/superbot_description/share/superbot_description/cmake/superbot_descriptionConfig-version.cmake
[1.431s] -- Up-to-date: /home/parth/Superbot_ws/install/superbot_description/share/superbot_description/package.xml
[1.436s] Invoked command in '/home/parth/Superbot_ws/build/superbot_description' returned '0': CMAKE_PREFIX_PATH=${CMAKE_PREFIX_PATH}:/opt/ros/humble /usr/bin/cmake --install /home/parth/Superbot_ws/build/superbot_description
