[0.312s] DEBUG:colcon:Command line arguments: ['/usr/bin/colcon', 'build']
[0.313s] DEBUG:colcon:Parsed command line arguments: Namespace(log_base=None, log_level=None, verb_name='build', build_base='build', install_base='install', merge_install=False, symlink_install=False, test_result_base=None, continue_on_error=False, executor='parallel', parallel_workers=4, event_handlers=None, ignore_user_meta=False, metas=['./colcon.meta'], base_paths=['.'], packages_ignore=None, packages_ignore_regex=None, paths=None, packages_up_to=None, packages_up_to_regex=None, packages_above=None, packages_above_and_dependencies=None, packages_above_depth=None, packages_select_by_dep=None, packages_skip_by_dep=None, packages_skip_up_to=None, packages_select_build_failed=False, packages_skip_build_finished=False, packages_select_test_failures=False, packages_skip_test_passed=False, packages_select=None, packages_skip=None, packages_select_regex=None, packages_skip_regex=None, packages_start=None, packages_end=None, allow_overriding=[], cmake_args=None, cmake_target=None, cmake_target_skip_unavailable=False, cmake_clean_cache=False, cmake_clean_first=False, cmake_force_configure=False, ament_cmake_args=None, catkin_cmake_args=None, catkin_skip_building_tests=False, mixin_files=None, mixin=None, verb_parser=<colcon_mixin.mixin.mixin_argument.MixinArgumentDecorator object at 0x711ede53b190>, verb_extension=<colcon_core.verb.build.BuildVerb object at 0x711ede53ace0>, main=<bound method BuildVerb.main of <colcon_core.verb.build.BuildVerb object at 0x711ede53ace0>>, mixin_verb=('build',))
[0.462s] Level 1:colcon.colcon_core.package_discovery:discover_packages(colcon_meta) check parameters
[0.465s] Level 1:colcon.colcon_core.package_discovery:discover_packages(recursive) check parameters
[0.468s] Level 1:colcon.colcon_core.package_discovery:discover_packages(ignore) check parameters
[0.470s] Level 1:colcon.colcon_core.package_discovery:discover_packages(path) check parameters
[0.471s] Level 1:colcon.colcon_core.package_discovery:discover_packages(colcon_meta) discover
[0.475s] Level 1:colcon.colcon_core.package_discovery:discover_packages(recursive) discover
[0.475s] INFO:colcon.colcon_core.package_discovery:Crawling recursively for packages in '/home/parth/Superbot_ws'
[0.476s] Level 1:colcon.colcon_core.package_identification:_identify(.) by extensions ['ignore', 'ignore_ament_install']
[0.476s] Level 1:colcon.colcon_core.package_identification:_identify(.) by extension 'ignore'
[0.476s] Level 1:colcon.colcon_core.package_identification:_identify(.) by extension 'ignore_ament_install'
[0.476s] Level 1:colcon.colcon_core.package_identification:_identify(.) by extensions ['colcon_pkg']
[0.476s] Level 1:colcon.colcon_core.package_identification:_identify(.) by extension 'colcon_pkg'
[0.476s] Level 1:colcon.colcon_core.package_identification:_identify(.) by extensions ['colcon_meta']
[0.476s] Level 1:colcon.colcon_core.package_identification:_identify(.) by extension 'colcon_meta'
[0.476s] Level 1:colcon.colcon_core.package_identification:_identify(.) by extensions ['ros']
[0.476s] Level 1:colcon.colcon_core.package_identification:_identify(.) by extension 'ros'
[0.501s] Level 1:colcon.colcon_core.package_identification:_identify(.) by extensions ['cmake', 'python']
[0.506s] Level 1:colcon.colcon_core.package_identification:_identify(.) by extension 'cmake'
[0.510s] Level 1:colcon.colcon_core.package_identification:_identify(.) by extension 'python'
[0.510s] Level 1:colcon.colcon_core.package_identification:_identify(.) by extensions ['python_setup_py']
[0.510s] Level 1:colcon.colcon_core.package_identification:_identify(.) by extension 'python_setup_py'
[0.510s] Level 1:colcon.colcon_core.package_identification:_identify(RL_Algorithms) by extensions ['ignore', 'ignore_ament_install']
[0.511s] Level 1:colcon.colcon_core.package_identification:_identify(RL_Algorithms) by extension 'ignore'
[0.511s] Level 1:colcon.colcon_core.package_identification:_identify(RL_Algorithms) by extension 'ignore_ament_install'
[0.511s] Level 1:colcon.colcon_core.package_identification:_identify(RL_Algorithms) by extensions ['colcon_pkg']
[0.511s] Level 1:colcon.colcon_core.package_identification:_identify(RL_Algorithms) by extension 'colcon_pkg'
[0.511s] Level 1:colcon.colcon_core.package_identification:_identify(RL_Algorithms) by extensions ['colcon_meta']
[0.511s] Level 1:colcon.colcon_core.package_identification:_identify(RL_Algorithms) by extension 'colcon_meta'
[0.511s] Level 1:colcon.colcon_core.package_identification:_identify(RL_Algorithms) by extensions ['ros']
[0.511s] Level 1:colcon.colcon_core.package_identification:_identify(RL_Algorithms) by extension 'ros'
[0.511s] Level 1:colcon.colcon_core.package_identification:_identify(RL_Algorithms) by extensions ['cmake', 'python']
[0.511s] Level 1:colcon.colcon_core.package_identification:_identify(RL_Algorithms) by extension 'cmake'
[0.511s] Level 1:colcon.colcon_core.package_identification:_identify(RL_Algorithms) by extension 'python'
[0.511s] Level 1:colcon.colcon_core.package_identification:_identify(RL_Algorithms) by extensions ['python_setup_py']
[0.511s] Level 1:colcon.colcon_core.package_identification:_identify(RL_Algorithms) by extension 'python_setup_py'
[0.511s] Level 1:colcon.colcon_core.package_identification:_identify(build) by extensions ['ignore', 'ignore_ament_install']
[0.512s] Level 1:colcon.colcon_core.package_identification:_identify(build) by extension 'ignore'
[0.512s] Level 1:colcon.colcon_core.package_identification:_identify(build) ignored
[0.512s] Level 1:colcon.colcon_core.package_identification:_identify(install) by extensions ['ignore', 'ignore_ament_install']
[0.512s] Level 1:colcon.colcon_core.package_identification:_identify(install) by extension 'ignore'
[0.512s] Level 1:colcon.colcon_core.package_identification:_identify(install) ignored
[0.512s] Level 1:colcon.colcon_core.package_identification:_identify(log) by extensions ['ignore', 'ignore_ament_install']
[0.512s] Level 1:colcon.colcon_core.package_identification:_identify(log) by extension 'ignore'
[0.512s] Level 1:colcon.colcon_core.package_identification:_identify(log) ignored
[0.512s] Level 1:colcon.colcon_core.package_identification:_identify(src) by extensions ['ignore', 'ignore_ament_install']
[0.513s] Level 1:colcon.colcon_core.package_identification:_identify(src) by extension 'ignore'
[0.513s] Level 1:colcon.colcon_core.package_identification:_identify(src) by extension 'ignore_ament_install'
[0.513s] Level 1:colcon.colcon_core.package_identification:_identify(src) by extensions ['colcon_pkg']
[0.513s] Level 1:colcon.colcon_core.package_identification:_identify(src) by extension 'colcon_pkg'
[0.513s] Level 1:colcon.colcon_core.package_identification:_identify(src) by extensions ['colcon_meta']
[0.513s] Level 1:colcon.colcon_core.package_identification:_identify(src) by extension 'colcon_meta'
[0.513s] Level 1:colcon.colcon_core.package_identification:_identify(src) by extensions ['ros']
[0.514s] Level 1:colcon.colcon_core.package_identification:_identify(src) by extension 'ros'
[0.517s] Level 1:colcon.colcon_core.package_identification:_identify(src) by extensions ['cmake', 'python']
[0.518s] Level 1:colcon.colcon_core.package_identification:_identify(src) by extension 'cmake'
[0.518s] Level 1:colcon.colcon_core.package_identification:_identify(src) by extension 'python'
[0.518s] Level 1:colcon.colcon_core.package_identification:_identify(src) by extensions ['python_setup_py']
[0.519s] Level 1:colcon.colcon_core.package_identification:_identify(src) by extension 'python_setup_py'
[0.519s] Level 1:colcon.colcon_core.package_identification:_identify(src/superbot_description) by extensions ['ignore', 'ignore_ament_install']
[0.520s] Level 1:colcon.colcon_core.package_identification:_identify(src/superbot_description) by extension 'ignore'
[0.520s] Level 1:colcon.colcon_core.package_identification:_identify(src/superbot_description) by extension 'ignore_ament_install'
[0.520s] Level 1:colcon.colcon_core.package_identification:_identify(src/superbot_description) by extensions ['colcon_pkg']
[0.520s] Level 1:colcon.colcon_core.package_identification:_identify(src/superbot_description) by extension 'colcon_pkg'
[0.520s] Level 1:colcon.colcon_core.package_identification:_identify(src/superbot_description) by extensions ['colcon_meta']
[0.520s] Level 1:colcon.colcon_core.package_identification:_identify(src/superbot_description) by extension 'colcon_meta'
[0.521s] Level 1:colcon.colcon_core.package_identification:_identify(src/superbot_description) by extensions ['ros']
[0.521s] Level 1:colcon.colcon_core.package_identification:_identify(src/superbot_description) by extension 'ros'
[0.531s] DEBUG:colcon.colcon_core.package_identification:Package 'src/superbot_description' with type 'ros.ament_cmake' and name 'superbot_description'
[0.533s] Level 1:colcon.colcon_core.package_discovery:discover_packages(recursive) using defaults
[0.534s] Level 1:colcon.colcon_core.package_discovery:discover_packages(ignore) discover
[0.534s] Level 1:colcon.colcon_core.package_discovery:discover_packages(ignore) using defaults
[0.534s] Level 1:colcon.colcon_core.package_discovery:discover_packages(path) discover
[0.534s] Level 1:colcon.colcon_core.package_discovery:discover_packages(path) using defaults
[0.635s] Level 1:colcon.colcon_core.package_discovery:discover_packages(prefix_path) check parameters
[0.636s] Level 1:colcon.colcon_core.package_discovery:discover_packages(prefix_path) discover
[0.649s] DEBUG:colcon.colcon_installed_package_information.package_discovery:Found 1 installed packages in /home/parth/Superbot_ws/install
[0.655s] DEBUG:colcon.colcon_installed_package_information.package_discovery:Found 471 installed packages in /opt/ros/humble
[0.660s] Level 1:colcon.colcon_core.package_discovery:discover_packages(prefix_path) using defaults
[0.775s] Level 5:colcon.colcon_core.verb:set package 'superbot_description' build argument 'cmake_args' from command line to 'None'
[0.776s] Level 5:colcon.colcon_core.verb:set package 'superbot_description' build argument 'cmake_target' from command line to 'None'
[0.776s] Level 5:colcon.colcon_core.verb:set package 'superbot_description' build argument 'cmake_target_skip_unavailable' from command line to 'False'
[0.776s] Level 5:colcon.colcon_core.verb:set package 'superbot_description' build argument 'cmake_clean_cache' from command line to 'False'
[0.776s] Level 5:colcon.colcon_core.verb:set package 'superbot_description' build argument 'cmake_clean_first' from command line to 'False'
[0.776s] Level 5:colcon.colcon_core.verb:set package 'superbot_description' build argument 'cmake_force_configure' from command line to 'False'
[0.776s] Level 5:colcon.colcon_core.verb:set package 'superbot_description' build argument 'ament_cmake_args' from command line to 'None'
[0.776s] Level 5:colcon.colcon_core.verb:set package 'superbot_description' build argument 'catkin_cmake_args' from command line to 'None'
[0.776s] Level 5:colcon.colcon_core.verb:set package 'superbot_description' build argument 'catkin_skip_building_tests' from command line to 'False'
[0.776s] DEBUG:colcon.colcon_core.verb:Building package 'superbot_description' with the following arguments: {'ament_cmake_args': None, 'build_base': '/home/parth/Superbot_ws/build/superbot_description', 'catkin_cmake_args': None, 'catkin_skip_building_tests': False, 'cmake_args': None, 'cmake_clean_cache': False, 'cmake_clean_first': False, 'cmake_force_configure': False, 'cmake_target': None, 'cmake_target_skip_unavailable': False, 'install_base': '/home/parth/Superbot_ws/install/superbot_description', 'merge_install': False, 'path': '/home/parth/Superbot_ws/src/superbot_description', 'symlink_install': False, 'test_result_base': None}
[0.776s] INFO:colcon.colcon_core.executor:Executing jobs using 'parallel' executor
[0.798s] DEBUG:colcon.colcon_parallel_executor.executor.parallel:run_until_complete
[0.804s] INFO:colcon.colcon_ros.task.ament_cmake.build:Building ROS package in '/home/parth/Superbot_ws/src/superbot_description' with build type 'ament_cmake'
[0.806s] INFO:colcon.colcon_cmake.task.cmake.build:Building CMake package in '/home/parth/Superbot_ws/src/superbot_description'
[0.839s] INFO:colcon.colcon_core.plugin_system:Skipping extension 'colcon_core.shell.bat': Not used on non-Windows systems
[0.843s] INFO:colcon.colcon_core.shell:Skip shell extension 'powershell' for command environment: Not usable outside of PowerShell
[0.844s] DEBUG:colcon.colcon_core.shell:Skip shell extension 'dsv' for command environment
[0.906s] DEBUG:colcon.colcon_core.event_handler.log_command:Invoking command in '/home/parth/Superbot_ws/build/superbot_description': CMAKE_PREFIX_PATH=${CMAKE_PREFIX_PATH}:/opt/ros/humble /usr/bin/cmake --build /home/parth/Superbot_ws/build/superbot_description -- -j4 -l4
[7.905s] DEBUG:colcon.colcon_core.event_handler.log_command:Invoked command in '/home/parth/Superbot_ws/build/superbot_description' returned '0': CMAKE_PREFIX_PATH=${CMAKE_PREFIX_PATH}:/opt/ros/humble /usr/bin/cmake --build /home/parth/Superbot_ws/build/superbot_description -- -j4 -l4
[8.244s] DEBUG:colcon.colcon_core.event_handler.log_command:Invoking command in '/home/parth/Superbot_ws/build/superbot_description': CMAKE_PREFIX_PATH=${CMAKE_PREFIX_PATH}:/opt/ros/humble /usr/bin/cmake --install /home/parth/Superbot_ws/build/superbot_description
[8.290s] Level 1:colcon.colcon_core.environment:create_environment_scripts_only(superbot_description)
[8.366s] DEBUG:colcon.colcon_core.event_handler.log_command:Invoked command in '/home/parth/Superbot_ws/build/superbot_description' returned '0': CMAKE_PREFIX_PATH=${CMAKE_PREFIX_PATH}:/opt/ros/humble /usr/bin/cmake --install /home/parth/Superbot_ws/build/superbot_description
[8.373s] Level 1:colcon.colcon_core.environment:checking '/home/parth/Superbot_ws/install/superbot_description' for CMake module files
[8.377s] Level 1:colcon.colcon_core.environment:checking '/home/parth/Superbot_ws/install/superbot_description' for CMake config files
[8.378s] Level 1:colcon.colcon_core.shell:create_environment_hook('superbot_description', 'cmake_prefix_path')
[8.379s] INFO:colcon.colcon_core.shell:Creating environment hook '/home/parth/Superbot_ws/install/superbot_description/share/superbot_description/hook/cmake_prefix_path.ps1'
[8.390s] INFO:colcon.colcon_core.shell:Creating environment descriptor '/home/parth/Superbot_ws/install/superbot_description/share/superbot_description/hook/cmake_prefix_path.dsv'
[8.400s] INFO:colcon.colcon_core.shell:Creating environment hook '/home/parth/Superbot_ws/install/superbot_description/share/superbot_description/hook/cmake_prefix_path.sh'
[8.408s] Level 1:colcon.colcon_core.environment:checking '/home/parth/Superbot_ws/install/superbot_description/bin'
[8.408s] Level 1:colcon.colcon_core.environment:checking '/home/parth/Superbot_ws/install/superbot_description/lib/pkgconfig/superbot_description.pc'
[8.408s] Level 1:colcon.colcon_core.environment:checking '/home/parth/Superbot_ws/install/superbot_description/lib/python3.10/site-packages'
[8.408s] Level 1:colcon.colcon_core.environment:checking '/home/parth/Superbot_ws/install/superbot_description/bin'
[8.409s] INFO:colcon.colcon_core.shell:Creating package script '/home/parth/Superbot_ws/install/superbot_description/share/superbot_description/package.ps1'
[8.424s] INFO:colcon.colcon_core.shell:Creating package descriptor '/home/parth/Superbot_ws/install/superbot_description/share/superbot_description/package.dsv'
[8.432s] INFO:colcon.colcon_core.shell:Creating package script '/home/parth/Superbot_ws/install/superbot_description/share/superbot_description/package.sh'
[8.437s] INFO:colcon.colcon_core.shell:Creating package script '/home/parth/Superbot_ws/install/superbot_description/share/superbot_description/package.bash'
[8.450s] INFO:colcon.colcon_core.shell:Creating package script '/home/parth/Superbot_ws/install/superbot_description/share/superbot_description/package.zsh'
[8.463s] Level 1:colcon.colcon_core.environment:create_file_with_runtime_dependencies(/home/parth/Superbot_ws/install/superbot_description/share/colcon-core/packages/superbot_description)
[8.650s] Level 1:colcon.colcon_core.environment:create_environment_scripts_only(superbot_description)
[8.652s] Level 1:colcon.colcon_core.environment:checking '/home/parth/Superbot_ws/install/superbot_description' for CMake module files
[8.653s] Level 1:colcon.colcon_core.environment:checking '/home/parth/Superbot_ws/install/superbot_description' for CMake config files
[8.653s] Level 1:colcon.colcon_core.shell:create_environment_hook('superbot_description', 'cmake_prefix_path')
[8.654s] INFO:colcon.colcon_core.shell:Creating environment hook '/home/parth/Superbot_ws/install/superbot_description/share/superbot_description/hook/cmake_prefix_path.ps1'
[8.658s] INFO:colcon.colcon_core.shell:Creating environment descriptor '/home/parth/Superbot_ws/install/superbot_description/share/superbot_description/hook/cmake_prefix_path.dsv'
[8.661s] INFO:colcon.colcon_core.shell:Creating environment hook '/home/parth/Superbot_ws/install/superbot_description/share/superbot_description/hook/cmake_prefix_path.sh'
[8.670s] Level 1:colcon.colcon_core.environment:checking '/home/parth/Superbot_ws/install/superbot_description/bin'
[8.672s] Level 1:colcon.colcon_core.environment:checking '/home/parth/Superbot_ws/install/superbot_description/lib/pkgconfig/superbot_description.pc'
[8.674s] Level 1:colcon.colcon_core.environment:checking '/home/parth/Superbot_ws/install/superbot_description/lib/python3.10/site-packages'
[8.675s] Level 1:colcon.colcon_core.environment:checking '/home/parth/Superbot_ws/install/superbot_description/bin'
[8.675s] INFO:colcon.colcon_core.shell:Creating package script '/home/parth/Superbot_ws/install/superbot_description/share/superbot_description/package.ps1'
[8.676s] INFO:colcon.colcon_core.shell:Creating package descriptor '/home/parth/Superbot_ws/install/superbot_description/share/superbot_description/package.dsv'
[8.685s] INFO:colcon.colcon_core.shell:Creating package script '/home/parth/Superbot_ws/install/superbot_description/share/superbot_description/package.sh'
[8.686s] INFO:colcon.colcon_core.shell:Creating package script '/home/parth/Superbot_ws/install/superbot_description/share/superbot_description/package.bash'
[8.687s] INFO:colcon.colcon_core.shell:Creating package script '/home/parth/Superbot_ws/install/superbot_description/share/superbot_description/package.zsh'
[8.688s] Level 1:colcon.colcon_core.environment:create_file_with_runtime_dependencies(/home/parth/Superbot_ws/install/superbot_description/share/colcon-core/packages/superbot_description)
[8.689s] DEBUG:colcon.colcon_parallel_executor.executor.parallel:closing loop
[8.691s] DEBUG:colcon.colcon_parallel_executor.executor.parallel:loop closed
[8.691s] DEBUG:colcon.colcon_parallel_executor.executor.parallel:run_until_complete finished with '0'
[8.691s] DEBUG:colcon.colcon_core.event_reactor:joining thread
[8.731s] INFO:colcon.colcon_core.plugin_system:Skipping extension 'colcon_notification.desktop_notification.terminal_notifier': Not used on non-Darwin systems
[8.731s] INFO:colcon.colcon_core.plugin_system:Skipping extension 'colcon_notification.desktop_notification.win32': Not used on non-Windows systems
[8.731s] INFO:colcon.colcon_notification.desktop_notification:Sending desktop notification using 'notify2'
[8.918s] DEBUG:colcon.colcon_core.event_reactor:joined thread
[8.918s] INFO:colcon.colcon_core.shell:Creating prefix script '/home/parth/Superbot_ws/install/local_setup.ps1'
[8.921s] INFO:colcon.colcon_core.shell:Creating prefix util module '/home/parth/Superbot_ws/install/_local_setup_util_ps1.py'
[8.924s] INFO:colcon.colcon_core.shell:Creating prefix chain script '/home/parth/Superbot_ws/install/setup.ps1'
[8.927s] INFO:colcon.colcon_core.shell:Creating prefix script '/home/parth/Superbot_ws/install/local_setup.sh'
[8.934s] INFO:colcon.colcon_core.shell:Creating prefix util module '/home/parth/Superbot_ws/install/_local_setup_util_sh.py'
[8.939s] INFO:colcon.colcon_core.shell:Creating prefix chain script '/home/parth/Superbot_ws/install/setup.sh'
[8.944s] INFO:colcon.colcon_core.shell:Creating prefix script '/home/parth/Superbot_ws/install/local_setup.bash'
[8.946s] INFO:colcon.colcon_core.shell:Creating prefix chain script '/home/parth/Superbot_ws/install/setup.bash'
[8.950s] INFO:colcon.colcon_core.shell:Creating prefix script '/home/parth/Superbot_ws/install/local_setup.zsh'
[8.954s] INFO:colcon.colcon_core.shell:Creating prefix chain script '/home/parth/Superbot_ws/install/setup.zsh'
