[0.059s] Invoking command in '/home/parth/Superbot_ws/build/superbot_description': CMAKE_PREFIX_PATH=${CMAKE_PREFIX_PATH}:/opt/ros/humble /usr/bin/cmake --build /home/parth/Superbot_ws/build/superbot_description -- -j4 -l4
[0.120s] -- Found ament_cmake: 1.3.10 (/opt/ros/humble/share/ament_cmake/cmake)
[0.251s] -- Found gazebo_ros: 3.7.0 (/opt/ros/humble/share/gazebo_ros/cmake)
[0.488s] -- Found rosidl_generator_c: 3.1.5 (/opt/ros/humble/share/rosidl_generator_c/cmake)
[0.505s] -- Found rosidl_adapter: 3.1.5 (/opt/ros/humble/share/rosidl_adapter/cmake)
[0.542s] -- Found rosidl_generator_cpp: 3.1.5 (/opt/ros/humble/share/rosidl_generator_cpp/cmake)
[0.604s] -- Using all available rosidl_typesupport_c: rosidl_typesupport_fastrtps_c;rosidl_typesupport_introspection_c
[0.670s] -- Using all available rosidl_typesupport_cpp: rosidl_typesupport_fastrtps_cpp;rosidl_typesupport_introspection_cpp
[0.853s] -- Found rmw_implementation_cmake: 6.1.2 (/opt/ros/humble/share/rmw_implementation_cmake/cmake)
[0.860s] -- Found rmw_fastrtps_cpp: 6.2.7 (/opt/ros/humble/share/rmw_fastrtps_cpp/cmake)
[1.268s] -- Found OpenSSL: /usr/lib/x86_64-linux-gnu/libcrypto.so (found version "3.0.2")  
[1.313s] -- Found FastRTPS: /opt/ros/humble/include  
[1.371s] -- Using RMW implementation 'rmw_fastrtps_cpp' as default
[1.404s] -- Looking for pthread.h
[1.711s] -- Looking for pthread.h - found
[1.711s] -- Performing Test CMAKE_HAVE_LIBC_PTHREAD
[1.836s] -- Performing Test CMAKE_HAVE_LIBC_PTHREAD - Success
[1.837s] -- Found Threads: TRUE  
[1.977s] -- Found PkgConfig: /usr/bin/pkg-config (found version "0.29.2") 
[1.995s] -- Checking for module 'bullet>=2.82'
[2.270s] --   Found bullet, version 3.05
[2.747s] -- Found fcl: /usr/include (found suitable version "0.7.0", minimum required is "0.5.0") 
[2.874s] -- Found assimp: /usr/include (found version "5.2.0") 
[2.963s] -- Found DART: /usr/include (Required is at least version "6.6") found components: dart 
[3.059s] -- Found Boost: /usr/lib/x86_64-linux-gnu/cmake/Boost-1.74.0/BoostConfig.cmake (found suitable version "1.74.0", minimum required is "1.40.0") found components: thread system filesystem program_options regex iostreams date_time 
[3.162s] -- Found Protobuf: /usr/lib/x86_64-linux-gnu/libprotobuf.so (found version "3.12.4") 
[3.185s] -- Looking for ignition-math6 -- found version 6.15.1
[3.308s] -- Searching for dependencies of ignition-math6
[3.343s] -- Looking for OGRE...
[3.344s] -- OGRE_PREFIX_WATCH changed.
[3.351s] -- Checking for module 'OGRE'
[3.427s] --   Found OGRE, version 1.9.0
[3.583s] -- Found Ogre Ghadamon (1.9.0)
[3.599s] -- Found OGRE: optimized;/usr/lib/x86_64-linux-gnu/libOgreMain.so;debug;/usr/lib/x86_64-linux-gnu/libOgreMain.so
[3.613s] -- Looking for OGRE_Paging...
[3.650s] -- Found OGRE_Paging: optimized;/usr/lib/x86_64-linux-gnu/libOgrePaging.so;debug;/usr/lib/x86_64-linux-gnu/libOgrePaging.so
[3.650s] -- Looking for OGRE_Terrain...
[3.650s] -- Found OGRE_Terrain: optimized;/usr/lib/x86_64-linux-gnu/libOgreTerrain.so;debug;/usr/lib/x86_64-linux-gnu/libOgreTerrain.so
[3.651s] -- Looking for OGRE_Property...
[3.662s] -- Found OGRE_Property: optimized;/usr/lib/x86_64-linux-gnu/libOgreProperty.so;debug;/usr/lib/x86_64-linux-gnu/libOgreProperty.so
[3.662s] -- Looking for OGRE_RTShaderSystem...
[3.679s] -- Found OGRE_RTShaderSystem: optimized;/usr/lib/x86_64-linux-gnu/libOgreRTShaderSystem.so;debug;/usr/lib/x86_64-linux-gnu/libOgreRTShaderSystem.so
[3.679s] -- Looking for OGRE_Volume...
[3.679s] -- Found OGRE_Volume: optimized;/usr/lib/x86_64-linux-gnu/libOgreVolume.so;debug;/usr/lib/x86_64-linux-gnu/libOgreVolume.so
[3.679s] -- Looking for OGRE_Overlay...
[3.681s] -- Found OGRE_Overlay: optimized;/usr/lib/x86_64-linux-gnu/libOgreOverlay.so;debug;/usr/lib/x86_64-linux-gnu/libOgreOverlay.so
[3.773s] -- Looking for ignition-math6 -- found version 6.15.1
[3.776s] -- Looking for ignition-transport8 -- found version 8.2.1
[3.777s] -- Searching for dependencies of ignition-transport8
[3.796s] -- Found Protobuf: /usr/lib/x86_64-linux-gnu/libprotobuf.so (found suitable version "3.12.4", minimum required is "3") 
[3.809s] -- Config-file not installed for ZeroMQ -- checking for pkg-config
[3.814s] -- Checking for module 'libzmq >= 4'
[3.871s] --   Found libzmq , version 4.3.4
[3.952s] -- Found ZeroMQ: TRUE (Required is at least version "4") 
[3.972s] -- Checking for module 'uuid'
[3.994s] --   Found uuid, version 2.37.2
[4.151s] -- Found UUID: TRUE  
[4.151s] -- Looking for ignition-msgs5 -- found version 5.8.1
[4.155s] -- Searching for dependencies of ignition-msgs5
[4.209s] -- Looking for ignition-math6 -- found version 6.15.1
[4.225s] -- Checking for module 'tinyxml2'
[4.266s] --   Found tinyxml2, version 9.0.0
[4.364s] -- Looking for ignition-msgs5 -- found version 5.8.1
[4.367s] -- Looking for ignition-common3 -- found version 3.14.0
[4.367s] -- Searching for dependencies of ignition-common3
[4.371s] -- Looking for dlfcn.h - found
[4.373s] -- Looking for libdl - found
[4.374s] -- Found DL: TRUE  
[4.403s] -- Found tinyobjloader: /usr/lib/x86_64-linux-gnu/cmake/tinyobjloader/tinyobjloader-config.cmake (found version "2.0.0") 
[4.403s] -- Searching for <ignition-common3> component [graphics]
[4.404s] -- Looking for ignition-common3-graphics -- found version 3.14.0
[4.404s] -- Searching for dependencies of ignition-common3-graphics
[4.404s] -- Looking for ignition-math6 -- found version 6.15.1
[4.404s] -- Looking for ignition-fuel_tools4 -- found version 4.4.0
[4.405s] -- Searching for dependencies of ignition-fuel_tools4
[4.603s] -- Found CURL: /usr/lib/x86_64-linux-gnu/libcurl.so (found version "7.81.0")  
[4.634s] -- Checking for module 'jsoncpp'
[4.681s] --   Found jsoncpp, version 1.9.5
[4.822s] -- Found JSONCPP: TRUE  
[4.857s] -- Checking for module 'libzip'
[4.920s] --   Found libzip, version 1.7.3
[5.016s] -- Found ZIP: TRUE  
[5.016s] -- Looking for ignition-common3 -- found version 3.14.0
[5.016s] -- Looking for ignition-math6 -- found version 6.15.1
[5.016s] -- Looking for ignition-msgs5 -- found version 5.8.1
[5.023s] -- Gazebo version: 11.10
[5.023s] -- Checking for module 'tbb'
[5.096s] --   Found tbb, version 2021.5.0
[5.218s] -- Found ament_lint_auto: 0.12.11 (/opt/ros/humble/share/ament_lint_auto/cmake)
[5.290s] -- Added test 'flake8' to check Python code syntax and style conventions
[5.290s] -- Added test 'lint_cmake' to check CMake code style
[5.291s] -- Added test 'pep257' to check Python code against some of the docstring style conventions in PEP 257
[5.296s] -- Added test 'xmllint' to check XML markup files
[5.297s] -- Configuring done
[5.307s] -- Generating done
[5.311s] -- Build files have been written to: /home/parth/Superbot_ws/build/superbot_description
[5.349s] Invoked command in '/home/parth/Superbot_ws/build/superbot_description' returned '0': CMAKE_PREFIX_PATH=${CMAKE_PREFIX_PATH}:/opt/ros/humble /usr/bin/cmake --build /home/parth/Superbot_ws/build/superbot_description -- -j4 -l4
[5.452s] Invoking command in '/home/parth/Superbot_ws/build/superbot_description': CMAKE_PREFIX_PATH=${CMAKE_PREFIX_PATH}:/opt/ros/humble /usr/bin/cmake --install /home/parth/Superbot_ws/build/superbot_description
[5.496s] -- Install configuration: ""
[5.518s] -- Installing: /home/parth/Superbot_ws/install/superbot_description/share/superbot_description/launch
[5.518s] -- Installing: /home/parth/Superbot_ws/install/superbot_description/share/superbot_description/launch/gazebo_static_world.launch.py
[5.522s] -- Installing: /home/parth/Superbot_ws/install/superbot_description/share/superbot_description/launch/__pycache__
[5.522s] -- Installing: /home/parth/Superbot_ws/install/superbot_description/share/superbot_description/launch/__pycache__/superbot.launch.cpython-310.pyc
[5.523s] -- Up-to-date: /home/parth/Superbot_ws/install/superbot_description/share/superbot_description/worlds
[5.523s] -- Up-to-date: /home/parth/Superbot_ws/install/superbot_description/share/superbot_description/worlds/superbot_env.world
[5.523s] -- Up-to-date: /home/parth/Superbot_ws/install/superbot_description/share/superbot_description/worlds/safe_world.world
[5.523s] -- Up-to-date: /home/parth/Superbot_ws/install/superbot_description/share/superbot_description/worlds/warehouse.world
[5.523s] -- Up-to-date: /home/parth/Superbot_ws/install/superbot_description/share/superbot_description/worlds/superbot_static_env.world
[5.523s] -- Installing: /home/parth/Superbot_ws/install/superbot_description/share/ament_index/resource_index/package_run_dependencies/superbot_description
[5.523s] -- Up-to-date: /home/parth/Superbot_ws/install/superbot_description/share/ament_index/resource_index/parent_prefix_path/superbot_description
[5.523s] -- Up-to-date: /home/parth/Superbot_ws/install/superbot_description/share/superbot_description/environment/ament_prefix_path.sh
[5.523s] -- Installing: /home/parth/Superbot_ws/install/superbot_description/share/superbot_description/environment/ament_prefix_path.dsv
[5.523s] -- Up-to-date: /home/parth/Superbot_ws/install/superbot_description/share/superbot_description/environment/path.sh
[5.523s] -- Installing: /home/parth/Superbot_ws/install/superbot_description/share/superbot_description/environment/path.dsv
[5.523s] -- Up-to-date: /home/parth/Superbot_ws/install/superbot_description/share/superbot_description/local_setup.bash
[5.523s] -- Up-to-date: /home/parth/Superbot_ws/install/superbot_description/share/superbot_description/local_setup.sh
[5.526s] -- Up-to-date: /home/parth/Superbot_ws/install/superbot_description/share/superbot_description/local_setup.zsh
[5.526s] -- Installing: /home/parth/Superbot_ws/install/superbot_description/share/superbot_description/local_setup.dsv
[5.526s] -- Installing: /home/parth/Superbot_ws/install/superbot_description/share/superbot_description/package.dsv
[5.528s] -- Up-to-date: /home/parth/Superbot_ws/install/superbot_description/share/ament_index/resource_index/packages/superbot_description
[5.530s] -- Up-to-date: /home/parth/Superbot_ws/install/superbot_description/share/superbot_description/cmake/superbot_descriptionConfig.cmake
[5.531s] -- Up-to-date: /home/parth/Superbot_ws/install/superbot_description/share/superbot_description/cmake/superbot_descriptionConfig-version.cmake
[5.531s] -- Installing: /home/parth/Superbot_ws/install/superbot_description/share/superbot_description/package.xml
[5.533s] Invoked command in '/home/parth/Superbot_ws/build/superbot_description' returned '0': CMAKE_PREFIX_PATH=${CMAKE_PREFIX_PATH}:/opt/ros/humble /usr/bin/cmake --install /home/parth/Superbot_ws/build/superbot_description
