[0.055s] Invoking command in '/home/parth/Superbot_ws/build/superbot_description': CMAKE_PREFIX_PATH=${CMAKE_PREFIX_PATH}:/opt/ros/humble /usr/bin/cmake --build /home/parth/Superbot_ws/build/superbot_description -- -j4 -l4
[0.320s] Invoked command in '/home/parth/Superbot_ws/build/superbot_description' returned '0': CMAKE_PREFIX_PATH=${CMAKE_PREFIX_PATH}:/opt/ros/humble /usr/bin/cmake --build /home/parth/Superbot_ws/build/superbot_description -- -j4 -l4
[0.392s] Invoking command in '/home/parth/Superbot_ws/build/superbot_description': CMAKE_PREFIX_PATH=${CMAKE_PREFIX_PATH}:/opt/ros/humble /usr/bin/cmake --install /home/parth/Superbot_ws/build/superbot_description
[0.406s] -- Install configuration: ""
[0.406s] -- Up-to-date: /home/parth/Superbot_ws/install/superbot_description/share/superbot_description/launch
[0.408s] -- Up-to-date: /home/parth/Superbot_ws/install/superbot_description/share/superbot_description/launch/gazebo_env.launch.py
[0.408s] -- Up-to-date: /home/parth/Superbot_ws/install/superbot_description/share/superbot_description/launch/gazebo_static.launch.py
[0.410s] -- Up-to-date: /home/parth/Superbot_ws/install/superbot_description/share/superbot_description/URDF
[0.410s] -- Up-to-date: /home/parth/Superbot_ws/install/superbot_description/share/superbot_description/URDF/superbot.sdf
[0.410s] -- Up-to-date: /home/parth/Superbot_ws/install/superbot_description/share/superbot_description/URDF/superbot.urdf
[0.410s] -- Up-to-date: /home/parth/Superbot_ws/install/superbot_description/share/superbot_description/URDF/superbot.urdf.xacro
[0.414s] -- Up-to-date: /home/parth/Superbot_ws/install/superbot_description/share/superbot_description/models
[0.414s] -- Up-to-date: /home/parth/Superbot_ws/install/superbot_description/share/superbot_description/models/aws_robomaker_warehouse_ShelfF_01
[0.414s] -- Up-to-date: /home/parth/Superbot_ws/install/superbot_description/share/superbot_description/models/aws_robomaker_warehouse_ShelfF_01/meshes
[0.417s] -- Up-to-date: /home/parth/Superbot_ws/install/superbot_description/share/superbot_description/models/aws_robomaker_warehouse_ShelfF_01/meshes/aws_robomaker_warehouse_ShelfF_01_collision.DAE
[0.417s] -- Up-to-date: /home/parth/Superbot_ws/install/superbot_description/share/superbot_description/models/aws_robomaker_warehouse_ShelfF_01/meshes/aws_robomaker_warehouse_ShelfF_01_visual.DAE
[0.417s] -- Up-to-date: /home/parth/Superbot_ws/install/superbot_description/share/superbot_description/models/aws_robomaker_warehouse_ShelfF_01/model.config
[0.417s] -- Up-to-date: /home/parth/Superbot_ws/install/superbot_description/share/superbot_description/models/aws_robomaker_warehouse_ShelfF_01/model.sdf
[0.417s] -- Up-to-date: /home/parth/Superbot_ws/install/superbot_description/share/superbot_description/models/aws_robomaker_warehouse_ShelfF_01/materials
[0.417s] -- Up-to-date: /home/parth/Superbot_ws/install/superbot_description/share/superbot_description/models/aws_robomaker_warehouse_ShelfF_01/materials/textures
[0.418s] -- Up-to-date: /home/parth/Superbot_ws/install/superbot_description/share/superbot_description/models/aws_robomaker_warehouse_ShelfF_01/materials/textures/aws_robomaker_warehouse_ShelfF_03.png
[0.418s] -- Up-to-date: /home/parth/Superbot_ws/install/superbot_description/share/superbot_description/models/aws_robomaker_warehouse_ShelfF_01/materials/textures/aws_robomaker_warehouse_ShelfF_01.png
[0.418s] -- Up-to-date: /home/parth/Superbot_ws/install/superbot_description/share/superbot_description/models/aws_robomaker_warehouse_ShelfF_01/materials/textures/aws_robomaker_warehouse_ShelfF_02.png
[0.418s] -- Up-to-date: /home/parth/Superbot_ws/install/superbot_description/share/superbot_description/models/aws_robomaker_warehouse_Lamp_01
[0.420s] -- Up-to-date: /home/parth/Superbot_ws/install/superbot_description/share/superbot_description/models/aws_robomaker_warehouse_Lamp_01/meshes
[0.421s] -- Up-to-date: /home/parth/Superbot_ws/install/superbot_description/share/superbot_description/models/aws_robomaker_warehouse_Lamp_01/meshes/aws_robomaker_warehouse_Lamp_01_visual.DAE
[0.421s] -- Up-to-date: /home/parth/Superbot_ws/install/superbot_description/share/superbot_description/models/aws_robomaker_warehouse_Lamp_01/meshes/aws_robomaker_warehouse_Lamp_01_collision.DAE
[0.421s] -- Up-to-date: /home/parth/Superbot_ws/install/superbot_description/share/superbot_description/models/aws_robomaker_warehouse_Lamp_01/model.config
[0.422s] -- Up-to-date: /home/parth/Superbot_ws/install/superbot_description/share/superbot_description/models/aws_robomaker_warehouse_Lamp_01/model.sdf
[0.422s] -- Up-to-date: /home/parth/Superbot_ws/install/superbot_description/share/superbot_description/models/aws_robomaker_warehouse_Lamp_01/materials
[0.422s] -- Up-to-date: /home/parth/Superbot_ws/install/superbot_description/share/superbot_description/models/aws_robomaker_warehouse_Lamp_01/materials/textures
[0.424s] -- Up-to-date: /home/parth/Superbot_ws/install/superbot_description/share/superbot_description/models/aws_robomaker_warehouse_Lamp_01/materials/textures/aws_robomaker_warehouse_Lamp_01.png
[0.424s] -- Up-to-date: /home/parth/Superbot_ws/install/superbot_description/share/superbot_description/models/aws_robomaker_warehouse_ShelfD_01
[0.424s] -- Up-to-date: /home/parth/Superbot_ws/install/superbot_description/share/superbot_description/models/aws_robomaker_warehouse_ShelfD_01/model.config
[0.425s] -- Up-to-date: /home/parth/Superbot_ws/install/superbot_description/share/superbot_description/models/aws_robomaker_warehouse_ShelfD_01/model.sdf
[0.425s] -- Up-to-date: /home/parth/Superbot_ws/install/superbot_description/share/superbot_description/models/aws_robomaker_warehouse_ShelfD_01/materials
[0.428s] -- Up-to-date: /home/parth/Superbot_ws/install/superbot_description/share/superbot_description/models/aws_robomaker_warehouse_ShelfD_01/materials/textures
[0.428s] -- Up-to-date: /home/parth/Superbot_ws/install/superbot_description/share/superbot_description/models/aws_robomaker_warehouse_ShelfD_01/materials/textures/aws_robomaker_warehouse_ShelfD_02.png
[0.428s] -- Up-to-date: /home/parth/Superbot_ws/install/superbot_description/share/superbot_description/models/aws_robomaker_warehouse_ShelfD_01/materials/textures/aws_robomaker_warehouse_ShelfD_03.png
[0.428s] -- Up-to-date: /home/parth/Superbot_ws/install/superbot_description/share/superbot_description/models/aws_robomaker_warehouse_ShelfD_01/materials/textures/aws_robomaker_warehouse_ShelfD_04.png
[0.428s] -- Up-to-date: /home/parth/Superbot_ws/install/superbot_description/share/superbot_description/models/aws_robomaker_warehouse_ShelfD_01/materials/textures/aws_robomaker_warehouse_ShelfD_01.png
[0.428s] -- Up-to-date: /home/parth/Superbot_ws/install/superbot_description/share/superbot_description/models/aws_robomaker_warehouse_ClutteringA_01
[0.429s] -- Up-to-date: /home/parth/Superbot_ws/install/superbot_description/share/superbot_description/models/aws_robomaker_warehouse_ClutteringA_01/meshes
[0.433s] -- Up-to-date: /home/parth/Superbot_ws/install/superbot_description/share/superbot_description/models/aws_robomaker_warehouse_ClutteringA_01/meshes/aws_robomaker_warehouse_ClutteringA_01_visual.DAE
[0.434s] -- Up-to-date: /home/parth/Superbot_ws/install/superbot_description/share/superbot_description/models/aws_robomaker_warehouse_ClutteringA_01/meshes/aws_robomaker_warehouse_ClutteringA_01_collision.DAE
[0.434s] -- Up-to-date: /home/parth/Superbot_ws/install/superbot_description/share/superbot_description/models/aws_robomaker_warehouse_ClutteringA_01/model.config
[0.434s] -- Up-to-date: /home/parth/Superbot_ws/install/superbot_description/share/superbot_description/models/aws_robomaker_warehouse_ClutteringA_01/model.sdf
[0.437s] -- Up-to-date: /home/parth/Superbot_ws/install/superbot_description/share/superbot_description/models/aws_robomaker_warehouse_ClutteringA_01/materials
[0.438s] -- Up-to-date: /home/parth/Superbot_ws/install/superbot_description/share/superbot_description/models/aws_robomaker_warehouse_ClutteringA_01/materials/textures
[0.444s] -- Up-to-date: /home/parth/Superbot_ws/install/superbot_description/share/superbot_description/models/aws_robomaker_warehouse_ClutteringA_01/materials/textures/aws_robomaker_warehouse_ClutteringA_03.png
[0.444s] -- Up-to-date: /home/parth/Superbot_ws/install/superbot_description/share/superbot_description/models/aws_robomaker_warehouse_ClutteringA_01/materials/textures/aws_robomaker_warehouse_ClutteringA_01.png
[0.444s] -- Up-to-date: /home/parth/Superbot_ws/install/superbot_description/share/superbot_description/models/aws_robomaker_warehouse_ClutteringA_01/materials/textures/aws_robomaker_warehouse_ClutteringA_02.png
[0.445s] -- Up-to-date: /home/parth/Superbot_ws/install/superbot_description/share/superbot_description/models/aws_robomaker_warehouse_DeskC_01
[0.445s] -- Up-to-date: /home/parth/Superbot_ws/install/superbot_description/share/superbot_description/models/aws_robomaker_warehouse_DeskC_01/meshes
[0.445s] -- Up-to-date: /home/parth/Superbot_ws/install/superbot_description/share/superbot_description/models/aws_robomaker_warehouse_DeskC_01/meshes/aws_robomaker_warehouse_DeskC_01_collision.DAE
[0.445s] -- Up-to-date: /home/parth/Superbot_ws/install/superbot_description/share/superbot_description/models/aws_robomaker_warehouse_DeskC_01/meshes/aws_robomaker_warehouse_DeskC_01_visual.DAE
[0.446s] -- Up-to-date: /home/parth/Superbot_ws/install/superbot_description/share/superbot_description/models/aws_robomaker_warehouse_DeskC_01/model.config
[0.446s] -- Up-to-date: /home/parth/Superbot_ws/install/superbot_description/share/superbot_description/models/aws_robomaker_warehouse_DeskC_01/model.sdf
[0.446s] -- Up-to-date: /home/parth/Superbot_ws/install/superbot_description/share/superbot_description/models/aws_robomaker_warehouse_DeskC_01/materials
[0.447s] -- Up-to-date: /home/parth/Superbot_ws/install/superbot_description/share/superbot_description/models/aws_robomaker_warehouse_DeskC_01/materials/textures
[0.448s] -- Up-to-date: /home/parth/Superbot_ws/install/superbot_description/share/superbot_description/models/aws_robomaker_warehouse_DeskC_01/materials/textures/aws_robomaker_warehouse_DeskC_02.png
[0.449s] -- Up-to-date: /home/parth/Superbot_ws/install/superbot_description/share/superbot_description/models/aws_robomaker_warehouse_DeskC_01/materials/textures/aws_robomaker_warehouse_DeskC_04.png
[0.450s] -- Up-to-date: /home/parth/Superbot_ws/install/superbot_description/share/superbot_description/models/aws_robomaker_warehouse_DeskC_01/materials/textures/aws_robomaker_warehouse_DeskC_03.psd
[0.450s] -- Up-to-date: /home/parth/Superbot_ws/install/superbot_description/share/superbot_description/models/aws_robomaker_warehouse_DeskC_01/materials/textures/aws_robomaker_warehouse_DeskC_01.png
[0.450s] -- Up-to-date: /home/parth/Superbot_ws/install/superbot_description/share/superbot_description/models/aws_robomaker_warehouse_DeskC_01/materials/textures/aws_robomaker_warehouse_DeskC_03.png
[0.450s] -- Up-to-date: /home/parth/Superbot_ws/install/superbot_description/share/superbot_description/models/aws_robomaker_warehouse_GroundB_01
[0.452s] -- Up-to-date: /home/parth/Superbot_ws/install/superbot_description/share/superbot_description/models/aws_robomaker_warehouse_GroundB_01/meshes
[0.454s] -- Up-to-date: /home/parth/Superbot_ws/install/superbot_description/share/superbot_description/models/aws_robomaker_warehouse_GroundB_01/meshes/aws_robomaker_warehouse_GroundB_01_collision.DAE
[0.454s] -- Up-to-date: /home/parth/Superbot_ws/install/superbot_description/share/superbot_description/models/aws_robomaker_warehouse_GroundB_01/meshes/aws_robomaker_warehouse_GroundB_01_visual.DAE
[0.454s] -- Up-to-date: /home/parth/Superbot_ws/install/superbot_description/share/superbot_description/models/aws_robomaker_warehouse_GroundB_01/model.config
[0.454s] -- Up-to-date: /home/parth/Superbot_ws/install/superbot_description/share/superbot_description/models/aws_robomaker_warehouse_GroundB_01/model.sdf
[0.455s] -- Up-to-date: /home/parth/Superbot_ws/install/superbot_description/share/superbot_description/models/aws_robomaker_warehouse_GroundB_01/materials
[0.456s] -- Up-to-date: /home/parth/Superbot_ws/install/superbot_description/share/superbot_description/models/aws_robomaker_warehouse_GroundB_01/materials/textures
[0.458s] -- Up-to-date: /home/parth/Superbot_ws/install/superbot_description/share/superbot_description/models/aws_robomaker_warehouse_GroundB_01/materials/textures/aws_robomaker_warehouse_GroundB_02.png
[0.458s] -- Up-to-date: /home/parth/Superbot_ws/install/superbot_description/share/superbot_description/models/aws_robomaker_warehouse_GroundB_01/materials/textures/aws_robomaker_warehouse_GroundB_01.png
[0.459s] -- Up-to-date: /home/parth/Superbot_ws/install/superbot_description/share/superbot_description/models/aws_robomaker_warehouse_ClutteringD_01
[0.460s] -- Up-to-date: /home/parth/Superbot_ws/install/superbot_description/share/superbot_description/models/aws_robomaker_warehouse_ClutteringD_01/meshes
[0.461s] -- Up-to-date: /home/parth/Superbot_ws/install/superbot_description/share/superbot_description/models/aws_robomaker_warehouse_ClutteringD_01/meshes/aws_robomaker_warehouse_ClutteringD_01_visual.DAE
[0.463s] -- Up-to-date: /home/parth/Superbot_ws/install/superbot_description/share/superbot_description/models/aws_robomaker_warehouse_ClutteringD_01/meshes/aws_robomaker_warehouse_ClutteringD_01_collision.DAE
[0.463s] -- Up-to-date: /home/parth/Superbot_ws/install/superbot_description/share/superbot_description/models/aws_robomaker_warehouse_ClutteringD_01/model.config
[0.463s] -- Up-to-date: /home/parth/Superbot_ws/install/superbot_description/share/superbot_description/models/aws_robomaker_warehouse_ClutteringD_01/model.sdf
[0.463s] -- Up-to-date: /home/parth/Superbot_ws/install/superbot_description/share/superbot_description/models/aws_robomaker_warehouse_ClutteringD_01/materials
[0.463s] -- Up-to-date: /home/parth/Superbot_ws/install/superbot_description/share/superbot_description/models/aws_robomaker_warehouse_ClutteringD_01/materials/textures
[0.464s] -- Up-to-date: /home/parth/Superbot_ws/install/superbot_description/share/superbot_description/models/aws_robomaker_warehouse_ClutteringD_01/materials/textures/aws_robomaker_warehouse_ClutteringD_02.png
[0.465s] -- Up-to-date: /home/parth/Superbot_ws/install/superbot_description/share/superbot_description/models/aws_robomaker_warehouse_ClutteringD_01/materials/textures/aws_robomaker_warehouse_ClutteringD_01.png
[0.465s] -- Up-to-date: /home/parth/Superbot_ws/install/superbot_description/share/superbot_description/models/aws_robomaker_warehouse_ClutteringC_01
[0.466s] -- Up-to-date: /home/parth/Superbot_ws/install/superbot_description/share/superbot_description/models/aws_robomaker_warehouse_ClutteringC_01/meshes
[0.467s] -- Up-to-date: /home/parth/Superbot_ws/install/superbot_description/share/superbot_description/models/aws_robomaker_warehouse_ClutteringC_01/meshes/aws_robomaker_warehouse_ClutteringC_01_visual.DAE
[0.468s] -- Up-to-date: /home/parth/Superbot_ws/install/superbot_description/share/superbot_description/models/aws_robomaker_warehouse_ClutteringC_01/meshes/aws_robomaker_warehouse_ClutteringC_01_collision.DAE
[0.468s] -- Up-to-date: /home/parth/Superbot_ws/install/superbot_description/share/superbot_description/models/aws_robomaker_warehouse_ClutteringC_01/model.config
[0.468s] -- Up-to-date: /home/parth/Superbot_ws/install/superbot_description/share/superbot_description/models/aws_robomaker_warehouse_ClutteringC_01/model.sdf
[0.469s] -- Up-to-date: /home/parth/Superbot_ws/install/superbot_description/share/superbot_description/models/aws_robomaker_warehouse_ClutteringC_01/materials
[0.470s] -- Up-to-date: /home/parth/Superbot_ws/install/superbot_description/share/superbot_description/models/aws_robomaker_warehouse_ClutteringC_01/materials/textures
[0.470s] -- Up-to-date: /home/parth/Superbot_ws/install/superbot_description/share/superbot_description/models/aws_robomaker_warehouse_ClutteringC_01/materials/textures/aws_robomaker_warehouse_ClutteringC_02.png
[0.471s] -- Up-to-date: /home/parth/Superbot_ws/install/superbot_description/share/superbot_description/models/aws_robomaker_warehouse_ClutteringC_01/materials/textures/aws_robomaker_warehouse_ClutteringC_01.png
[0.471s] -- Up-to-date: /home/parth/Superbot_ws/install/superbot_description/share/superbot_description/models/aws_robomaker_warehouse_RoofB_01
[0.472s] -- Up-to-date: /home/parth/Superbot_ws/install/superbot_description/share/superbot_description/models/aws_robomaker_warehouse_RoofB_01/meshes
[0.472s] -- Up-to-date: /home/parth/Superbot_ws/install/superbot_description/share/superbot_description/models/aws_robomaker_warehouse_RoofB_01/meshes/aws_robomaker_warehouse_RoofB_01_visual.DAE
[0.473s] -- Up-to-date: /home/parth/Superbot_ws/install/superbot_description/share/superbot_description/models/aws_robomaker_warehouse_RoofB_01/meshes/aws_robomaker_warehouse_RoofB_01_collision.DAE
[0.473s] -- Up-to-date: /home/parth/Superbot_ws/install/superbot_description/share/superbot_description/models/aws_robomaker_warehouse_RoofB_01/model.config
[0.473s] -- Up-to-date: /home/parth/Superbot_ws/install/superbot_description/share/superbot_description/models/aws_robomaker_warehouse_RoofB_01/model.sdf
[0.473s] -- Up-to-date: /home/parth/Superbot_ws/install/superbot_description/share/superbot_description/models/aws_robomaker_warehouse_RoofB_01/materials
[0.474s] -- Up-to-date: /home/parth/Superbot_ws/install/superbot_description/share/superbot_description/models/aws_robomaker_warehouse_RoofB_01/materials/textures
[0.475s] -- Up-to-date: /home/parth/Superbot_ws/install/superbot_description/share/superbot_description/models/aws_robomaker_warehouse_RoofB_01/materials/textures/aws_robomaker_warehouse_RoofB_01.png
[0.476s] -- Up-to-date: /home/parth/Superbot_ws/install/superbot_description/share/superbot_description/models/aws_robomaker_warehouse_WallB_01
[0.477s] -- Up-to-date: /home/parth/Superbot_ws/install/superbot_description/share/superbot_description/models/aws_robomaker_warehouse_WallB_01/meshes
[0.478s] -- Up-to-date: /home/parth/Superbot_ws/install/superbot_description/share/superbot_description/models/aws_robomaker_warehouse_WallB_01/meshes/aws_robomaker_warehouse_WallB_01_collision.DAE
[0.478s] -- Up-to-date: /home/parth/Superbot_ws/install/superbot_description/share/superbot_description/models/aws_robomaker_warehouse_WallB_01/meshes/aws_robomaker_warehouse_WallB_01_visual.DAE
[0.478s] -- Up-to-date: /home/parth/Superbot_ws/install/superbot_description/share/superbot_description/models/aws_robomaker_warehouse_WallB_01/model.config
[0.479s] -- Up-to-date: /home/parth/Superbot_ws/install/superbot_description/share/superbot_description/models/aws_robomaker_warehouse_WallB_01/model.sdf
[0.479s] -- Up-to-date: /home/parth/Superbot_ws/install/superbot_description/share/superbot_description/models/aws_robomaker_warehouse_WallB_01/materials
[0.479s] -- Up-to-date: /home/parth/Superbot_ws/install/superbot_description/share/superbot_description/models/aws_robomaker_warehouse_WallB_01/materials/textures
[0.480s] -- Up-to-date: /home/parth/Superbot_ws/install/superbot_description/share/superbot_description/models/aws_robomaker_warehouse_WallB_01/materials/textures/aws_robomaker_warehouse_WallB_01.png
[0.481s] -- Up-to-date: /home/parth/Superbot_ws/install/superbot_description/share/superbot_description/models/aws_robomaker_warehouse_ShelfE_01
[0.481s] -- Up-to-date: /home/parth/Superbot_ws/install/superbot_description/share/superbot_description/models/aws_robomaker_warehouse_ShelfE_01/meshes
[0.484s] -- Up-to-date: /home/parth/Superbot_ws/install/superbot_description/share/superbot_description/models/aws_robomaker_warehouse_ShelfE_01/meshes/aws_robomaker_warehouse_ShelfE_01_visual.DAE
[0.487s] -- Up-to-date: /home/parth/Superbot_ws/install/superbot_description/share/superbot_description/models/aws_robomaker_warehouse_ShelfE_01/meshes/aws_robomaker_warehouse_ShelfE_01_collision.DAE
[0.487s] -- Up-to-date: /home/parth/Superbot_ws/install/superbot_description/share/superbot_description/models/aws_robomaker_warehouse_ShelfE_01/model.config
[0.487s] -- Up-to-date: /home/parth/Superbot_ws/install/superbot_description/share/superbot_description/models/aws_robomaker_warehouse_ShelfE_01/model.sdf
[0.487s] -- Up-to-date: /home/parth/Superbot_ws/install/superbot_description/share/superbot_description/models/aws_robomaker_warehouse_ShelfE_01/materials
[0.488s] -- Up-to-date: /home/parth/Superbot_ws/install/superbot_description/share/superbot_description/models/aws_robomaker_warehouse_ShelfE_01/materials/textures
[0.488s] -- Up-to-date: /home/parth/Superbot_ws/install/superbot_description/share/superbot_description/models/aws_robomaker_warehouse_ShelfE_01/materials/textures/aws_robomaker_warehouse_ShelfE_04.png
[0.489s] -- Up-to-date: /home/parth/Superbot_ws/install/superbot_description/share/superbot_description/models/aws_robomaker_warehouse_ShelfE_01/materials/textures/aws_robomaker_warehouse_ShelfE_02.png
[0.489s] -- Up-to-date: /home/parth/Superbot_ws/install/superbot_description/share/superbot_description/models/aws_robomaker_warehouse_ShelfE_01/materials/textures/aws_robomaker_warehouse_ShelfE_03.png
[0.489s] -- Up-to-date: /home/parth/Superbot_ws/install/superbot_description/share/superbot_description/models/aws_robomaker_warehouse_ShelfE_01/materials/textures/aws_robomaker_warehouse_ShelfE_01.png
[0.489s] -- Up-to-date: /home/parth/Superbot_ws/install/superbot_description/share/superbot_description/models/aws_robomaker_warehouse_TrashCanC_01
[0.491s] -- Up-to-date: /home/parth/Superbot_ws/install/superbot_description/share/superbot_description/models/aws_robomaker_warehouse_TrashCanC_01/meshes
[0.493s] -- Up-to-date: /home/parth/Superbot_ws/install/superbot_description/share/superbot_description/models/aws_robomaker_warehouse_TrashCanC_01/meshes/aws_robomaker_warehouse_TrashCanC_01_visual.DAE
[0.495s] -- Up-to-date: /home/parth/Superbot_ws/install/superbot_description/share/superbot_description/models/aws_robomaker_warehouse_TrashCanC_01/meshes/aws_robomaker_warehouse_TrashCanC_01_collision.DAE
[0.496s] -- Up-to-date: /home/parth/Superbot_ws/install/superbot_description/share/superbot_description/models/aws_robomaker_warehouse_TrashCanC_01/model.config
[0.496s] -- Up-to-date: /home/parth/Superbot_ws/install/superbot_description/share/superbot_description/models/aws_robomaker_warehouse_TrashCanC_01/model.sdf
[0.496s] -- Up-to-date: /home/parth/Superbot_ws/install/superbot_description/share/superbot_description/models/aws_robomaker_warehouse_TrashCanC_01/materials
[0.496s] -- Up-to-date: /home/parth/Superbot_ws/install/superbot_description/share/superbot_description/models/aws_robomaker_warehouse_TrashCanC_01/materials/textures
[0.497s] -- Up-to-date: /home/parth/Superbot_ws/install/superbot_description/share/superbot_description/models/aws_robomaker_warehouse_TrashCanC_01/materials/textures/aws_robomaker_warehouse_TrashCanC_01.png
[0.498s] -- Up-to-date: /home/parth/Superbot_ws/install/superbot_description/share/superbot_description/models/aws_robomaker_warehouse_PalletJackB_01
[0.499s] -- Up-to-date: /home/parth/Superbot_ws/install/superbot_description/share/superbot_description/models/aws_robomaker_warehouse_PalletJackB_01/meshes
[0.501s] -- Up-to-date: /home/parth/Superbot_ws/install/superbot_description/share/superbot_description/models/aws_robomaker_warehouse_PalletJackB_01/meshes/aws_robomaker_warehouse_PalletJackB_01_collision.DAE
[0.502s] -- Up-to-date: /home/parth/Superbot_ws/install/superbot_description/share/superbot_description/models/aws_robomaker_warehouse_PalletJackB_01/meshes/aws_robomaker_warehouse_PalletJackB_01_visual.DAE
[0.503s] -- Up-to-date: /home/parth/Superbot_ws/install/superbot_description/share/superbot_description/models/aws_robomaker_warehouse_PalletJackB_01/model.config
[0.503s] -- Up-to-date: /home/parth/Superbot_ws/install/superbot_description/share/superbot_description/models/aws_robomaker_warehouse_PalletJackB_01/model.sdf
[0.503s] -- Up-to-date: /home/parth/Superbot_ws/install/superbot_description/share/superbot_description/models/aws_robomaker_warehouse_PalletJackB_01/materials
[0.503s] -- Up-to-date: /home/parth/Superbot_ws/install/superbot_description/share/superbot_description/models/aws_robomaker_warehouse_PalletJackB_01/materials/textures
[0.505s] -- Up-to-date: /home/parth/Superbot_ws/install/superbot_description/share/superbot_description/models/aws_robomaker_warehouse_PalletJackB_01/materials/textures/aws_robomaker_warehouse_PalletJackB_02.png
[0.505s] -- Up-to-date: /home/parth/Superbot_ws/install/superbot_description/share/superbot_description/models/aws_robomaker_warehouse_PalletJackB_01/materials/textures/aws_robomaker_warehouse_PalletJackB_01.png
[0.505s] -- Up-to-date: /home/parth/Superbot_ws/install/superbot_description/share/superbot_description/worlds
[0.507s] -- Up-to-date: /home/parth/Superbot_ws/install/superbot_description/share/superbot_description/worlds/superbot_env.world
[0.507s] -- Up-to-date: /home/parth/Superbot_ws/install/superbot_description/share/superbot_description/worlds/safe_world.world
[0.507s] -- Up-to-date: /home/parth/Superbot_ws/install/superbot_description/share/superbot_description/worlds/warehouse.world
[0.507s] -- Up-to-date: /home/parth/Superbot_ws/install/superbot_description/share/superbot_description/worlds/superbot_static_env.world
[0.507s] -- Up-to-date: /home/parth/Superbot_ws/install/superbot_description/share/ament_index/resource_index/package_run_dependencies/superbot_description
[0.509s] -- Up-to-date: /home/parth/Superbot_ws/install/superbot_description/share/ament_index/resource_index/parent_prefix_path/superbot_description
[0.509s] -- Up-to-date: /home/parth/Superbot_ws/install/superbot_description/share/superbot_description/environment/ament_prefix_path.sh
[0.510s] -- Up-to-date: /home/parth/Superbot_ws/install/superbot_description/share/superbot_description/environment/ament_prefix_path.dsv
[0.510s] -- Up-to-date: /home/parth/Superbot_ws/install/superbot_description/share/superbot_description/environment/path.sh
[0.510s] -- Up-to-date: /home/parth/Superbot_ws/install/superbot_description/share/superbot_description/environment/path.dsv
[0.510s] -- Up-to-date: /home/parth/Superbot_ws/install/superbot_description/share/superbot_description/local_setup.bash
[0.510s] -- Up-to-date: /home/parth/Superbot_ws/install/superbot_description/share/superbot_description/local_setup.sh
[0.510s] -- Up-to-date: /home/parth/Superbot_ws/install/superbot_description/share/superbot_description/local_setup.zsh
[0.510s] -- Up-to-date: /home/parth/Superbot_ws/install/superbot_description/share/superbot_description/local_setup.dsv
[0.510s] -- Installing: /home/parth/Superbot_ws/install/superbot_description/share/superbot_description/package.dsv
[0.512s] -- Up-to-date: /home/parth/Superbot_ws/install/superbot_description/share/ament_index/resource_index/packages/superbot_description
[0.512s] -- Up-to-date: /home/parth/Superbot_ws/install/superbot_description/share/superbot_description/cmake/superbot_descriptionConfig.cmake
[0.516s] -- Up-to-date: /home/parth/Superbot_ws/install/superbot_description/share/superbot_description/cmake/superbot_descriptionConfig-version.cmake
[0.517s] -- Up-to-date: /home/parth/Superbot_ws/install/superbot_description/share/superbot_description/package.xml
[0.519s] Invoked command in '/home/parth/Superbot_ws/build/superbot_description' returned '0': CMAKE_PREFIX_PATH=${CMAKE_PREFIX_PATH}:/opt/ros/humble /usr/bin/cmake --install /home/parth/Superbot_ws/build/superbot_description
