[0.032s] Invoking command in '/home/parth/Superbot_ws/src/build/superbot_description': CMAKE_PREFIX_PATH=${CMAKE_PREFIX_PATH}:/opt/ros/humble /usr/bin/cmake /home/parth/Superbot_ws/src/superbot_description -DCMAKE_INSTALL_PREFIX=/home/parth/Superbot_ws/src/install/superbot_description
[0.395s] -- The C compiler identification is GNU 11.4.0
[0.561s] -- The CXX compiler identification is GNU 11.4.0
[0.583s] -- Detecting C compiler ABI info
[0.682s] -- Detecting C compiler ABI info - done
[0.688s] -- Check for working C compiler: /usr/bin/cc - skipped
[0.689s] -- Detecting C compile features
[0.691s] -- Detecting C compile features - done
[0.701s] -- Detecting CXX compiler ABI info
[0.805s] -- Detecting CXX compiler ABI info - done
[0.812s] -- Check for working CXX compiler: /usr/bin/c++ - skipped
[0.813s] -- Detecting CXX compile features
[0.813s] -- Detecting CXX compile features - done
[0.830s] -- Found ament_cmake: 1.3.10 (/opt/ros/humble/share/ament_cmake/cmake)
[1.055s] -- Found Python3: /usr/bin/python3 (found version "3.10.12") found components: Interpreter 
[1.332s] -- Found gazebo_ros: 3.7.0 (/opt/ros/humble/share/gazebo_ros/cmake)
[1.547s] -- Found rosidl_generator_c: 3.1.5 (/opt/ros/humble/share/rosidl_generator_c/cmake)
[1.561s] -- Found rosidl_adapter: 3.1.5 (/opt/ros/humble/share/rosidl_adapter/cmake)
[1.587s] -- Found rosidl_generator_cpp: 3.1.5 (/opt/ros/humble/share/rosidl_generator_cpp/cmake)
[1.624s] -- Using all available rosidl_typesupport_c: rosidl_typesupport_fastrtps_c;rosidl_typesupport_introspection_c
[1.664s] -- Using all available rosidl_typesupport_cpp: rosidl_typesupport_fastrtps_cpp;rosidl_typesupport_introspection_cpp
[1.754s] -- Found rmw_implementation_cmake: 6.1.2 (/opt/ros/humble/share/rmw_implementation_cmake/cmake)
[1.765s] -- Found rmw_fastrtps_cpp: 6.2.7 (/opt/ros/humble/share/rmw_fastrtps_cpp/cmake)
[1.941s] -- Found OpenSSL: /usr/lib/x86_64-linux-gnu/libcrypto.so (found version "3.0.2")  
[1.981s] -- Found FastRTPS: /opt/ros/humble/include  
[2.019s] -- Using RMW implementation 'rmw_fastrtps_cpp' as default
[2.041s] -- Looking for pthread.h
[2.199s] -- Looking for pthread.h - found
[2.199s] -- Performing Test CMAKE_HAVE_LIBC_PTHREAD
[2.299s] -- Performing Test CMAKE_HAVE_LIBC_PTHREAD - Success
[2.300s] -- Found Threads: TRUE  
[2.428s] -- Found PkgConfig: /usr/bin/pkg-config (found version "0.29.2") 
[2.430s] -- Checking for module 'bullet>=2.82'
[2.462s] --   Found bullet, version 3.05
[2.658s] -- Found fcl: /usr/include (found suitable version "0.7.0", minimum required is "0.5.0") 
[2.748s] -- Found assimp: /usr/include (found version "5.2.0") 
[2.803s] -- Found DART: /usr/include (Required is at least version "6.6") found components: dart 
[2.860s] -- Found Boost: /usr/lib/x86_64-linux-gnu/cmake/Boost-1.74.0/BoostConfig.cmake (found suitable version "1.74.0", minimum required is "1.40.0") found components: thread system filesystem program_options regex iostreams date_time 
[2.911s] -- Found Protobuf: /usr/lib/x86_64-linux-gnu/libprotobuf.so (found version "3.12.4") 
[2.932s] -- Looking for ignition-math6 -- found version 6.15.1
[2.957s] -- Searching for dependencies of ignition-math6
[2.978s] -- Looking for OGRE...
[2.979s] -- OGRE_PREFIX_WATCH changed.
[2.983s] -- Checking for module 'OGRE'
[2.999s] --   Found OGRE, version 1.9.0
[3.074s] -- Found Ogre Ghadamon (1.9.0)
[3.087s] -- Found OGRE: optimized;/usr/lib/x86_64-linux-gnu/libOgreMain.so;debug;/usr/lib/x86_64-linux-gnu/libOgreMain.so
[3.100s] -- Looking for OGRE_Paging...
[3.106s] -- Found OGRE_Paging: optimized;/usr/lib/x86_64-linux-gnu/libOgrePaging.so;debug;/usr/lib/x86_64-linux-gnu/libOgrePaging.so
[3.107s] -- Looking for OGRE_Terrain...
[3.116s] -- Found OGRE_Terrain: optimized;/usr/lib/x86_64-linux-gnu/libOgreTerrain.so;debug;/usr/lib/x86_64-linux-gnu/libOgreTerrain.so
[3.116s] -- Looking for OGRE_Property...
[3.122s] -- Found OGRE_Property: optimized;/usr/lib/x86_64-linux-gnu/libOgreProperty.so;debug;/usr/lib/x86_64-linux-gnu/libOgreProperty.so
[3.122s] -- Looking for OGRE_RTShaderSystem...
[3.128s] -- Found OGRE_RTShaderSystem: optimized;/usr/lib/x86_64-linux-gnu/libOgreRTShaderSystem.so;debug;/usr/lib/x86_64-linux-gnu/libOgreRTShaderSystem.so
[3.128s] -- Looking for OGRE_Volume...
[3.134s] -- Found OGRE_Volume: optimized;/usr/lib/x86_64-linux-gnu/libOgreVolume.so;debug;/usr/lib/x86_64-linux-gnu/libOgreVolume.so
[3.134s] -- Looking for OGRE_Overlay...
[3.141s] -- Found OGRE_Overlay: optimized;/usr/lib/x86_64-linux-gnu/libOgreOverlay.so;debug;/usr/lib/x86_64-linux-gnu/libOgreOverlay.so
[3.249s] -- Looking for ignition-math6 -- found version 6.15.1
[3.254s] -- Looking for ignition-transport8 -- found version 8.2.1
[3.255s] -- Searching for dependencies of ignition-transport8
[3.271s] -- Found Protobuf: /usr/lib/x86_64-linux-gnu/libprotobuf.so (found suitable version "3.12.4", minimum required is "3") 
[3.282s] -- Config-file not installed for ZeroMQ -- checking for pkg-config
[3.288s] -- Checking for module 'libzmq >= 4'
[3.324s] --   Found libzmq , version 4.3.4
[3.379s] -- Found ZeroMQ: TRUE (Required is at least version "4") 
[3.392s] -- Checking for module 'uuid'
[3.416s] --   Found uuid, version 2.37.2
[3.467s] -- Found UUID: TRUE  
[3.470s] -- Looking for ignition-msgs5 -- found version 5.8.1
[3.470s] -- Searching for dependencies of ignition-msgs5
[3.495s] -- Looking for ignition-math6 -- found version 6.15.1
[3.504s] -- Checking for module 'tinyxml2'
[3.527s] --   Found tinyxml2, version 9.0.0
[3.589s] -- Looking for ignition-msgs5 -- found version 5.8.1
[3.596s] -- Looking for ignition-common3 -- found version 3.14.0
[3.597s] -- Searching for dependencies of ignition-common3
[3.598s] -- Looking for dlfcn.h - found
[3.599s] -- Looking for libdl - found
[3.601s] -- Found DL: TRUE  
[3.619s] -- Found tinyobjloader: /usr/lib/x86_64-linux-gnu/cmake/tinyobjloader/tinyobjloader-config.cmake (found version "2.0.0") 
[3.621s] -- Searching for <ignition-common3> component [graphics]
[3.624s] -- Looking for ignition-common3-graphics -- found version 3.14.0
[3.624s] -- Searching for dependencies of ignition-common3-graphics
[3.625s] -- Looking for ignition-math6 -- found version 6.15.1
[3.631s] -- Looking for ignition-fuel_tools4 -- found version 4.4.0
[3.632s] -- Searching for dependencies of ignition-fuel_tools4
[3.768s] -- Found CURL: /usr/lib/x86_64-linux-gnu/libcurl.so (found version "7.81.0")  
[3.786s] -- Checking for module 'jsoncpp'
[3.818s] --   Found jsoncpp, version 1.9.5
[3.883s] -- Found JSONCPP: TRUE  
[3.890s] -- Checking for module 'libzip'
[3.931s] --   Found libzip, version 1.7.3
[4.011s] -- Found ZIP: TRUE  
[4.011s] -- Looking for ignition-common3 -- found version 3.14.0
[4.012s] -- Looking for ignition-math6 -- found version 6.15.1
[4.013s] -- Looking for ignition-msgs5 -- found version 5.8.1
[4.026s] -- Gazebo version: 11.10
[4.029s] -- Checking for module 'tbb'
[4.050s] --   Found tbb, version 2021.5.0
[4.111s] -- Found ament_lint_auto: 0.12.11 (/opt/ros/humble/share/ament_lint_auto/cmake)
[4.253s] -- Added test 'flake8' to check Python code syntax and style conventions
[4.254s] -- Added test 'lint_cmake' to check CMake code style
[4.256s] -- Added test 'pep257' to check Python code against some of the docstring style conventions in PEP 257
[4.262s] -- Added test 'xmllint' to check XML markup files
[4.265s] -- Configuring done
[4.269s] -- Generating done
[4.272s] -- Build files have been written to: /home/parth/Superbot_ws/src/build/superbot_description
[4.291s] Invoked command in '/home/parth/Superbot_ws/src/build/superbot_description' returned '0': CMAKE_PREFIX_PATH=${CMAKE_PREFIX_PATH}:/opt/ros/humble /usr/bin/cmake /home/parth/Superbot_ws/src/superbot_description -DCMAKE_INSTALL_PREFIX=/home/parth/Superbot_ws/src/install/superbot_description
[4.293s] Invoking command in '/home/parth/Superbot_ws/src/build/superbot_description': CMAKE_PREFIX_PATH=${CMAKE_PREFIX_PATH}:/opt/ros/humble /usr/bin/cmake --build /home/parth/Superbot_ws/src/build/superbot_description -- -j4 -l4
[4.355s] Invoked command in '/home/parth/Superbot_ws/src/build/superbot_description' returned '0': CMAKE_PREFIX_PATH=${CMAKE_PREFIX_PATH}:/opt/ros/humble /usr/bin/cmake --build /home/parth/Superbot_ws/src/build/superbot_description -- -j4 -l4
[4.423s] Invoking command in '/home/parth/Superbot_ws/src/build/superbot_description': CMAKE_PREFIX_PATH=${CMAKE_PREFIX_PATH}:/opt/ros/humble /usr/bin/cmake --install /home/parth/Superbot_ws/src/build/superbot_description
[4.433s] -- Install configuration: ""
[4.433s] -- Installing: /home/parth/Superbot_ws/src/install/superbot_description/share/superbot_description/launch
[4.434s] -- Installing: /home/parth/Superbot_ws/src/install/superbot_description/share/superbot_description/launch/publish_wheel_transforms.py
[4.435s] -- Installing: /home/parth/Superbot_ws/src/install/superbot_description/share/superbot_description/launch/superbot_env.launch.py
[4.435s] -- Installing: /home/parth/Superbot_ws/src/install/superbot_description/share/superbot_description/launch/cartographer.launch.py
[4.436s] -- Installing: /home/parth/Superbot_ws/src/install/superbot_description/share/superbot_description/launch/superbot.launch.py
[4.437s] -- Installing: /home/parth/Superbot_ws/src/install/superbot_description/share/superbot_description/launch/setup.py
[4.438s] -- Installing: /home/parth/Superbot_ws/src/install/superbot_description/share/superbot_description/launch/gazebo_env.launch.py
[4.438s] -- Installing: /home/parth/Superbot_ws/src/install/superbot_description/share/superbot_description/launch/nav.launch.py
[4.438s] -- Installing: /home/parth/Superbot_ws/src/install/superbot_description/share/superbot_description/launch/gazebo_static.launch.py
[4.440s] -- Installing: /home/parth/Superbot_ws/src/install/superbot_description/share/superbot_description/URDF
[4.440s] -- Installing: /home/parth/Superbot_ws/src/install/superbot_description/share/superbot_description/URDF/superbot.sdf
[4.440s] -- Installing: /home/parth/Superbot_ws/src/install/superbot_description/share/superbot_description/URDF/superbot.urdf
[4.440s] -- Installing: /home/parth/Superbot_ws/src/install/superbot_description/share/superbot_description/URDF/superbot.urdf.xacro
[4.442s] -- Installing: /home/parth/Superbot_ws/src/install/superbot_description/share/superbot_description/models
[4.442s] -- Installing: /home/parth/Superbot_ws/src/install/superbot_description/share/superbot_description/models/aws_robomaker_warehouse_ShelfF_01
[4.442s] -- Installing: /home/parth/Superbot_ws/src/install/superbot_description/share/superbot_description/models/aws_robomaker_warehouse_ShelfF_01/meshes
[4.442s] -- Installing: /home/parth/Superbot_ws/src/install/superbot_description/share/superbot_description/models/aws_robomaker_warehouse_ShelfF_01/meshes/aws_robomaker_warehouse_ShelfF_01_collision.DAE
[4.442s] -- Installing: /home/parth/Superbot_ws/src/install/superbot_description/share/superbot_description/models/aws_robomaker_warehouse_ShelfF_01/meshes/aws_robomaker_warehouse_ShelfF_01_visual.DAE
[4.445s] -- Installing: /home/parth/Superbot_ws/src/install/superbot_description/share/superbot_description/models/aws_robomaker_warehouse_ShelfF_01/model.config
[4.446s] -- Installing: /home/parth/Superbot_ws/src/install/superbot_description/share/superbot_description/models/aws_robomaker_warehouse_ShelfF_01/model.sdf
[4.446s] -- Installing: /home/parth/Superbot_ws/src/install/superbot_description/share/superbot_description/models/aws_robomaker_warehouse_ShelfF_01/materials
[4.446s] -- Installing: /home/parth/Superbot_ws/src/install/superbot_description/share/superbot_description/models/aws_robomaker_warehouse_ShelfF_01/materials/textures
[4.446s] -- Installing: /home/parth/Superbot_ws/src/install/superbot_description/share/superbot_description/models/aws_robomaker_warehouse_ShelfF_01/materials/textures/aws_robomaker_warehouse_ShelfF_03.png
[4.449s] -- Installing: /home/parth/Superbot_ws/src/install/superbot_description/share/superbot_description/models/aws_robomaker_warehouse_ShelfF_01/materials/textures/aws_robomaker_warehouse_ShelfF_01.png
[4.450s] -- Installing: /home/parth/Superbot_ws/src/install/superbot_description/share/superbot_description/models/aws_robomaker_warehouse_ShelfF_01/materials/textures/aws_robomaker_warehouse_ShelfF_02.png
[4.452s] -- Installing: /home/parth/Superbot_ws/src/install/superbot_description/share/superbot_description/models/aws_robomaker_warehouse_Lamp_01
[4.452s] -- Installing: /home/parth/Superbot_ws/src/install/superbot_description/share/superbot_description/models/aws_robomaker_warehouse_Lamp_01/meshes
[4.453s] -- Installing: /home/parth/Superbot_ws/src/install/superbot_description/share/superbot_description/models/aws_robomaker_warehouse_Lamp_01/meshes/aws_robomaker_warehouse_Lamp_01_visual.DAE
[4.453s] -- Installing: /home/parth/Superbot_ws/src/install/superbot_description/share/superbot_description/models/aws_robomaker_warehouse_Lamp_01/meshes/aws_robomaker_warehouse_Lamp_01_collision.DAE
[4.454s] -- Installing: /home/parth/Superbot_ws/src/install/superbot_description/share/superbot_description/models/aws_robomaker_warehouse_Lamp_01/model.config
[4.455s] -- Installing: /home/parth/Superbot_ws/src/install/superbot_description/share/superbot_description/models/aws_robomaker_warehouse_Lamp_01/model.sdf
[4.455s] -- Installing: /home/parth/Superbot_ws/src/install/superbot_description/share/superbot_description/models/aws_robomaker_warehouse_Lamp_01/materials
[4.455s] -- Installing: /home/parth/Superbot_ws/src/install/superbot_description/share/superbot_description/models/aws_robomaker_warehouse_Lamp_01/materials/textures
[4.455s] -- Installing: /home/parth/Superbot_ws/src/install/superbot_description/share/superbot_description/models/aws_robomaker_warehouse_Lamp_01/materials/textures/aws_robomaker_warehouse_Lamp_01.png
[4.456s] -- Installing: /home/parth/Superbot_ws/src/install/superbot_description/share/superbot_description/models/aws_robomaker_warehouse_ShelfD_01
[4.456s] -- Installing: /home/parth/Superbot_ws/src/install/superbot_description/share/superbot_description/models/aws_robomaker_warehouse_ShelfD_01/model.config
[4.457s] -- Installing: /home/parth/Superbot_ws/src/install/superbot_description/share/superbot_description/models/aws_robomaker_warehouse_ShelfD_01/model.sdf
[4.457s] -- Installing: /home/parth/Superbot_ws/src/install/superbot_description/share/superbot_description/models/aws_robomaker_warehouse_ShelfD_01/materials
[4.457s] -- Installing: /home/parth/Superbot_ws/src/install/superbot_description/share/superbot_description/models/aws_robomaker_warehouse_ShelfD_01/materials/textures
[4.457s] -- Installing: /home/parth/Superbot_ws/src/install/superbot_description/share/superbot_description/models/aws_robomaker_warehouse_ShelfD_01/materials/textures/aws_robomaker_warehouse_ShelfD_02.png
[4.459s] -- Installing: /home/parth/Superbot_ws/src/install/superbot_description/share/superbot_description/models/aws_robomaker_warehouse_ShelfD_01/materials/textures/aws_robomaker_warehouse_ShelfD_03.png
[4.464s] -- Installing: /home/parth/Superbot_ws/src/install/superbot_description/share/superbot_description/models/aws_robomaker_warehouse_ShelfD_01/materials/textures/aws_robomaker_warehouse_ShelfD_04.png
[4.468s] -- Installing: /home/parth/Superbot_ws/src/install/superbot_description/share/superbot_description/models/aws_robomaker_warehouse_ShelfD_01/materials/textures/aws_robomaker_warehouse_ShelfD_01.png
[4.468s] -- Installing: /home/parth/Superbot_ws/src/install/superbot_description/share/superbot_description/models/aws_robomaker_warehouse_ClutteringA_01
[4.468s] -- Installing: /home/parth/Superbot_ws/src/install/superbot_description/share/superbot_description/models/aws_robomaker_warehouse_ClutteringA_01/meshes
[4.468s] -- Installing: /home/parth/Superbot_ws/src/install/superbot_description/share/superbot_description/models/aws_robomaker_warehouse_ClutteringA_01/meshes/aws_robomaker_warehouse_ClutteringA_01_visual.DAE
[4.469s] -- Installing: /home/parth/Superbot_ws/src/install/superbot_description/share/superbot_description/models/aws_robomaker_warehouse_ClutteringA_01/meshes/aws_robomaker_warehouse_ClutteringA_01_collision.DAE
[4.470s] -- Installing: /home/parth/Superbot_ws/src/install/superbot_description/share/superbot_description/models/aws_robomaker_warehouse_ClutteringA_01/model.config
[4.470s] -- Installing: /home/parth/Superbot_ws/src/install/superbot_description/share/superbot_description/models/aws_robomaker_warehouse_ClutteringA_01/model.sdf
[4.471s] -- Installing: /home/parth/Superbot_ws/src/install/superbot_description/share/superbot_description/models/aws_robomaker_warehouse_ClutteringA_01/materials
[4.471s] -- Installing: /home/parth/Superbot_ws/src/install/superbot_description/share/superbot_description/models/aws_robomaker_warehouse_ClutteringA_01/materials/textures
[4.471s] -- Installing: /home/parth/Superbot_ws/src/install/superbot_description/share/superbot_description/models/aws_robomaker_warehouse_ClutteringA_01/materials/textures/aws_robomaker_warehouse_ClutteringA_03.png
[4.473s] -- Installing: /home/parth/Superbot_ws/src/install/superbot_description/share/superbot_description/models/aws_robomaker_warehouse_ClutteringA_01/materials/textures/aws_robomaker_warehouse_ClutteringA_01.png
[4.475s] -- Installing: /home/parth/Superbot_ws/src/install/superbot_description/share/superbot_description/models/aws_robomaker_warehouse_ClutteringA_01/materials/textures/aws_robomaker_warehouse_ClutteringA_02.png
[4.477s] -- Installing: /home/parth/Superbot_ws/src/install/superbot_description/share/superbot_description/models/aws_robomaker_warehouse_DeskC_01
[4.477s] -- Installing: /home/parth/Superbot_ws/src/install/superbot_description/share/superbot_description/models/aws_robomaker_warehouse_DeskC_01/meshes
[4.477s] -- Installing: /home/parth/Superbot_ws/src/install/superbot_description/share/superbot_description/models/aws_robomaker_warehouse_DeskC_01/meshes/aws_robomaker_warehouse_DeskC_01_collision.DAE
[4.478s] -- Installing: /home/parth/Superbot_ws/src/install/superbot_description/share/superbot_description/models/aws_robomaker_warehouse_DeskC_01/meshes/aws_robomaker_warehouse_DeskC_01_visual.DAE
[4.481s] -- Installing: /home/parth/Superbot_ws/src/install/superbot_description/share/superbot_description/models/aws_robomaker_warehouse_DeskC_01/model.config
[4.481s] -- Installing: /home/parth/Superbot_ws/src/install/superbot_description/share/superbot_description/models/aws_robomaker_warehouse_DeskC_01/model.sdf
[4.482s] -- Installing: /home/parth/Superbot_ws/src/install/superbot_description/share/superbot_description/models/aws_robomaker_warehouse_DeskC_01/materials
[4.482s] -- Installing: /home/parth/Superbot_ws/src/install/superbot_description/share/superbot_description/models/aws_robomaker_warehouse_DeskC_01/materials/textures
[4.482s] -- Installing: /home/parth/Superbot_ws/src/install/superbot_description/share/superbot_description/models/aws_robomaker_warehouse_DeskC_01/materials/textures/aws_robomaker_warehouse_DeskC_02.png
[4.484s] -- Installing: /home/parth/Superbot_ws/src/install/superbot_description/share/superbot_description/models/aws_robomaker_warehouse_DeskC_01/materials/textures/aws_robomaker_warehouse_DeskC_04.png
[4.485s] -- Installing: /home/parth/Superbot_ws/src/install/superbot_description/share/superbot_description/models/aws_robomaker_warehouse_DeskC_01/materials/textures/aws_robomaker_warehouse_DeskC_03.psd
[4.492s] -- Installing: /home/parth/Superbot_ws/src/install/superbot_description/share/superbot_description/models/aws_robomaker_warehouse_DeskC_01/materials/textures/aws_robomaker_warehouse_DeskC_01.png
[4.496s] -- Installing: /home/parth/Superbot_ws/src/install/superbot_description/share/superbot_description/models/aws_robomaker_warehouse_DeskC_01/materials/textures/aws_robomaker_warehouse_DeskC_03.png
[4.497s] -- Installing: /home/parth/Superbot_ws/src/install/superbot_description/share/superbot_description/models/aws_robomaker_warehouse_GroundB_01
[4.497s] -- Installing: /home/parth/Superbot_ws/src/install/superbot_description/share/superbot_description/models/aws_robomaker_warehouse_GroundB_01/meshes
[4.497s] -- Installing: /home/parth/Superbot_ws/src/install/superbot_description/share/superbot_description/models/aws_robomaker_warehouse_GroundB_01/meshes/aws_robomaker_warehouse_GroundB_01_collision.DAE
[4.497s] -- Installing: /home/parth/Superbot_ws/src/install/superbot_description/share/superbot_description/models/aws_robomaker_warehouse_GroundB_01/meshes/aws_robomaker_warehouse_GroundB_01_visual.DAE
[4.499s] -- Installing: /home/parth/Superbot_ws/src/install/superbot_description/share/superbot_description/models/aws_robomaker_warehouse_GroundB_01/model.config
[4.499s] -- Installing: /home/parth/Superbot_ws/src/install/superbot_description/share/superbot_description/models/aws_robomaker_warehouse_GroundB_01/model.sdf
[4.500s] -- Installing: /home/parth/Superbot_ws/src/install/superbot_description/share/superbot_description/models/aws_robomaker_warehouse_GroundB_01/materials
[4.500s] -- Installing: /home/parth/Superbot_ws/src/install/superbot_description/share/superbot_description/models/aws_robomaker_warehouse_GroundB_01/materials/textures
[4.500s] -- Installing: /home/parth/Superbot_ws/src/install/superbot_description/share/superbot_description/models/aws_robomaker_warehouse_GroundB_01/materials/textures/aws_robomaker_warehouse_GroundB_02.png
[4.502s] -- Installing: /home/parth/Superbot_ws/src/install/superbot_description/share/superbot_description/models/aws_robomaker_warehouse_GroundB_01/materials/textures/aws_robomaker_warehouse_GroundB_01.png
[4.515s] -- Installing: /home/parth/Superbot_ws/src/install/superbot_description/share/superbot_description/models/aws_robomaker_warehouse_ClutteringD_01
[4.515s] -- Installing: /home/parth/Superbot_ws/src/install/superbot_description/share/superbot_description/models/aws_robomaker_warehouse_ClutteringD_01/meshes
[4.515s] -- Installing: /home/parth/Superbot_ws/src/install/superbot_description/share/superbot_description/models/aws_robomaker_warehouse_ClutteringD_01/meshes/aws_robomaker_warehouse_ClutteringD_01_visual.DAE
[4.516s] -- Installing: /home/parth/Superbot_ws/src/install/superbot_description/share/superbot_description/models/aws_robomaker_warehouse_ClutteringD_01/meshes/aws_robomaker_warehouse_ClutteringD_01_collision.DAE
[4.519s] -- Installing: /home/parth/Superbot_ws/src/install/superbot_description/share/superbot_description/models/aws_robomaker_warehouse_ClutteringD_01/model.config
[4.519s] -- Installing: /home/parth/Superbot_ws/src/install/superbot_description/share/superbot_description/models/aws_robomaker_warehouse_ClutteringD_01/model.sdf
[4.521s] -- Installing: /home/parth/Superbot_ws/src/install/superbot_description/share/superbot_description/models/aws_robomaker_warehouse_ClutteringD_01/materials
[4.521s] -- Installing: /home/parth/Superbot_ws/src/install/superbot_description/share/superbot_description/models/aws_robomaker_warehouse_ClutteringD_01/materials/textures
[4.521s] -- Installing: /home/parth/Superbot_ws/src/install/superbot_description/share/superbot_description/models/aws_robomaker_warehouse_ClutteringD_01/materials/textures/aws_robomaker_warehouse_ClutteringD_02.png
[4.523s] -- Installing: /home/parth/Superbot_ws/src/install/superbot_description/share/superbot_description/models/aws_robomaker_warehouse_ClutteringD_01/materials/textures/aws_robomaker_warehouse_ClutteringD_01.png
[4.526s] -- Installing: /home/parth/Superbot_ws/src/install/superbot_description/share/superbot_description/models/aws_robomaker_warehouse_ClutteringC_01
[4.526s] -- Installing: /home/parth/Superbot_ws/src/install/superbot_description/share/superbot_description/models/aws_robomaker_warehouse_ClutteringC_01/meshes
[4.526s] -- Installing: /home/parth/Superbot_ws/src/install/superbot_description/share/superbot_description/models/aws_robomaker_warehouse_ClutteringC_01/meshes/aws_robomaker_warehouse_ClutteringC_01_visual.DAE
[4.528s] -- Installing: /home/parth/Superbot_ws/src/install/superbot_description/share/superbot_description/models/aws_robomaker_warehouse_ClutteringC_01/meshes/aws_robomaker_warehouse_ClutteringC_01_collision.DAE
[4.528s] -- Installing: /home/parth/Superbot_ws/src/install/superbot_description/share/superbot_description/models/aws_robomaker_warehouse_ClutteringC_01/model.config
[4.529s] -- Installing: /home/parth/Superbot_ws/src/install/superbot_description/share/superbot_description/models/aws_robomaker_warehouse_ClutteringC_01/model.sdf
[4.529s] -- Installing: /home/parth/Superbot_ws/src/install/superbot_description/share/superbot_description/models/aws_robomaker_warehouse_ClutteringC_01/materials
[4.529s] -- Installing: /home/parth/Superbot_ws/src/install/superbot_description/share/superbot_description/models/aws_robomaker_warehouse_ClutteringC_01/materials/textures
[4.529s] -- Installing: /home/parth/Superbot_ws/src/install/superbot_description/share/superbot_description/models/aws_robomaker_warehouse_ClutteringC_01/materials/textures/aws_robomaker_warehouse_ClutteringC_02.png
[4.532s] -- Installing: /home/parth/Superbot_ws/src/install/superbot_description/share/superbot_description/models/aws_robomaker_warehouse_ClutteringC_01/materials/textures/aws_robomaker_warehouse_ClutteringC_01.png
[4.535s] -- Installing: /home/parth/Superbot_ws/src/install/superbot_description/share/superbot_description/models/aws_robomaker_warehouse_RoofB_01
[4.535s] -- Installing: /home/parth/Superbot_ws/src/install/superbot_description/share/superbot_description/models/aws_robomaker_warehouse_RoofB_01/meshes
[4.535s] -- Installing: /home/parth/Superbot_ws/src/install/superbot_description/share/superbot_description/models/aws_robomaker_warehouse_RoofB_01/meshes/aws_robomaker_warehouse_RoofB_01_visual.DAE
[4.537s] -- Installing: /home/parth/Superbot_ws/src/install/superbot_description/share/superbot_description/models/aws_robomaker_warehouse_RoofB_01/meshes/aws_robomaker_warehouse_RoofB_01_collision.DAE
[4.537s] -- Installing: /home/parth/Superbot_ws/src/install/superbot_description/share/superbot_description/models/aws_robomaker_warehouse_RoofB_01/model.config
[4.538s] -- Installing: /home/parth/Superbot_ws/src/install/superbot_description/share/superbot_description/models/aws_robomaker_warehouse_RoofB_01/model.sdf
[4.539s] -- Installing: /home/parth/Superbot_ws/src/install/superbot_description/share/superbot_description/models/aws_robomaker_warehouse_RoofB_01/materials
[4.539s] -- Installing: /home/parth/Superbot_ws/src/install/superbot_description/share/superbot_description/models/aws_robomaker_warehouse_RoofB_01/materials/textures
[4.539s] -- Installing: /home/parth/Superbot_ws/src/install/superbot_description/share/superbot_description/models/aws_robomaker_warehouse_RoofB_01/materials/textures/aws_robomaker_warehouse_RoofB_01.png
[4.540s] -- Installing: /home/parth/Superbot_ws/src/install/superbot_description/share/superbot_description/models/aws_robomaker_warehouse_WallB_01
[4.540s] -- Installing: /home/parth/Superbot_ws/src/install/superbot_description/share/superbot_description/models/aws_robomaker_warehouse_WallB_01/meshes
[4.541s] -- Installing: /home/parth/Superbot_ws/src/install/superbot_description/share/superbot_description/models/aws_robomaker_warehouse_WallB_01/meshes/aws_robomaker_warehouse_WallB_01_collision.DAE
[4.541s] -- Installing: /home/parth/Superbot_ws/src/install/superbot_description/share/superbot_description/models/aws_robomaker_warehouse_WallB_01/meshes/aws_robomaker_warehouse_WallB_01_visual.DAE
[4.542s] -- Installing: /home/parth/Superbot_ws/src/install/superbot_description/share/superbot_description/models/aws_robomaker_warehouse_WallB_01/model.config
[4.542s] -- Installing: /home/parth/Superbot_ws/src/install/superbot_description/share/superbot_description/models/aws_robomaker_warehouse_WallB_01/model.sdf
[4.543s] -- Installing: /home/parth/Superbot_ws/src/install/superbot_description/share/superbot_description/models/aws_robomaker_warehouse_WallB_01/materials
[4.543s] -- Installing: /home/parth/Superbot_ws/src/install/superbot_description/share/superbot_description/models/aws_robomaker_warehouse_WallB_01/materials/textures
[4.543s] -- Installing: /home/parth/Superbot_ws/src/install/superbot_description/share/superbot_description/models/aws_robomaker_warehouse_WallB_01/materials/textures/aws_robomaker_warehouse_WallB_01.png
[4.545s] -- Installing: /home/parth/Superbot_ws/src/install/superbot_description/share/superbot_description/models/aws_robomaker_warehouse_ShelfE_01
[4.545s] -- Installing: /home/parth/Superbot_ws/src/install/superbot_description/share/superbot_description/models/aws_robomaker_warehouse_ShelfE_01/meshes
[4.545s] -- Installing: /home/parth/Superbot_ws/src/install/superbot_description/share/superbot_description/models/aws_robomaker_warehouse_ShelfE_01/meshes/aws_robomaker_warehouse_ShelfE_01_visual.DAE
[4.547s] -- Installing: /home/parth/Superbot_ws/src/install/superbot_description/share/superbot_description/models/aws_robomaker_warehouse_ShelfE_01/meshes/aws_robomaker_warehouse_ShelfE_01_collision.DAE
[4.548s] -- Installing: /home/parth/Superbot_ws/src/install/superbot_description/share/superbot_description/models/aws_robomaker_warehouse_ShelfE_01/model.config
[4.548s] -- Installing: /home/parth/Superbot_ws/src/install/superbot_description/share/superbot_description/models/aws_robomaker_warehouse_ShelfE_01/model.sdf
[4.549s] -- Installing: /home/parth/Superbot_ws/src/install/superbot_description/share/superbot_description/models/aws_robomaker_warehouse_ShelfE_01/materials
[4.549s] -- Installing: /home/parth/Superbot_ws/src/install/superbot_description/share/superbot_description/models/aws_robomaker_warehouse_ShelfE_01/materials/textures
[4.549s] -- Installing: /home/parth/Superbot_ws/src/install/superbot_description/share/superbot_description/models/aws_robomaker_warehouse_ShelfE_01/materials/textures/aws_robomaker_warehouse_ShelfE_04.png
[4.551s] -- Installing: /home/parth/Superbot_ws/src/install/superbot_description/share/superbot_description/models/aws_robomaker_warehouse_ShelfE_01/materials/textures/aws_robomaker_warehouse_ShelfE_02.png
[4.553s] -- Installing: /home/parth/Superbot_ws/src/install/superbot_description/share/superbot_description/models/aws_robomaker_warehouse_ShelfE_01/materials/textures/aws_robomaker_warehouse_ShelfE_03.png
[4.555s] -- Installing: /home/parth/Superbot_ws/src/install/superbot_description/share/superbot_description/models/aws_robomaker_warehouse_ShelfE_01/materials/textures/aws_robomaker_warehouse_ShelfE_01.png
[4.555s] -- Installing: /home/parth/Superbot_ws/src/install/superbot_description/share/superbot_description/models/aws_robomaker_warehouse_TrashCanC_01
[4.555s] -- Installing: /home/parth/Superbot_ws/src/install/superbot_description/share/superbot_description/models/aws_robomaker_warehouse_TrashCanC_01/meshes
[4.555s] -- Installing: /home/parth/Superbot_ws/src/install/superbot_description/share/superbot_description/models/aws_robomaker_warehouse_TrashCanC_01/meshes/aws_robomaker_warehouse_TrashCanC_01_visual.DAE
[4.557s] -- Installing: /home/parth/Superbot_ws/src/install/superbot_description/share/superbot_description/models/aws_robomaker_warehouse_TrashCanC_01/meshes/aws_robomaker_warehouse_TrashCanC_01_collision.DAE
[4.558s] -- Installing: /home/parth/Superbot_ws/src/install/superbot_description/share/superbot_description/models/aws_robomaker_warehouse_TrashCanC_01/model.config
[4.559s] -- Installing: /home/parth/Superbot_ws/src/install/superbot_description/share/superbot_description/models/aws_robomaker_warehouse_TrashCanC_01/model.sdf
[4.560s] -- Installing: /home/parth/Superbot_ws/src/install/superbot_description/share/superbot_description/models/aws_robomaker_warehouse_TrashCanC_01/materials
[4.560s] -- Installing: /home/parth/Superbot_ws/src/install/superbot_description/share/superbot_description/models/aws_robomaker_warehouse_TrashCanC_01/materials/textures
[4.560s] -- Installing: /home/parth/Superbot_ws/src/install/superbot_description/share/superbot_description/models/aws_robomaker_warehouse_TrashCanC_01/materials/textures/aws_robomaker_warehouse_TrashCanC_01.png
[4.562s] -- Installing: /home/parth/Superbot_ws/src/install/superbot_description/share/superbot_description/models/aws_robomaker_warehouse_PalletJackB_01
[4.562s] -- Installing: /home/parth/Superbot_ws/src/install/superbot_description/share/superbot_description/models/aws_robomaker_warehouse_PalletJackB_01/meshes
[4.562s] -- Installing: /home/parth/Superbot_ws/src/install/superbot_description/share/superbot_description/models/aws_robomaker_warehouse_PalletJackB_01/meshes/aws_robomaker_warehouse_PalletJackB_01_collision.DAE
[4.564s] -- Installing: /home/parth/Superbot_ws/src/install/superbot_description/share/superbot_description/models/aws_robomaker_warehouse_PalletJackB_01/meshes/aws_robomaker_warehouse_PalletJackB_01_visual.DAE
[4.568s] -- Installing: /home/parth/Superbot_ws/src/install/superbot_description/share/superbot_description/models/aws_robomaker_warehouse_PalletJackB_01/model.config
[4.568s] -- Installing: /home/parth/Superbot_ws/src/install/superbot_description/share/superbot_description/models/aws_robomaker_warehouse_PalletJackB_01/model.sdf
[4.570s] -- Installing: /home/parth/Superbot_ws/src/install/superbot_description/share/superbot_description/models/aws_robomaker_warehouse_PalletJackB_01/materials
[4.570s] -- Installing: /home/parth/Superbot_ws/src/install/superbot_description/share/superbot_description/models/aws_robomaker_warehouse_PalletJackB_01/materials/textures
[4.571s] -- Installing: /home/parth/Superbot_ws/src/install/superbot_description/share/superbot_description/models/aws_robomaker_warehouse_PalletJackB_01/materials/textures/aws_robomaker_warehouse_PalletJackB_02.png
[4.571s] -- Installing: /home/parth/Superbot_ws/src/install/superbot_description/share/superbot_description/models/aws_robomaker_warehouse_PalletJackB_01/materials/textures/aws_robomaker_warehouse_PalletJackB_01.png
[4.578s] -- Installing: /home/parth/Superbot_ws/src/install/superbot_description/share/superbot_description/worlds
[4.578s] -- Installing: /home/parth/Superbot_ws/src/install/superbot_description/share/superbot_description/worlds/superbot_env.world
[4.581s] -- Installing: /home/parth/Superbot_ws/src/install/superbot_description/share/superbot_description/worlds/safe_world.world
[4.583s] -- Installing: /home/parth/Superbot_ws/src/install/superbot_description/share/superbot_description/worlds/warehouse.world
[4.588s] -- Installing: /home/parth/Superbot_ws/src/install/superbot_description/share/superbot_description/worlds/superbot_static_env.world
[4.590s] -- Installing: /home/parth/Superbot_ws/src/install/superbot_description/share/superbot_description/rviz
[4.590s] -- Installing: /home/parth/Superbot_ws/src/install/superbot_description/share/superbot_description/rviz/navigation.rviz
[4.591s] -- Installing: /home/parth/Superbot_ws/src/install/superbot_description/share/superbot_description/config
[4.591s] -- Installing: /home/parth/Superbot_ws/src/install/superbot_description/share/superbot_description/config/superbot_cartographer.lua
[4.591s] -- Installing: /home/parth/Superbot_ws/src/install/superbot_description/share/superbot_description/config/diff_drive_controller.yaml
[4.591s] -- Installing: /home/parth/Superbot_ws/src/install/superbot_description/share/superbot_description/config/nav2_params.yaml
[4.592s] -- Installing: /home/parth/Superbot_ws/src/install/superbot_description/share/superbot_description/config/cartographer.lua
[4.592s] -- Installing: /home/parth/Superbot_ws/src/install/superbot_description/share/superbot_description/config/slam_config.yaml
[4.598s] -- Installing: /home/parth/Superbot_ws/src/install/superbot_description/share/ament_index/resource_index/package_run_dependencies/superbot_description
[4.598s] -- Installing: /home/parth/Superbot_ws/src/install/superbot_description/share/ament_index/resource_index/parent_prefix_path/superbot_description
[4.598s] -- Installing: /home/parth/Superbot_ws/src/install/superbot_description/share/superbot_description/environment/ament_prefix_path.sh
[4.598s] -- Installing: /home/parth/Superbot_ws/src/install/superbot_description/share/superbot_description/environment/ament_prefix_path.dsv
[4.598s] -- Installing: /home/parth/Superbot_ws/src/install/superbot_description/share/superbot_description/environment/path.sh
[4.598s] -- Installing: /home/parth/Superbot_ws/src/install/superbot_description/share/superbot_description/environment/path.dsv
[4.599s] -- Installing: /home/parth/Superbot_ws/src/install/superbot_description/share/superbot_description/local_setup.bash
[4.599s] -- Installing: /home/parth/Superbot_ws/src/install/superbot_description/share/superbot_description/local_setup.sh
[4.599s] -- Installing: /home/parth/Superbot_ws/src/install/superbot_description/share/superbot_description/local_setup.zsh
[4.599s] -- Installing: /home/parth/Superbot_ws/src/install/superbot_description/share/superbot_description/local_setup.dsv
[4.599s] -- Installing: /home/parth/Superbot_ws/src/install/superbot_description/share/superbot_description/package.dsv
[4.599s] -- Installing: /home/parth/Superbot_ws/src/install/superbot_description/share/ament_index/resource_index/packages/superbot_description
[4.599s] -- Installing: /home/parth/Superbot_ws/src/install/superbot_description/share/superbot_description/cmake/superbot_descriptionConfig.cmake
[4.600s] -- Installing: /home/parth/Superbot_ws/src/install/superbot_description/share/superbot_description/cmake/superbot_descriptionConfig-version.cmake
[4.600s] -- Installing: /home/parth/Superbot_ws/src/install/superbot_description/share/superbot_description/package.xml
[4.601s] Invoked command in '/home/parth/Superbot_ws/src/build/superbot_description' returned '0': CMAKE_PREFIX_PATH=${CMAKE_PREFIX_PATH}:/opt/ros/humble /usr/bin/cmake --install /home/parth/Superbot_ws/src/build/superbot_description
