[0.026s] Invoking command in '/home/parth/Superbot_ws/build/superbot_description': CMAKE_PREFIX_PATH=${CMAKE_PREFIX_PATH}:/opt/ros/humble /usr/bin/cmake --build /home/parth/Superbot_ws/build/superbot_description -- -j4 -l4
[0.073s] -- Found ament_cmake: 1.3.10 (/opt/ros/humble/share/ament_cmake/cmake)
[0.224s] -- Override CMake install command with custom implementation using symlinks instead of copying resources
[0.286s] -- Found gazebo_ros: 3.7.0 (/opt/ros/humble/share/gazebo_ros/cmake)
[0.365s] -- Found rosidl_generator_c: 3.1.5 (/opt/ros/humble/share/rosidl_generator_c/cmake)
[0.372s] -- Found rosidl_adapter: 3.1.5 (/opt/ros/humble/share/rosidl_adapter/cmake)
[0.388s] -- Found rosidl_generator_cpp: 3.1.5 (/opt/ros/humble/share/rosidl_generator_cpp/cmake)
[0.410s] -- Using all available rosidl_typesupport_c: rosidl_typesupport_fastrtps_c;rosidl_typesupport_introspection_c
[0.455s] -- Using all available rosidl_typesupport_cpp: rosidl_typesupport_fastrtps_cpp;rosidl_typesupport_introspection_cpp
[0.548s] -- Found rmw_implementation_cmake: 6.1.2 (/opt/ros/humble/share/rmw_implementation_cmake/cmake)
[0.556s] -- Found rmw_fastrtps_cpp: 6.2.7 (/opt/ros/humble/share/rmw_fastrtps_cpp/cmake)
[0.696s] -- Using RMW implementation 'rmw_fastrtps_cpp' as default
[0.870s] -- Found DART: /usr/include (Required is at least version "6.6") found components: dart 
[0.928s] -- Found Protobuf: /usr/lib/x86_64-linux-gnu/libprotobuf.so (found version "3.12.4") 
[0.933s] -- Looking for ignition-math6 -- found version 6.15.1
[0.952s] -- Searching for dependencies of ignition-math6
[0.958s] -- Looking for OGRE...
[0.969s] -- Found Ogre Ghadamon (1.9.0)
[0.970s] -- Found OGRE: optimized;/usr/lib/x86_64-linux-gnu/libOgreMain.so;debug;/usr/lib/x86_64-linux-gnu/libOgreMain.so
[0.979s] -- Looking for OGRE_Paging...
[0.979s] -- Found OGRE_Paging: optimized;/usr/lib/x86_64-linux-gnu/libOgrePaging.so;debug;/usr/lib/x86_64-linux-gnu/libOgrePaging.so
[0.979s] -- Looking for OGRE_Terrain...
[0.979s] -- Found OGRE_Terrain: optimized;/usr/lib/x86_64-linux-gnu/libOgreTerrain.so;debug;/usr/lib/x86_64-linux-gnu/libOgreTerrain.so
[0.979s] -- Looking for OGRE_Property...
[0.979s] -- Found OGRE_Property: optimized;/usr/lib/x86_64-linux-gnu/libOgreProperty.so;debug;/usr/lib/x86_64-linux-gnu/libOgreProperty.so
[0.979s] -- Looking for OGRE_RTShaderSystem...
[0.979s] -- Found OGRE_RTShaderSystem: optimized;/usr/lib/x86_64-linux-gnu/libOgreRTShaderSystem.so;debug;/usr/lib/x86_64-linux-gnu/libOgreRTShaderSystem.so
[0.979s] -- Looking for OGRE_Volume...
[0.979s] -- Found OGRE_Volume: optimized;/usr/lib/x86_64-linux-gnu/libOgreVolume.so;debug;/usr/lib/x86_64-linux-gnu/libOgreVolume.so
[0.979s] -- Looking for OGRE_Overlay...
[0.979s] -- Found OGRE_Overlay: optimized;/usr/lib/x86_64-linux-gnu/libOgreOverlay.so;debug;/usr/lib/x86_64-linux-gnu/libOgreOverlay.so
[1.063s] -- Looking for ignition-math6 -- found version 6.15.1
[1.068s] -- Looking for ignition-transport8 -- found version 8.2.1
[1.069s] -- Searching for dependencies of ignition-transport8
[1.086s] -- Found Protobuf: /usr/lib/x86_64-linux-gnu/libprotobuf.so (found suitable version "3.12.4", minimum required is "3") 
[1.097s] -- Config-file not installed for ZeroMQ -- checking for pkg-config
[1.102s] -- Checking for module 'libzmq >= 4'
[1.131s] --   Found libzmq , version 4.3.4
[1.202s] -- Checking for module 'uuid'
[1.222s] --   Found uuid, version 2.37.2
[1.295s] -- Looking for ignition-msgs5 -- found version 5.8.1
[1.295s] -- Searching for dependencies of ignition-msgs5
[1.313s] -- Looking for ignition-math6 -- found version 6.15.1
[1.320s] -- Checking for module 'tinyxml2'
[1.339s] --   Found tinyxml2, version 9.0.0
[1.401s] -- Looking for ignition-msgs5 -- found version 5.8.1
[1.402s] -- Looking for ignition-common3 -- found version 3.14.0
[1.405s] -- Searching for dependencies of ignition-common3
[1.406s] -- Looking for dlfcn.h - found
[1.406s] -- Looking for libdl - found
[1.424s] -- Searching for <ignition-common3> component [graphics]
[1.427s] -- Looking for ignition-common3-graphics -- found version 3.14.0
[1.427s] -- Searching for dependencies of ignition-common3-graphics
[1.427s] -- Looking for ignition-math6 -- found version 6.15.1
[1.431s] -- Looking for ignition-fuel_tools4 -- found version 4.4.0
[1.431s] -- Searching for dependencies of ignition-fuel_tools4
[1.492s] -- Checking for module 'jsoncpp'
[1.513s] --   Found jsoncpp, version 1.9.5
[1.575s] -- Checking for module 'libzip'
[1.600s] --   Found libzip, version 1.7.3
[1.659s] -- Looking for ignition-common3 -- found version 3.14.0
[1.659s] -- Looking for ignition-math6 -- found version 6.15.1
[1.659s] -- Looking for ignition-msgs5 -- found version 5.8.1
[1.666s] -- Gazebo version: 11.10
[1.670s] -- Found ament_lint_auto: 0.12.11 (/opt/ros/humble/share/ament_lint_auto/cmake)
[1.765s] -- Added test 'flake8' to check Python code syntax and style conventions
[1.767s] -- Added test 'lint_cmake' to check CMake code style
[1.769s] -- Added test 'pep257' to check Python code against some of the docstring style conventions in PEP 257
[1.776s] -- Added test 'xmllint' to check XML markup files
[1.779s] -- Configuring done
[1.795s] -- Generating done
[1.797s] -- Build files have been written to: /home/parth/Superbot_ws/build/superbot_description
[1.832s] Invoked command in '/home/parth/Superbot_ws/build/superbot_description' returned '0': CMAKE_PREFIX_PATH=${CMAKE_PREFIX_PATH}:/opt/ros/humble /usr/bin/cmake --build /home/parth/Superbot_ws/build/superbot_description -- -j4 -l4
[1.891s] Invoking command in '/home/parth/Superbot_ws/build/superbot_description': CMAKE_PREFIX_PATH=${CMAKE_PREFIX_PATH}:/opt/ros/humble /usr/bin/cmake --install /home/parth/Superbot_ws/build/superbot_description
[1.899s] -- Install configuration: ""
[1.900s] -- Execute custom install script
[1.900s] -- Up-to-date symlink: /home/parth/Superbot_ws/install/superbot_description/share/superbot_description/launch/cartographer.launch.py
[1.900s] -- Up-to-date symlink: /home/parth/Superbot_ws/install/superbot_description/share/superbot_description/launch/gazebo_env.launch.py
[1.901s] -- Up-to-date symlink: /home/parth/Superbot_ws/install/superbot_description/share/superbot_description/launch/gazebo_static.launch.py
[1.902s] -- Up-to-date symlink: /home/parth/Superbot_ws/install/superbot_description/share/superbot_description/launch/nav.launch.py
[1.902s] -- Up-to-date symlink: /home/parth/Superbot_ws/install/superbot_description/share/superbot_description/launch/publish_wheel_transforms.py
[1.903s] -- Up-to-date symlink: /home/parth/Superbot_ws/install/superbot_description/share/superbot_description/launch/setup.py
[1.903s] -- Up-to-date symlink: /home/parth/Superbot_ws/install/superbot_description/share/superbot_description/launch/superbot.launch.py
[1.903s] -- Up-to-date symlink: /home/parth/Superbot_ws/install/superbot_description/share/superbot_description/launch/superbot_env.launch.py
[1.903s] -- Up-to-date symlink: /home/parth/Superbot_ws/install/superbot_description/share/superbot_description/URDF/superbot.sdf
[1.903s] -- Up-to-date symlink: /home/parth/Superbot_ws/install/superbot_description/share/superbot_description/URDF/superbot.urdf
[1.903s] -- Up-to-date symlink: /home/parth/Superbot_ws/install/superbot_description/share/superbot_description/URDF/superbot.urdf.xacro
[1.903s] -- Up-to-date symlink: /home/parth/Superbot_ws/install/superbot_description/share/superbot_description/models/aws_robomaker_warehouse_ClutteringA_01/materials/textures/aws_robomaker_warehouse_ClutteringA_01.png
[1.903s] -- Up-to-date symlink: /home/parth/Superbot_ws/install/superbot_description/share/superbot_description/models/aws_robomaker_warehouse_ClutteringA_01/materials/textures/aws_robomaker_warehouse_ClutteringA_02.png
[1.905s] -- Up-to-date symlink: /home/parth/Superbot_ws/install/superbot_description/share/superbot_description/models/aws_robomaker_warehouse_ClutteringA_01/materials/textures/aws_robomaker_warehouse_ClutteringA_03.png
[1.906s] -- Up-to-date symlink: /home/parth/Superbot_ws/install/superbot_description/share/superbot_description/models/aws_robomaker_warehouse_ClutteringA_01/meshes/aws_robomaker_warehouse_ClutteringA_01_collision.DAE
[1.906s] -- Up-to-date symlink: /home/parth/Superbot_ws/install/superbot_description/share/superbot_description/models/aws_robomaker_warehouse_ClutteringA_01/meshes/aws_robomaker_warehouse_ClutteringA_01_visual.DAE
[1.906s] -- Up-to-date symlink: /home/parth/Superbot_ws/install/superbot_description/share/superbot_description/models/aws_robomaker_warehouse_ClutteringA_01/model.config
[1.906s] -- Up-to-date symlink: /home/parth/Superbot_ws/install/superbot_description/share/superbot_description/models/aws_robomaker_warehouse_ClutteringA_01/model.sdf
[1.906s] -- Up-to-date symlink: /home/parth/Superbot_ws/install/superbot_description/share/superbot_description/models/aws_robomaker_warehouse_ClutteringC_01/materials/textures/aws_robomaker_warehouse_ClutteringC_01.png
[1.906s] -- Up-to-date symlink: /home/parth/Superbot_ws/install/superbot_description/share/superbot_description/models/aws_robomaker_warehouse_ClutteringC_01/materials/textures/aws_robomaker_warehouse_ClutteringC_02.png
[1.906s] -- Up-to-date symlink: /home/parth/Superbot_ws/install/superbot_description/share/superbot_description/models/aws_robomaker_warehouse_ClutteringC_01/meshes/aws_robomaker_warehouse_ClutteringC_01_collision.DAE
[1.906s] -- Up-to-date symlink: /home/parth/Superbot_ws/install/superbot_description/share/superbot_description/models/aws_robomaker_warehouse_ClutteringC_01/meshes/aws_robomaker_warehouse_ClutteringC_01_visual.DAE
[1.906s] -- Up-to-date symlink: /home/parth/Superbot_ws/install/superbot_description/share/superbot_description/models/aws_robomaker_warehouse_ClutteringC_01/model.config
[1.906s] -- Up-to-date symlink: /home/parth/Superbot_ws/install/superbot_description/share/superbot_description/models/aws_robomaker_warehouse_ClutteringC_01/model.sdf
[1.906s] -- Up-to-date symlink: /home/parth/Superbot_ws/install/superbot_description/share/superbot_description/models/aws_robomaker_warehouse_ClutteringD_01/materials/textures/aws_robomaker_warehouse_ClutteringD_01.png
[1.906s] -- Up-to-date symlink: /home/parth/Superbot_ws/install/superbot_description/share/superbot_description/models/aws_robomaker_warehouse_ClutteringD_01/materials/textures/aws_robomaker_warehouse_ClutteringD_02.png
[1.906s] -- Up-to-date symlink: /home/parth/Superbot_ws/install/superbot_description/share/superbot_description/models/aws_robomaker_warehouse_ClutteringD_01/meshes/aws_robomaker_warehouse_ClutteringD_01_collision.DAE
[1.906s] -- Up-to-date symlink: /home/parth/Superbot_ws/install/superbot_description/share/superbot_description/models/aws_robomaker_warehouse_ClutteringD_01/meshes/aws_robomaker_warehouse_ClutteringD_01_visual.DAE
[1.906s] -- Up-to-date symlink: /home/parth/Superbot_ws/install/superbot_description/share/superbot_description/models/aws_robomaker_warehouse_ClutteringD_01/model.config
[1.906s] -- Up-to-date symlink: /home/parth/Superbot_ws/install/superbot_description/share/superbot_description/models/aws_robomaker_warehouse_ClutteringD_01/model.sdf
[1.906s] -- Up-to-date symlink: /home/parth/Superbot_ws/install/superbot_description/share/superbot_description/models/aws_robomaker_warehouse_DeskC_01/materials/textures/aws_robomaker_warehouse_DeskC_01.png
[1.906s] -- Up-to-date symlink: /home/parth/Superbot_ws/install/superbot_description/share/superbot_description/models/aws_robomaker_warehouse_DeskC_01/materials/textures/aws_robomaker_warehouse_DeskC_02.png
[1.906s] -- Up-to-date symlink: /home/parth/Superbot_ws/install/superbot_description/share/superbot_description/models/aws_robomaker_warehouse_DeskC_01/materials/textures/aws_robomaker_warehouse_DeskC_03.png
[1.906s] -- Up-to-date symlink: /home/parth/Superbot_ws/install/superbot_description/share/superbot_description/models/aws_robomaker_warehouse_DeskC_01/materials/textures/aws_robomaker_warehouse_DeskC_03.psd
[1.906s] -- Up-to-date symlink: /home/parth/Superbot_ws/install/superbot_description/share/superbot_description/models/aws_robomaker_warehouse_DeskC_01/materials/textures/aws_robomaker_warehouse_DeskC_04.png
[1.906s] -- Up-to-date symlink: /home/parth/Superbot_ws/install/superbot_description/share/superbot_description/models/aws_robomaker_warehouse_DeskC_01/meshes/aws_robomaker_warehouse_DeskC_01_collision.DAE
[1.907s] -- Up-to-date symlink: /home/parth/Superbot_ws/install/superbot_description/share/superbot_description/models/aws_robomaker_warehouse_DeskC_01/meshes/aws_robomaker_warehouse_DeskC_01_visual.DAE
[1.907s] -- Up-to-date symlink: /home/parth/Superbot_ws/install/superbot_description/share/superbot_description/models/aws_robomaker_warehouse_DeskC_01/model.config
[1.907s] -- Up-to-date symlink: /home/parth/Superbot_ws/install/superbot_description/share/superbot_description/models/aws_robomaker_warehouse_DeskC_01/model.sdf
[1.907s] -- Up-to-date symlink: /home/parth/Superbot_ws/install/superbot_description/share/superbot_description/models/aws_robomaker_warehouse_GroundB_01/materials/textures/aws_robomaker_warehouse_GroundB_01.png
[1.907s] -- Up-to-date symlink: /home/parth/Superbot_ws/install/superbot_description/share/superbot_description/models/aws_robomaker_warehouse_GroundB_01/materials/textures/aws_robomaker_warehouse_GroundB_02.png
[1.907s] -- Up-to-date symlink: /home/parth/Superbot_ws/install/superbot_description/share/superbot_description/models/aws_robomaker_warehouse_GroundB_01/meshes/aws_robomaker_warehouse_GroundB_01_collision.DAE
[1.907s] -- Up-to-date symlink: /home/parth/Superbot_ws/install/superbot_description/share/superbot_description/models/aws_robomaker_warehouse_GroundB_01/meshes/aws_robomaker_warehouse_GroundB_01_visual.DAE
[1.907s] -- Up-to-date symlink: /home/parth/Superbot_ws/install/superbot_description/share/superbot_description/models/aws_robomaker_warehouse_GroundB_01/model.config
[1.907s] -- Up-to-date symlink: /home/parth/Superbot_ws/install/superbot_description/share/superbot_description/models/aws_robomaker_warehouse_GroundB_01/model.sdf
[1.908s] -- Up-to-date symlink: /home/parth/Superbot_ws/install/superbot_description/share/superbot_description/models/aws_robomaker_warehouse_Lamp_01/materials/textures/aws_robomaker_warehouse_Lamp_01.png
[1.908s] -- Up-to-date symlink: /home/parth/Superbot_ws/install/superbot_description/share/superbot_description/models/aws_robomaker_warehouse_Lamp_01/meshes/aws_robomaker_warehouse_Lamp_01_collision.DAE
[1.908s] -- Up-to-date symlink: /home/parth/Superbot_ws/install/superbot_description/share/superbot_description/models/aws_robomaker_warehouse_Lamp_01/meshes/aws_robomaker_warehouse_Lamp_01_visual.DAE
[1.908s] -- Up-to-date symlink: /home/parth/Superbot_ws/install/superbot_description/share/superbot_description/models/aws_robomaker_warehouse_Lamp_01/model.config
[1.909s] -- Up-to-date symlink: /home/parth/Superbot_ws/install/superbot_description/share/superbot_description/models/aws_robomaker_warehouse_Lamp_01/model.sdf
[1.909s] -- Up-to-date symlink: /home/parth/Superbot_ws/install/superbot_description/share/superbot_description/models/aws_robomaker_warehouse_PalletJackB_01/materials/textures/aws_robomaker_warehouse_PalletJackB_01.png
[1.909s] -- Up-to-date symlink: /home/parth/Superbot_ws/install/superbot_description/share/superbot_description/models/aws_robomaker_warehouse_PalletJackB_01/materials/textures/aws_robomaker_warehouse_PalletJackB_02.png
[1.909s] -- Up-to-date symlink: /home/parth/Superbot_ws/install/superbot_description/share/superbot_description/models/aws_robomaker_warehouse_PalletJackB_01/meshes/aws_robomaker_warehouse_PalletJackB_01_collision.DAE
[1.909s] -- Up-to-date symlink: /home/parth/Superbot_ws/install/superbot_description/share/superbot_description/models/aws_robomaker_warehouse_PalletJackB_01/meshes/aws_robomaker_warehouse_PalletJackB_01_visual.DAE
[1.909s] -- Up-to-date symlink: /home/parth/Superbot_ws/install/superbot_description/share/superbot_description/models/aws_robomaker_warehouse_PalletJackB_01/model.config
[1.910s] -- Up-to-date symlink: /home/parth/Superbot_ws/install/superbot_description/share/superbot_description/models/aws_robomaker_warehouse_PalletJackB_01/model.sdf
[1.910s] -- Up-to-date symlink: /home/parth/Superbot_ws/install/superbot_description/share/superbot_description/models/aws_robomaker_warehouse_RoofB_01/materials/textures/aws_robomaker_warehouse_RoofB_01.png
[1.910s] -- Up-to-date symlink: /home/parth/Superbot_ws/install/superbot_description/share/superbot_description/models/aws_robomaker_warehouse_RoofB_01/meshes/aws_robomaker_warehouse_RoofB_01_collision.DAE
[1.910s] -- Up-to-date symlink: /home/parth/Superbot_ws/install/superbot_description/share/superbot_description/models/aws_robomaker_warehouse_RoofB_01/meshes/aws_robomaker_warehouse_RoofB_01_visual.DAE
[1.910s] -- Up-to-date symlink: /home/parth/Superbot_ws/install/superbot_description/share/superbot_description/models/aws_robomaker_warehouse_RoofB_01/model.config
[1.910s] -- Up-to-date symlink: /home/parth/Superbot_ws/install/superbot_description/share/superbot_description/models/aws_robomaker_warehouse_RoofB_01/model.sdf
[1.911s] -- Up-to-date symlink: /home/parth/Superbot_ws/install/superbot_description/share/superbot_description/models/aws_robomaker_warehouse_ShelfD_01/materials/textures/aws_robomaker_warehouse_ShelfD_01.png
[1.911s] -- Up-to-date symlink: /home/parth/Superbot_ws/install/superbot_description/share/superbot_description/models/aws_robomaker_warehouse_ShelfD_01/materials/textures/aws_robomaker_warehouse_ShelfD_02.png
[1.911s] -- Up-to-date symlink: /home/parth/Superbot_ws/install/superbot_description/share/superbot_description/models/aws_robomaker_warehouse_ShelfD_01/materials/textures/aws_robomaker_warehouse_ShelfD_03.png
[1.911s] -- Up-to-date symlink: /home/parth/Superbot_ws/install/superbot_description/share/superbot_description/models/aws_robomaker_warehouse_ShelfD_01/materials/textures/aws_robomaker_warehouse_ShelfD_04.png
[1.911s] -- Up-to-date symlink: /home/parth/Superbot_ws/install/superbot_description/share/superbot_description/models/aws_robomaker_warehouse_ShelfD_01/model.config
[1.911s] -- Up-to-date symlink: /home/parth/Superbot_ws/install/superbot_description/share/superbot_description/models/aws_robomaker_warehouse_ShelfD_01/model.sdf
[1.911s] -- Up-to-date symlink: /home/parth/Superbot_ws/install/superbot_description/share/superbot_description/models/aws_robomaker_warehouse_ShelfE_01/materials/textures/aws_robomaker_warehouse_ShelfE_01.png
[1.911s] -- Up-to-date symlink: /home/parth/Superbot_ws/install/superbot_description/share/superbot_description/models/aws_robomaker_warehouse_ShelfE_01/materials/textures/aws_robomaker_warehouse_ShelfE_02.png
[1.911s] -- Up-to-date symlink: /home/parth/Superbot_ws/install/superbot_description/share/superbot_description/models/aws_robomaker_warehouse_ShelfE_01/materials/textures/aws_robomaker_warehouse_ShelfE_03.png
[1.911s] -- Up-to-date symlink: /home/parth/Superbot_ws/install/superbot_description/share/superbot_description/models/aws_robomaker_warehouse_ShelfE_01/materials/textures/aws_robomaker_warehouse_ShelfE_04.png
[1.912s] -- Up-to-date symlink: /home/parth/Superbot_ws/install/superbot_description/share/superbot_description/models/aws_robomaker_warehouse_ShelfE_01/meshes/aws_robomaker_warehouse_ShelfE_01_collision.DAE
[1.912s] -- Up-to-date symlink: /home/parth/Superbot_ws/install/superbot_description/share/superbot_description/models/aws_robomaker_warehouse_ShelfE_01/meshes/aws_robomaker_warehouse_ShelfE_01_visual.DAE
[1.912s] -- Up-to-date symlink: /home/parth/Superbot_ws/install/superbot_description/share/superbot_description/models/aws_robomaker_warehouse_ShelfE_01/model.config
[1.912s] -- Up-to-date symlink: /home/parth/Superbot_ws/install/superbot_description/share/superbot_description/models/aws_robomaker_warehouse_ShelfE_01/model.sdf
[1.912s] -- Up-to-date symlink: /home/parth/Superbot_ws/install/superbot_description/share/superbot_description/models/aws_robomaker_warehouse_ShelfF_01/materials/textures/aws_robomaker_warehouse_ShelfF_01.png
[1.912s] -- Up-to-date symlink: /home/parth/Superbot_ws/install/superbot_description/share/superbot_description/models/aws_robomaker_warehouse_ShelfF_01/materials/textures/aws_robomaker_warehouse_ShelfF_02.png
[1.912s] -- Up-to-date symlink: /home/parth/Superbot_ws/install/superbot_description/share/superbot_description/models/aws_robomaker_warehouse_ShelfF_01/materials/textures/aws_robomaker_warehouse_ShelfF_03.png
[1.913s] -- Up-to-date symlink: /home/parth/Superbot_ws/install/superbot_description/share/superbot_description/models/aws_robomaker_warehouse_ShelfF_01/meshes/aws_robomaker_warehouse_ShelfF_01_collision.DAE
[1.913s] -- Up-to-date symlink: /home/parth/Superbot_ws/install/superbot_description/share/superbot_description/models/aws_robomaker_warehouse_ShelfF_01/meshes/aws_robomaker_warehouse_ShelfF_01_visual.DAE
[1.913s] -- Up-to-date symlink: /home/parth/Superbot_ws/install/superbot_description/share/superbot_description/models/aws_robomaker_warehouse_ShelfF_01/model.config
[1.913s] -- Up-to-date symlink: /home/parth/Superbot_ws/install/superbot_description/share/superbot_description/models/aws_robomaker_warehouse_ShelfF_01/model.sdf
[1.913s] -- Up-to-date symlink: /home/parth/Superbot_ws/install/superbot_description/share/superbot_description/models/aws_robomaker_warehouse_TrashCanC_01/materials/textures/aws_robomaker_warehouse_TrashCanC_01.png
[1.913s] -- Up-to-date symlink: /home/parth/Superbot_ws/install/superbot_description/share/superbot_description/models/aws_robomaker_warehouse_TrashCanC_01/meshes/aws_robomaker_warehouse_TrashCanC_01_collision.DAE
[1.913s] -- Up-to-date symlink: /home/parth/Superbot_ws/install/superbot_description/share/superbot_description/models/aws_robomaker_warehouse_TrashCanC_01/meshes/aws_robomaker_warehouse_TrashCanC_01_visual.DAE
[1.914s] -- Up-to-date symlink: /home/parth/Superbot_ws/install/superbot_description/share/superbot_description/models/aws_robomaker_warehouse_TrashCanC_01/model.config
[1.914s] -- Up-to-date symlink: /home/parth/Superbot_ws/install/superbot_description/share/superbot_description/models/aws_robomaker_warehouse_TrashCanC_01/model.sdf
[1.914s] -- Up-to-date symlink: /home/parth/Superbot_ws/install/superbot_description/share/superbot_description/models/aws_robomaker_warehouse_WallB_01/materials/textures/aws_robomaker_warehouse_WallB_01.png
[1.914s] -- Up-to-date symlink: /home/parth/Superbot_ws/install/superbot_description/share/superbot_description/models/aws_robomaker_warehouse_WallB_01/meshes/aws_robomaker_warehouse_WallB_01_collision.DAE
[1.914s] -- Up-to-date symlink: /home/parth/Superbot_ws/install/superbot_description/share/superbot_description/models/aws_robomaker_warehouse_WallB_01/meshes/aws_robomaker_warehouse_WallB_01_visual.DAE
[1.915s] -- Up-to-date symlink: /home/parth/Superbot_ws/install/superbot_description/share/superbot_description/models/aws_robomaker_warehouse_WallB_01/model.config
[1.915s] -- Up-to-date symlink: /home/parth/Superbot_ws/install/superbot_description/share/superbot_description/models/aws_robomaker_warehouse_WallB_01/model.sdf
[1.915s] -- Up-to-date symlink: /home/parth/Superbot_ws/install/superbot_description/share/superbot_description/worlds/safe_world.world
[1.915s] -- Up-to-date symlink: /home/parth/Superbot_ws/install/superbot_description/share/superbot_description/worlds/superbot_env.world
[1.915s] -- Up-to-date symlink: /home/parth/Superbot_ws/install/superbot_description/share/superbot_description/worlds/superbot_static_env.world
[1.915s] -- Up-to-date symlink: /home/parth/Superbot_ws/install/superbot_description/share/superbot_description/worlds/warehouse.world
[1.916s] -- Up-to-date symlink: /home/parth/Superbot_ws/install/superbot_description/share/superbot_description/rviz/navigation.rviz
[1.916s] -- Up-to-date symlink: /home/parth/Superbot_ws/install/superbot_description/share/superbot_description/config/cartographer.lua
[1.916s] -- Up-to-date symlink: /home/parth/Superbot_ws/install/superbot_description/share/superbot_description/config/diff_drive_controller.yaml
[1.916s] -- Up-to-date symlink: /home/parth/Superbot_ws/install/superbot_description/share/superbot_description/config/nav2_params.yaml
[1.916s] -- Up-to-date symlink: /home/parth/Superbot_ws/install/superbot_description/share/superbot_description/config/slam_config.yaml
[1.916s] -- Up-to-date symlink: /home/parth/Superbot_ws/install/superbot_description/share/superbot_description/config/superbot_cartographer.lua
[1.916s] -- Up-to-date symlink: /home/parth/Superbot_ws/install/superbot_description/share/ament_index/resource_index/package_run_dependencies/superbot_description
[1.917s] -- Up-to-date symlink: /home/parth/Superbot_ws/install/superbot_description/share/ament_index/resource_index/parent_prefix_path/superbot_description
[1.917s] -- Up-to-date symlink: /home/parth/Superbot_ws/install/superbot_description/share/superbot_description/environment/ament_prefix_path.sh
[1.917s] -- Up-to-date symlink: /home/parth/Superbot_ws/install/superbot_description/share/superbot_description/environment/ament_prefix_path.dsv
[1.917s] -- Up-to-date symlink: /home/parth/Superbot_ws/install/superbot_description/share/superbot_description/environment/path.sh
[1.917s] -- Up-to-date symlink: /home/parth/Superbot_ws/install/superbot_description/share/superbot_description/environment/path.dsv
[1.917s] -- Up-to-date symlink: /home/parth/Superbot_ws/install/superbot_description/share/superbot_description/local_setup.bash
[1.917s] -- Up-to-date symlink: /home/parth/Superbot_ws/install/superbot_description/share/superbot_description/local_setup.sh
[1.917s] -- Up-to-date symlink: /home/parth/Superbot_ws/install/superbot_description/share/superbot_description/local_setup.zsh
[1.917s] -- Up-to-date symlink: /home/parth/Superbot_ws/install/superbot_description/share/superbot_description/local_setup.dsv
[1.917s] -- Symlinking: /home/parth/Superbot_ws/install/superbot_description/share/superbot_description/package.dsv
[1.927s] -- Up-to-date symlink: /home/parth/Superbot_ws/install/superbot_description/share/ament_index/resource_index/packages/superbot_description
[1.927s] -- Up-to-date symlink: /home/parth/Superbot_ws/install/superbot_description/share/superbot_description/cmake/superbot_descriptionConfig.cmake
[1.927s] -- Up-to-date symlink: /home/parth/Superbot_ws/install/superbot_description/share/superbot_description/cmake/superbot_descriptionConfig-version.cmake
[1.927s] -- Up-to-date symlink: /home/parth/Superbot_ws/install/superbot_description/share/superbot_description/package.xml
[1.930s] Invoked command in '/home/parth/Superbot_ws/build/superbot_description' returned '0': CMAKE_PREFIX_PATH=${CMAKE_PREFIX_PATH}:/opt/ros/humble /usr/bin/cmake --install /home/parth/Superbot_ws/build/superbot_description
