[0.018s] Invoking command in '/home/parth/Superbot_ws/build/superbot_description': CMAKE_PREFIX_PATH=${CMAKE_PREFIX_PATH}:/opt/ros/humble /usr/bin/cmake --build /home/parth/Superbot_ws/build/superbot_description -- -j4 -l4
[0.114s] Invoked command in '/home/parth/Superbot_ws/build/superbot_description' returned '0': CMAKE_PREFIX_PATH=${CMAKE_PREFIX_PATH}:/opt/ros/humble /usr/bin/cmake --build /home/parth/Superbot_ws/build/superbot_description -- -j4 -l4
[0.316s] Invoking command in '/home/parth/Superbot_ws/build/superbot_description': CMAKE_PREFIX_PATH=${CMAKE_PREFIX_PATH}:/opt/ros/humble /usr/bin/cmake --install /home/parth/Superbot_ws/build/superbot_description
[0.320s] -- Install configuration: ""
[0.321s] -- Up-to-date: /home/parth/Superbot_ws/install/superbot_description/share/superbot_description/launch
[0.321s] -- Installing: /home/parth/Superbot_ws/install/superbot_description/share/superbot_description/launch/gazebo_static_world.launch
[0.321s] -- Up-to-date: /home/parth/Superbot_ws/install/superbot_description/share/superbot_description/launch/__pycache__
[0.321s] -- Up-to-date: /home/parth/Superbot_ws/install/superbot_description/share/superbot_description/launch/__pycache__/superbot.launch.cpython-310.pyc
[0.321s] -- Up-to-date: /home/parth/Superbot_ws/install/superbot_description/share/superbot_description/worlds
[0.321s] -- Up-to-date: /home/parth/Superbot_ws/install/superbot_description/share/superbot_description/worlds/superbot_env.world
[0.321s] -- Up-to-date: /home/parth/Superbot_ws/install/superbot_description/share/superbot_description/worlds/safe_world.world
[0.321s] -- Up-to-date: /home/parth/Superbot_ws/install/superbot_description/share/superbot_description/worlds/warehouse.world
[0.321s] -- Installing: /home/parth/Superbot_ws/install/superbot_description/share/superbot_description/worlds/superbot_static_env.world
[0.321s] -- Up-to-date: /home/parth/Superbot_ws/install/superbot_description/share/ament_index/resource_index/package_run_dependencies/superbot_description
[0.321s] -- Up-to-date: /home/parth/Superbot_ws/install/superbot_description/share/ament_index/resource_index/parent_prefix_path/superbot_description
[0.321s] -- Up-to-date: /home/parth/Superbot_ws/install/superbot_description/share/superbot_description/environment/ament_prefix_path.sh
[0.321s] -- Up-to-date: /home/parth/Superbot_ws/install/superbot_description/share/superbot_description/environment/ament_prefix_path.dsv
[0.321s] -- Up-to-date: /home/parth/Superbot_ws/install/superbot_description/share/superbot_description/environment/path.sh
[0.321s] -- Up-to-date: /home/parth/Superbot_ws/install/superbot_description/share/superbot_description/environment/path.dsv
[0.321s] -- Up-to-date: /home/parth/Superbot_ws/install/superbot_description/share/superbot_description/local_setup.bash
[0.321s] -- Up-to-date: /home/parth/Superbot_ws/install/superbot_description/share/superbot_description/local_setup.sh
[0.321s] -- Up-to-date: /home/parth/Superbot_ws/install/superbot_description/share/superbot_description/local_setup.zsh
[0.321s] -- Up-to-date: /home/parth/Superbot_ws/install/superbot_description/share/superbot_description/local_setup.dsv
[0.321s] -- Installing: /home/parth/Superbot_ws/install/superbot_description/share/superbot_description/package.dsv
[0.321s] -- Up-to-date: /home/parth/Superbot_ws/install/superbot_description/share/ament_index/resource_index/packages/superbot_description
[0.321s] -- Up-to-date: /home/parth/Superbot_ws/install/superbot_description/share/superbot_description/cmake/superbot_descriptionConfig.cmake
[0.321s] -- Up-to-date: /home/parth/Superbot_ws/install/superbot_description/share/superbot_description/cmake/superbot_descriptionConfig-version.cmake
[0.321s] -- Up-to-date: /home/parth/Superbot_ws/install/superbot_description/share/superbot_description/package.xml
[0.327s] Invoked command in '/home/parth/Superbot_ws/build/superbot_description' returned '0': CMAKE_PREFIX_PATH=${CMAKE_PREFIX_PATH}:/opt/ros/humble /usr/bin/cmake --install /home/parth/Superbot_ws/build/superbot_description
