[0.500s] DEBUG:colcon:Command line arguments: ['/usr/bin/colcon', 'build', '--packages-select', 'superbot_description']
[0.501s] DEBUG:colcon:Parsed command line arguments: Namespace(log_base=None, log_level=None, verb_name='build', build_base='build', install_base='install', merge_install=False, symlink_install=False, test_result_base=None, continue_on_error=False, executor='parallel', parallel_workers=4, event_handlers=None, ignore_user_meta=False, metas=['./colcon.meta'], base_paths=['.'], packages_ignore=None, packages_ignore_regex=None, paths=None, packages_up_to=None, packages_up_to_regex=None, packages_above=None, packages_above_and_dependencies=None, packages_above_depth=None, packages_select_by_dep=None, packages_skip_by_dep=None, packages_skip_up_to=None, packages_select_build_failed=False, packages_skip_build_finished=False, packages_select_test_failures=False, packages_skip_test_passed=False, packages_select=['superbot_description'], packages_skip=None, packages_select_regex=None, packages_skip_regex=None, packages_start=None, packages_end=None, allow_overriding=[], cmake_args=None, cmake_target=None, cmake_target_skip_unavailable=False, cmake_clean_cache=False, cmake_clean_first=False, cmake_force_configure=False, ament_cmake_args=None, catkin_cmake_args=None, catkin_skip_building_tests=False, mixin_files=None, mixin=None, verb_parser=<colcon_mixin.mixin.mixin_argument.MixinArgumentDecorator object at 0x77d56d73ed70>, verb_extension=<colcon_core.verb.build.BuildVerb object at 0x77d56d73e8c0>, main=<bound method BuildVerb.main of <colcon_core.verb.build.BuildVerb object at 0x77d56d73e8c0>>, mixin_verb=('build',))
[0.873s] Level 1:colcon.colcon_core.package_discovery:discover_packages(colcon_meta) check parameters
[0.873s] Level 1:colcon.colcon_core.package_discovery:discover_packages(recursive) check parameters
[0.873s] Level 1:colcon.colcon_core.package_discovery:discover_packages(ignore) check parameters
[0.873s] Level 1:colcon.colcon_core.package_discovery:discover_packages(path) check parameters
[0.873s] Level 1:colcon.colcon_core.package_discovery:discover_packages(colcon_meta) discover
[0.873s] Level 1:colcon.colcon_core.package_discovery:discover_packages(recursive) discover
[0.873s] INFO:colcon.colcon_core.package_discovery:Crawling recursively for packages in '/home/parth/Superbot_ws'
[0.874s] Level 1:colcon.colcon_core.package_identification:_identify(.) by extensions ['ignore', 'ignore_ament_install']
[0.874s] Level 1:colcon.colcon_core.package_identification:_identify(.) by extension 'ignore'
[0.874s] Level 1:colcon.colcon_core.package_identification:_identify(.) by extension 'ignore_ament_install'
[0.874s] Level 1:colcon.colcon_core.package_identification:_identify(.) by extensions ['colcon_pkg']
[0.874s] Level 1:colcon.colcon_core.package_identification:_identify(.) by extension 'colcon_pkg'
[0.874s] Level 1:colcon.colcon_core.package_identification:_identify(.) by extensions ['colcon_meta']
[0.874s] Level 1:colcon.colcon_core.package_identification:_identify(.) by extension 'colcon_meta'
[0.874s] Level 1:colcon.colcon_core.package_identification:_identify(.) by extensions ['ros']
[0.874s] Level 1:colcon.colcon_core.package_identification:_identify(.) by extension 'ros'
[0.882s] Level 1:colcon.colcon_core.package_identification:_identify(.) by extensions ['cmake', 'python']
[0.882s] Level 1:colcon.colcon_core.package_identification:_identify(.) by extension 'cmake'
[0.882s] Level 1:colcon.colcon_core.package_identification:_identify(.) by extension 'python'
[0.882s] Level 1:colcon.colcon_core.package_identification:_identify(.) by extensions ['python_setup_py']
[0.882s] Level 1:colcon.colcon_core.package_identification:_identify(.) by extension 'python_setup_py'
[0.882s] Level 1:colcon.colcon_core.package_identification:_identify(build) by extensions ['ignore', 'ignore_ament_install']
[0.882s] Level 1:colcon.colcon_core.package_identification:_identify(build) by extension 'ignore'
[0.882s] Level 1:colcon.colcon_core.package_identification:_identify(build) ignored
[0.882s] Level 1:colcon.colcon_core.package_identification:_identify(install) by extensions ['ignore', 'ignore_ament_install']
[0.882s] Level 1:colcon.colcon_core.package_identification:_identify(install) by extension 'ignore'
[0.882s] Level 1:colcon.colcon_core.package_identification:_identify(install) ignored
[0.882s] Level 1:colcon.colcon_core.package_identification:_identify(log) by extensions ['ignore', 'ignore_ament_install']
[0.882s] Level 1:colcon.colcon_core.package_identification:_identify(log) by extension 'ignore'
[0.882s] Level 1:colcon.colcon_core.package_identification:_identify(log) ignored
[0.882s] Level 1:colcon.colcon_core.package_identification:_identify(src) by extensions ['ignore', 'ignore_ament_install']
[0.882s] Level 1:colcon.colcon_core.package_identification:_identify(src) by extension 'ignore'
[0.882s] Level 1:colcon.colcon_core.package_identification:_identify(src) by extension 'ignore_ament_install'
[0.882s] Level 1:colcon.colcon_core.package_identification:_identify(src) by extensions ['colcon_pkg']
[0.882s] Level 1:colcon.colcon_core.package_identification:_identify(src) by extension 'colcon_pkg'
[0.882s] Level 1:colcon.colcon_core.package_identification:_identify(src) by extensions ['colcon_meta']
[0.883s] Level 1:colcon.colcon_core.package_identification:_identify(src) by extension 'colcon_meta'
[0.883s] Level 1:colcon.colcon_core.package_identification:_identify(src) by extensions ['ros']
[0.883s] Level 1:colcon.colcon_core.package_identification:_identify(src) by extension 'ros'
[0.883s] Level 1:colcon.colcon_core.package_identification:_identify(src) by extensions ['cmake', 'python']
[0.883s] Level 1:colcon.colcon_core.package_identification:_identify(src) by extension 'cmake'
[0.883s] Level 1:colcon.colcon_core.package_identification:_identify(src) by extension 'python'
[0.883s] Level 1:colcon.colcon_core.package_identification:_identify(src) by extensions ['python_setup_py']
[0.883s] Level 1:colcon.colcon_core.package_identification:_identify(src) by extension 'python_setup_py'
[0.883s] Level 1:colcon.colcon_core.package_identification:_identify(src/superbot_description) by extensions ['ignore', 'ignore_ament_install']
[0.883s] Level 1:colcon.colcon_core.package_identification:_identify(src/superbot_description) by extension 'ignore'
[0.883s] Level 1:colcon.colcon_core.package_identification:_identify(src/superbot_description) by extension 'ignore_ament_install'
[0.883s] Level 1:colcon.colcon_core.package_identification:_identify(src/superbot_description) by extensions ['colcon_pkg']
[0.883s] Level 1:colcon.colcon_core.package_identification:_identify(src/superbot_description) by extension 'colcon_pkg'
[0.883s] Level 1:colcon.colcon_core.package_identification:_identify(src/superbot_description) by extensions ['colcon_meta']
[0.883s] Level 1:colcon.colcon_core.package_identification:_identify(src/superbot_description) by extension 'colcon_meta'
[0.883s] Level 1:colcon.colcon_core.package_identification:_identify(src/superbot_description) by extensions ['ros']
[0.883s] Level 1:colcon.colcon_core.package_identification:_identify(src/superbot_description) by extension 'ros'
[0.885s] DEBUG:colcon.colcon_core.package_identification:Package 'src/superbot_description' with type 'ros.ament_cmake' and name 'superbot_description'
[0.885s] Level 1:colcon.colcon_core.package_discovery:discover_packages(recursive) using defaults
[0.885s] Level 1:colcon.colcon_core.package_discovery:discover_packages(ignore) discover
[0.885s] Level 1:colcon.colcon_core.package_discovery:discover_packages(ignore) using defaults
[0.885s] Level 1:colcon.colcon_core.package_discovery:discover_packages(path) discover
[0.885s] Level 1:colcon.colcon_core.package_discovery:discover_packages(path) using defaults
[0.938s] Level 1:colcon.colcon_core.package_discovery:discover_packages(prefix_path) check parameters
[0.938s] Level 1:colcon.colcon_core.package_discovery:discover_packages(prefix_path) discover
[0.945s] DEBUG:colcon.colcon_installed_package_information.package_discovery:Found 389 installed packages in /opt/ros/humble
[0.946s] Level 1:colcon.colcon_core.package_discovery:discover_packages(prefix_path) using defaults
[0.981s] Level 5:colcon.colcon_core.verb:set package 'superbot_description' build argument 'cmake_args' from command line to 'None'
[0.981s] Level 5:colcon.colcon_core.verb:set package 'superbot_description' build argument 'cmake_target' from command line to 'None'
[0.981s] Level 5:colcon.colcon_core.verb:set package 'superbot_description' build argument 'cmake_target_skip_unavailable' from command line to 'False'
[0.981s] Level 5:colcon.colcon_core.verb:set package 'superbot_description' build argument 'cmake_clean_cache' from command line to 'False'
[0.981s] Level 5:colcon.colcon_core.verb:set package 'superbot_description' build argument 'cmake_clean_first' from command line to 'False'
[0.981s] Level 5:colcon.colcon_core.verb:set package 'superbot_description' build argument 'cmake_force_configure' from command line to 'False'
[0.981s] Level 5:colcon.colcon_core.verb:set package 'superbot_description' build argument 'ament_cmake_args' from command line to 'None'
[0.981s] Level 5:colcon.colcon_core.verb:set package 'superbot_description' build argument 'catkin_cmake_args' from command line to 'None'
[0.981s] Level 5:colcon.colcon_core.verb:set package 'superbot_description' build argument 'catkin_skip_building_tests' from command line to 'False'
[0.981s] DEBUG:colcon.colcon_core.verb:Building package 'superbot_description' with the following arguments: {'ament_cmake_args': None, 'build_base': '/home/parth/Superbot_ws/build/superbot_description', 'catkin_cmake_args': None, 'catkin_skip_building_tests': False, 'cmake_args': None, 'cmake_clean_cache': False, 'cmake_clean_first': False, 'cmake_force_configure': False, 'cmake_target': None, 'cmake_target_skip_unavailable': False, 'install_base': '/home/parth/Superbot_ws/install/superbot_description', 'merge_install': False, 'path': '/home/parth/Superbot_ws/src/superbot_description', 'symlink_install': False, 'test_result_base': None}
[0.981s] INFO:colcon.colcon_core.executor:Executing jobs using 'parallel' executor
[0.985s] DEBUG:colcon.colcon_parallel_executor.executor.parallel:run_until_complete
[0.985s] INFO:colcon.colcon_ros.task.ament_cmake.build:Building ROS package in '/home/parth/Superbot_ws/src/superbot_description' with build type 'ament_cmake'
[0.985s] INFO:colcon.colcon_cmake.task.cmake.build:Building CMake package in '/home/parth/Superbot_ws/src/superbot_description'
[0.998s] INFO:colcon.colcon_core.plugin_system:Skipping extension 'colcon_core.shell.bat': Not used on non-Windows systems
[0.998s] INFO:colcon.colcon_core.shell:Skip shell extension 'powershell' for command environment: Not usable outside of PowerShell
[0.998s] DEBUG:colcon.colcon_core.shell:Skip shell extension 'dsv' for command environment
[1.017s] DEBUG:colcon.colcon_core.event_handler.log_command:Invoking command in '/home/parth/Superbot_ws/build/superbot_description': CMAKE_PREFIX_PATH=/opt/ros/humble /usr/bin/cmake /home/parth/Superbot_ws/src/superbot_description -DCMAKE_INSTALL_PREFIX=/home/parth/Superbot_ws/install/superbot_description
[2.193s] DEBUG:colcon.colcon_core.event_handler.log_command:Invoked command in '/home/parth/Superbot_ws/build/superbot_description' returned '0': CMAKE_PREFIX_PATH=/opt/ros/humble /usr/bin/cmake /home/parth/Superbot_ws/src/superbot_description -DCMAKE_INSTALL_PREFIX=/home/parth/Superbot_ws/install/superbot_description
[2.194s] DEBUG:colcon.colcon_core.event_handler.log_command:Invoking command in '/home/parth/Superbot_ws/build/superbot_description': CMAKE_PREFIX_PATH=/opt/ros/humble /usr/bin/cmake --build /home/parth/Superbot_ws/build/superbot_description -- -j4 -l4
[2.237s] DEBUG:colcon.colcon_core.event_handler.log_command:Invoked command in '/home/parth/Superbot_ws/build/superbot_description' returned '0': CMAKE_PREFIX_PATH=/opt/ros/humble /usr/bin/cmake --build /home/parth/Superbot_ws/build/superbot_description -- -j4 -l4
[2.300s] DEBUG:colcon.colcon_core.event_handler.log_command:Invoking command in '/home/parth/Superbot_ws/build/superbot_description': CMAKE_PREFIX_PATH=/opt/ros/humble /usr/bin/cmake --install /home/parth/Superbot_ws/build/superbot_description
[2.312s] Level 1:colcon.colcon_core.environment:create_environment_scripts_only(superbot_description)
[2.313s] DEBUG:colcon.colcon_core.event_handler.log_command:Invoked command in '/home/parth/Superbot_ws/build/superbot_description' returned '0': CMAKE_PREFIX_PATH=/opt/ros/humble /usr/bin/cmake --install /home/parth/Superbot_ws/build/superbot_description
[2.326s] Level 1:colcon.colcon_core.environment:checking '/home/parth/Superbot_ws/install/superbot_description' for CMake module files
[2.326s] Level 1:colcon.colcon_core.environment:checking '/home/parth/Superbot_ws/install/superbot_description' for CMake config files
[2.326s] Level 1:colcon.colcon_core.shell:create_environment_hook('superbot_description', 'cmake_prefix_path')
[2.327s] INFO:colcon.colcon_core.shell:Creating environment hook '/home/parth/Superbot_ws/install/superbot_description/share/superbot_description/hook/cmake_prefix_path.ps1'
[2.328s] INFO:colcon.colcon_core.shell:Creating environment descriptor '/home/parth/Superbot_ws/install/superbot_description/share/superbot_description/hook/cmake_prefix_path.dsv'
[2.329s] INFO:colcon.colcon_core.shell:Creating environment hook '/home/parth/Superbot_ws/install/superbot_description/share/superbot_description/hook/cmake_prefix_path.sh'
[2.331s] Level 1:colcon.colcon_core.environment:checking '/home/parth/Superbot_ws/install/superbot_description/bin'
[2.331s] Level 1:colcon.colcon_core.environment:checking '/home/parth/Superbot_ws/install/superbot_description/lib/pkgconfig/superbot_description.pc'
[2.331s] Level 1:colcon.colcon_core.environment:checking '/home/parth/Superbot_ws/install/superbot_description/lib/python3.10/site-packages'
[2.332s] Level 1:colcon.colcon_core.environment:checking '/home/parth/Superbot_ws/install/superbot_description/bin'
[2.332s] INFO:colcon.colcon_core.shell:Creating package script '/home/parth/Superbot_ws/install/superbot_description/share/superbot_description/package.ps1'
[2.333s] INFO:colcon.colcon_core.shell:Creating package descriptor '/home/parth/Superbot_ws/install/superbot_description/share/superbot_description/package.dsv'
[2.334s] INFO:colcon.colcon_core.shell:Creating package script '/home/parth/Superbot_ws/install/superbot_description/share/superbot_description/package.sh'
[2.336s] INFO:colcon.colcon_core.shell:Creating package script '/home/parth/Superbot_ws/install/superbot_description/share/superbot_description/package.bash'
[2.337s] INFO:colcon.colcon_core.shell:Creating package script '/home/parth/Superbot_ws/install/superbot_description/share/superbot_description/package.zsh'
[2.339s] Level 1:colcon.colcon_core.environment:create_file_with_runtime_dependencies(/home/parth/Superbot_ws/install/superbot_description/share/colcon-core/packages/superbot_description)
[2.391s] Level 1:colcon.colcon_core.environment:create_environment_scripts_only(superbot_description)
[2.391s] Level 1:colcon.colcon_core.environment:checking '/home/parth/Superbot_ws/install/superbot_description' for CMake module files
[2.391s] Level 1:colcon.colcon_core.environment:checking '/home/parth/Superbot_ws/install/superbot_description' for CMake config files
[2.392s] Level 1:colcon.colcon_core.shell:create_environment_hook('superbot_description', 'cmake_prefix_path')
[2.392s] INFO:colcon.colcon_core.shell:Creating environment hook '/home/parth/Superbot_ws/install/superbot_description/share/superbot_description/hook/cmake_prefix_path.ps1'
[2.393s] INFO:colcon.colcon_core.shell:Creating environment descriptor '/home/parth/Superbot_ws/install/superbot_description/share/superbot_description/hook/cmake_prefix_path.dsv'
[2.393s] INFO:colcon.colcon_core.shell:Creating environment hook '/home/parth/Superbot_ws/install/superbot_description/share/superbot_description/hook/cmake_prefix_path.sh'
[2.394s] Level 1:colcon.colcon_core.environment:checking '/home/parth/Superbot_ws/install/superbot_description/bin'
[2.394s] Level 1:colcon.colcon_core.environment:checking '/home/parth/Superbot_ws/install/superbot_description/lib/pkgconfig/superbot_description.pc'
[2.394s] Level 1:colcon.colcon_core.environment:checking '/home/parth/Superbot_ws/install/superbot_description/lib/python3.10/site-packages'
[2.395s] Level 1:colcon.colcon_core.environment:checking '/home/parth/Superbot_ws/install/superbot_description/bin'
[2.395s] INFO:colcon.colcon_core.shell:Creating package script '/home/parth/Superbot_ws/install/superbot_description/share/superbot_description/package.ps1'
[2.396s] INFO:colcon.colcon_core.shell:Creating package descriptor '/home/parth/Superbot_ws/install/superbot_description/share/superbot_description/package.dsv'
[2.396s] INFO:colcon.colcon_core.shell:Creating package script '/home/parth/Superbot_ws/install/superbot_description/share/superbot_description/package.sh'
[2.397s] INFO:colcon.colcon_core.shell:Creating package script '/home/parth/Superbot_ws/install/superbot_description/share/superbot_description/package.bash'
[2.397s] INFO:colcon.colcon_core.shell:Creating package script '/home/parth/Superbot_ws/install/superbot_description/share/superbot_description/package.zsh'
[2.398s] Level 1:colcon.colcon_core.environment:create_file_with_runtime_dependencies(/home/parth/Superbot_ws/install/superbot_description/share/colcon-core/packages/superbot_description)
[2.398s] DEBUG:colcon.colcon_parallel_executor.executor.parallel:closing loop
[2.399s] DEBUG:colcon.colcon_parallel_executor.executor.parallel:loop closed
[2.399s] DEBUG:colcon.colcon_parallel_executor.executor.parallel:run_until_complete finished with '0'
[2.399s] DEBUG:colcon.colcon_core.event_reactor:joining thread
[2.406s] INFO:colcon.colcon_core.plugin_system:Skipping extension 'colcon_notification.desktop_notification.terminal_notifier': Not used on non-Darwin systems
[2.407s] INFO:colcon.colcon_core.plugin_system:Skipping extension 'colcon_notification.desktop_notification.win32': Not used on non-Windows systems
[2.407s] INFO:colcon.colcon_notification.desktop_notification:Sending desktop notification using 'notify2'
[2.427s] DEBUG:colcon.colcon_core.event_reactor:joined thread
[2.427s] INFO:colcon.colcon_core.shell:Creating prefix script '/home/parth/Superbot_ws/install/local_setup.ps1'
[2.429s] INFO:colcon.colcon_core.shell:Creating prefix util module '/home/parth/Superbot_ws/install/_local_setup_util_ps1.py'
[2.431s] INFO:colcon.colcon_core.shell:Creating prefix chain script '/home/parth/Superbot_ws/install/setup.ps1'
[2.435s] INFO:colcon.colcon_core.shell:Creating prefix script '/home/parth/Superbot_ws/install/local_setup.sh'
[2.436s] INFO:colcon.colcon_core.shell:Creating prefix util module '/home/parth/Superbot_ws/install/_local_setup_util_sh.py'
[2.437s] INFO:colcon.colcon_core.shell:Creating prefix chain script '/home/parth/Superbot_ws/install/setup.sh'
[2.453s] INFO:colcon.colcon_core.shell:Creating prefix script '/home/parth/Superbot_ws/install/local_setup.bash'
[2.454s] INFO:colcon.colcon_core.shell:Creating prefix chain script '/home/parth/Superbot_ws/install/setup.bash'
[2.460s] INFO:colcon.colcon_core.shell:Creating prefix script '/home/parth/Superbot_ws/install/local_setup.zsh'
[2.463s] INFO:colcon.colcon_core.shell:Creating prefix chain script '/home/parth/Superbot_ws/install/setup.zsh'
