-- Found ament_cmake: 1.3.10 (/opt/ros/humble/share/ament_cmake/cmake)
-- Found gazebo_ros: 3.7.0 (/opt/ros/humble/share/gazebo_ros/cmake)
-- Found rosidl_generator_c: 3.1.5 (/opt/ros/humble/share/rosidl_generator_c/cmake)
-- Found rosidl_adapter: 3.1.5 (/opt/ros/humble/share/rosidl_adapter/cmake)
-- Found rosidl_generator_cpp: 3.1.5 (/opt/ros/humble/share/rosidl_generator_cpp/cmake)
-- Using all available rosidl_typesupport_c: rosidl_typesupport_fastrtps_c;rosidl_typesupport_introspection_c
-- Using all available rosidl_typesupport_cpp: rosidl_typesupport_fastrtps_cpp;rosidl_typesupport_introspection_cpp
-- Found rmw_implementation_cmake: 6.1.2 (/opt/ros/humble/share/rmw_implementation_cmake/cmake)
-- Found rmw_fastrtps_cpp: 6.2.7 (/opt/ros/humble/share/rmw_fastrtps_cpp/cmake)
-- Using RMW implementation 'rmw_fastrtps_cpp' as default
-- Found DART: /usr/include (Required is at least version "6.6") found components: dart 
-- Found Protobuf: /usr/lib/x86_64-linux-gnu/libprotobuf.so (found version "3.12.4") 
-- Looking for ignition-math6 -- found version 6.15.1
-- Searching for dependencies of ignition-math6
-- Looking for OGRE...
-- Found Ogre Ghadamon (1.9.0)
-- Found OGRE: optimized;/usr/lib/x86_64-linux-gnu/libOgreMain.so;debug;/usr/lib/x86_64-linux-gnu/libOgreMain.so
-- Looking for OGRE_Paging...
-- Found OGRE_Paging: optimized;/usr/lib/x86_64-linux-gnu/libOgrePaging.so;debug;/usr/lib/x86_64-linux-gnu/libOgrePaging.so
-- Looking for OGRE_Terrain...
-- Found OGRE_Terrain: optimized;/usr/lib/x86_64-linux-gnu/libOgreTerrain.so;debug;/usr/lib/x86_64-linux-gnu/libOgreTerrain.so
-- Looking for OGRE_Property...
-- Found OGRE_Property: optimized;/usr/lib/x86_64-linux-gnu/libOgreProperty.so;debug;/usr/lib/x86_64-linux-gnu/libOgreProperty.so
-- Looking for OGRE_RTShaderSystem...
-- Found OGRE_RTShaderSystem: optimized;/usr/lib/x86_64-linux-gnu/libOgreRTShaderSystem.so;debug;/usr/lib/x86_64-linux-gnu/libOgreRTShaderSystem.so
-- Looking for OGRE_Volume...
-- Found OGRE_Volume: optimized;/usr/lib/x86_64-linux-gnu/libOgreVolume.so;debug;/usr/lib/x86_64-linux-gnu/libOgreVolume.so
-- Looking for OGRE_Overlay...
-- Found OGRE_Overlay: optimized;/usr/lib/x86_64-linux-gnu/libOgreOverlay.so;debug;/usr/lib/x86_64-linux-gnu/libOgreOverlay.so
-- Looking for ignition-math6 -- found version 6.15.1
-- Looking for ignition-transport8 -- found version 8.2.1
-- Searching for dependencies of ignition-transport8
-- Found Protobuf: /usr/lib/x86_64-linux-gnu/libprotobuf.so (found suitable version "3.12.4", minimum required is "3") 
-- Config-file not installed for ZeroMQ -- checking for pkg-config
-- Checking for module 'libzmq >= 4'
--   Found libzmq , version 4.3.4
-- Checking for module 'uuid'
--   Found uuid, version 2.37.2
-- Looking for ignition-msgs5 -- found version 5.8.1
-- Searching for dependencies of ignition-msgs5
-- Looking for ignition-math6 -- found version 6.15.1
-- Checking for module 'tinyxml2'
--   Found tinyxml2, version 9.0.0
-- Looking for ignition-msgs5 -- found version 5.8.1
-- Looking for ignition-common3 -- found version 3.14.0
-- Searching for dependencies of ignition-common3
-- Looking for dlfcn.h - found
-- Looking for libdl - found
-- Searching for <ignition-common3> component [graphics]
-- Looking for ignition-common3-graphics -- found version 3.14.0
-- Searching for dependencies of ignition-common3-graphics
-- Looking for ignition-math6 -- found version 6.15.1
-- Looking for ignition-fuel_tools4 -- found version 4.4.0
-- Searching for dependencies of ignition-fuel_tools4
-- Checking for module 'jsoncpp'
--   Found jsoncpp, version 1.9.5
-- Checking for module 'libzip'
--   Found libzip, version 1.7.3
-- Looking for ignition-common3 -- found version 3.14.0
-- Looking for ignition-math6 -- found version 6.15.1
-- Looking for ignition-msgs5 -- found version 5.8.1
-- Gazebo version: 11.10
-- Found ament_lint_auto: 0.12.11 (/opt/ros/humble/share/ament_lint_auto/cmake)
-- Added test 'flake8' to check Python code syntax and style conventions
-- Added test 'lint_cmake' to check CMake code style
-- Added test 'pep257' to check Python code against some of the docstring style conventions in PEP 257
-- Added test 'xmllint' to check XML markup files
-- Configuring done
-- Generating done
-- Build files have been written to: /home/parth/Superbot_ws/build/superbot_description
-- Install configuration: ""
-- Up-to-date: /home/parth/Superbot_ws/install/superbot_description/share/superbot_description/launch
-- Up-to-date: /home/parth/Superbot_ws/install/superbot_description/share/superbot_description/launch/gazebo_env.launch.py
-- Up-to-date: /home/parth/Superbot_ws/install/superbot_description/share/superbot_description/launch/gazebo_static.launch.py
-- Up-to-date: /home/parth/Superbot_ws/install/superbot_description/share/superbot_description/URDF
-- Up-to-date: /home/parth/Superbot_ws/install/superbot_description/share/superbot_description/URDF/superbot.sdf
-- Up-to-date: /home/parth/Superbot_ws/install/superbot_description/share/superbot_description/URDF/superbot.urdf
-- Up-to-date: /home/parth/Superbot_ws/install/superbot_description/share/superbot_description/URDF/superbot.urdf.xacro
-- Installing: /home/parth/Superbot_ws/install/superbot_description/share/superbot_description/models
-- Installing: /home/parth/Superbot_ws/install/superbot_description/share/superbot_description/models/aws_robomaker_warehouse_ShelfF_01
-- Installing: /home/parth/Superbot_ws/install/superbot_description/share/superbot_description/models/aws_robomaker_warehouse_ShelfF_01/meshes
-- Installing: /home/parth/Superbot_ws/install/superbot_description/share/superbot_description/models/aws_robomaker_warehouse_ShelfF_01/meshes/aws_robomaker_warehouse_ShelfF_01_collision.DAE
-- Installing: /home/parth/Superbot_ws/install/superbot_description/share/superbot_description/models/aws_robomaker_warehouse_ShelfF_01/meshes/aws_robomaker_warehouse_ShelfF_01_visual.DAE
-- Installing: /home/parth/Superbot_ws/install/superbot_description/share/superbot_description/models/aws_robomaker_warehouse_ShelfF_01/model.config
-- Installing: /home/parth/Superbot_ws/install/superbot_description/share/superbot_description/models/aws_robomaker_warehouse_ShelfF_01/model.sdf
-- Installing: /home/parth/Superbot_ws/install/superbot_description/share/superbot_description/models/aws_robomaker_warehouse_ShelfF_01/materials
-- Installing: /home/parth/Superbot_ws/install/superbot_description/share/superbot_description/models/aws_robomaker_warehouse_ShelfF_01/materials/textures
-- Installing: /home/parth/Superbot_ws/install/superbot_description/share/superbot_description/models/aws_robomaker_warehouse_ShelfF_01/materials/textures/aws_robomaker_warehouse_ShelfF_03.png
-- Installing: /home/parth/Superbot_ws/install/superbot_description/share/superbot_description/models/aws_robomaker_warehouse_ShelfF_01/materials/textures/aws_robomaker_warehouse_ShelfF_01.png
-- Installing: /home/parth/Superbot_ws/install/superbot_description/share/superbot_description/models/aws_robomaker_warehouse_ShelfF_01/materials/textures/aws_robomaker_warehouse_ShelfF_02.png
-- Installing: /home/parth/Superbot_ws/install/superbot_description/share/superbot_description/models/aws_robomaker_warehouse_Lamp_01
-- Installing: /home/parth/Superbot_ws/install/superbot_description/share/superbot_description/models/aws_robomaker_warehouse_Lamp_01/meshes
-- Installing: /home/parth/Superbot_ws/install/superbot_description/share/superbot_description/models/aws_robomaker_warehouse_Lamp_01/meshes/aws_robomaker_warehouse_Lamp_01_visual.DAE
-- Installing: /home/parth/Superbot_ws/install/superbot_description/share/superbot_description/models/aws_robomaker_warehouse_Lamp_01/meshes/aws_robomaker_warehouse_Lamp_01_collision.DAE
-- Installing: /home/parth/Superbot_ws/install/superbot_description/share/superbot_description/models/aws_robomaker_warehouse_Lamp_01/model.config
-- Installing: /home/parth/Superbot_ws/install/superbot_description/share/superbot_description/models/aws_robomaker_warehouse_Lamp_01/model.sdf
-- Installing: /home/parth/Superbot_ws/install/superbot_description/share/superbot_description/models/aws_robomaker_warehouse_Lamp_01/materials
-- Installing: /home/parth/Superbot_ws/install/superbot_description/share/superbot_description/models/aws_robomaker_warehouse_Lamp_01/materials/textures
-- Installing: /home/parth/Superbot_ws/install/superbot_description/share/superbot_description/models/aws_robomaker_warehouse_Lamp_01/materials/textures/aws_robomaker_warehouse_Lamp_01.png
-- Installing: /home/parth/Superbot_ws/install/superbot_description/share/superbot_description/models/aws_robomaker_warehouse_ShelfD_01
-- Installing: /home/parth/Superbot_ws/install/superbot_description/share/superbot_description/models/aws_robomaker_warehouse_ShelfD_01/model.config
-- Installing: /home/parth/Superbot_ws/install/superbot_description/share/superbot_description/models/aws_robomaker_warehouse_ShelfD_01/model.sdf
-- Installing: /home/parth/Superbot_ws/install/superbot_description/share/superbot_description/models/aws_robomaker_warehouse_ShelfD_01/materials
-- Installing: /home/parth/Superbot_ws/install/superbot_description/share/superbot_description/models/aws_robomaker_warehouse_ShelfD_01/materials/textures
-- Installing: /home/parth/Superbot_ws/install/superbot_description/share/superbot_description/models/aws_robomaker_warehouse_ShelfD_01/materials/textures/aws_robomaker_warehouse_ShelfD_02.png
-- Installing: /home/parth/Superbot_ws/install/superbot_description/share/superbot_description/models/aws_robomaker_warehouse_ShelfD_01/materials/textures/aws_robomaker_warehouse_ShelfD_03.png
-- Installing: /home/parth/Superbot_ws/install/superbot_description/share/superbot_description/models/aws_robomaker_warehouse_ShelfD_01/materials/textures/aws_robomaker_warehouse_ShelfD_04.png
-- Installing: /home/parth/Superbot_ws/install/superbot_description/share/superbot_description/models/aws_robomaker_warehouse_ShelfD_01/materials/textures/aws_robomaker_warehouse_ShelfD_01.png
-- Installing: /home/parth/Superbot_ws/install/superbot_description/share/superbot_description/models/aws_robomaker_warehouse_ClutteringA_01
-- Installing: /home/parth/Superbot_ws/install/superbot_description/share/superbot_description/models/aws_robomaker_warehouse_ClutteringA_01/meshes
-- Installing: /home/parth/Superbot_ws/install/superbot_description/share/superbot_description/models/aws_robomaker_warehouse_ClutteringA_01/meshes/aws_robomaker_warehouse_ClutteringA_01_visual.DAE
-- Installing: /home/parth/Superbot_ws/install/superbot_description/share/superbot_description/models/aws_robomaker_warehouse_ClutteringA_01/meshes/aws_robomaker_warehouse_ClutteringA_01_collision.DAE
-- Installing: /home/parth/Superbot_ws/install/superbot_description/share/superbot_description/models/aws_robomaker_warehouse_ClutteringA_01/model.config
-- Installing: /home/parth/Superbot_ws/install/superbot_description/share/superbot_description/models/aws_robomaker_warehouse_ClutteringA_01/model.sdf
-- Installing: /home/parth/Superbot_ws/install/superbot_description/share/superbot_description/models/aws_robomaker_warehouse_ClutteringA_01/materials
-- Installing: /home/parth/Superbot_ws/install/superbot_description/share/superbot_description/models/aws_robomaker_warehouse_ClutteringA_01/materials/textures
-- Installing: /home/parth/Superbot_ws/install/superbot_description/share/superbot_description/models/aws_robomaker_warehouse_ClutteringA_01/materials/textures/aws_robomaker_warehouse_ClutteringA_03.png
-- Installing: /home/parth/Superbot_ws/install/superbot_description/share/superbot_description/models/aws_robomaker_warehouse_ClutteringA_01/materials/textures/aws_robomaker_warehouse_ClutteringA_01.png
-- Installing: /home/parth/Superbot_ws/install/superbot_description/share/superbot_description/models/aws_robomaker_warehouse_ClutteringA_01/materials/textures/aws_robomaker_warehouse_ClutteringA_02.png
-- Installing: /home/parth/Superbot_ws/install/superbot_description/share/superbot_description/models/aws_robomaker_warehouse_DeskC_01
-- Installing: /home/parth/Superbot_ws/install/superbot_description/share/superbot_description/models/aws_robomaker_warehouse_DeskC_01/meshes
-- Installing: /home/parth/Superbot_ws/install/superbot_description/share/superbot_description/models/aws_robomaker_warehouse_DeskC_01/meshes/aws_robomaker_warehouse_DeskC_01_collision.DAE
-- Installing: /home/parth/Superbot_ws/install/superbot_description/share/superbot_description/models/aws_robomaker_warehouse_DeskC_01/meshes/aws_robomaker_warehouse_DeskC_01_visual.DAE
-- Installing: /home/parth/Superbot_ws/install/superbot_description/share/superbot_description/models/aws_robomaker_warehouse_DeskC_01/model.config
-- Installing: /home/parth/Superbot_ws/install/superbot_description/share/superbot_description/models/aws_robomaker_warehouse_DeskC_01/model.sdf
-- Installing: /home/parth/Superbot_ws/install/superbot_description/share/superbot_description/models/aws_robomaker_warehouse_DeskC_01/materials
-- Installing: /home/parth/Superbot_ws/install/superbot_description/share/superbot_description/models/aws_robomaker_warehouse_DeskC_01/materials/textures
-- Installing: /home/parth/Superbot_ws/install/superbot_description/share/superbot_description/models/aws_robomaker_warehouse_DeskC_01/materials/textures/aws_robomaker_warehouse_DeskC_02.png
-- Installing: /home/parth/Superbot_ws/install/superbot_description/share/superbot_description/models/aws_robomaker_warehouse_DeskC_01/materials/textures/aws_robomaker_warehouse_DeskC_04.png
-- Installing: /home/parth/Superbot_ws/install/superbot_description/share/superbot_description/models/aws_robomaker_warehouse_DeskC_01/materials/textures/aws_robomaker_warehouse_DeskC_03.psd
-- Installing: /home/parth/Superbot_ws/install/superbot_description/share/superbot_description/models/aws_robomaker_warehouse_DeskC_01/materials/textures/aws_robomaker_warehouse_DeskC_01.png
-- Installing: /home/parth/Superbot_ws/install/superbot_description/share/superbot_description/models/aws_robomaker_warehouse_DeskC_01/materials/textures/aws_robomaker_warehouse_DeskC_03.png
-- Installing: /home/parth/Superbot_ws/install/superbot_description/share/superbot_description/models/aws_robomaker_warehouse_GroundB_01
-- Installing: /home/parth/Superbot_ws/install/superbot_description/share/superbot_description/models/aws_robomaker_warehouse_GroundB_01/meshes
-- Installing: /home/parth/Superbot_ws/install/superbot_description/share/superbot_description/models/aws_robomaker_warehouse_GroundB_01/meshes/aws_robomaker_warehouse_GroundB_01_collision.DAE
-- Installing: /home/parth/Superbot_ws/install/superbot_description/share/superbot_description/models/aws_robomaker_warehouse_GroundB_01/meshes/aws_robomaker_warehouse_GroundB_01_visual.DAE
-- Installing: /home/parth/Superbot_ws/install/superbot_description/share/superbot_description/models/aws_robomaker_warehouse_GroundB_01/model.config
-- Installing: /home/parth/Superbot_ws/install/superbot_description/share/superbot_description/models/aws_robomaker_warehouse_GroundB_01/model.sdf
-- Installing: /home/parth/Superbot_ws/install/superbot_description/share/superbot_description/models/aws_robomaker_warehouse_GroundB_01/materials
-- Installing: /home/parth/Superbot_ws/install/superbot_description/share/superbot_description/models/aws_robomaker_warehouse_GroundB_01/materials/textures
-- Installing: /home/parth/Superbot_ws/install/superbot_description/share/superbot_description/models/aws_robomaker_warehouse_GroundB_01/materials/textures/aws_robomaker_warehouse_GroundB_02.png
-- Installing: /home/parth/Superbot_ws/install/superbot_description/share/superbot_description/models/aws_robomaker_warehouse_GroundB_01/materials/textures/aws_robomaker_warehouse_GroundB_01.png
-- Installing: /home/parth/Superbot_ws/install/superbot_description/share/superbot_description/models/aws_robomaker_warehouse_ClutteringD_01
-- Installing: /home/parth/Superbot_ws/install/superbot_description/share/superbot_description/models/aws_robomaker_warehouse_ClutteringD_01/meshes
-- Installing: /home/parth/Superbot_ws/install/superbot_description/share/superbot_description/models/aws_robomaker_warehouse_ClutteringD_01/meshes/aws_robomaker_warehouse_ClutteringD_01_visual.DAE
-- Installing: /home/parth/Superbot_ws/install/superbot_description/share/superbot_description/models/aws_robomaker_warehouse_ClutteringD_01/meshes/aws_robomaker_warehouse_ClutteringD_01_collision.DAE
-- Installing: /home/parth/Superbot_ws/install/superbot_description/share/superbot_description/models/aws_robomaker_warehouse_ClutteringD_01/model.config
-- Installing: /home/parth/Superbot_ws/install/superbot_description/share/superbot_description/models/aws_robomaker_warehouse_ClutteringD_01/model.sdf
-- Installing: /home/parth/Superbot_ws/install/superbot_description/share/superbot_description/models/aws_robomaker_warehouse_ClutteringD_01/materials
-- Installing: /home/parth/Superbot_ws/install/superbot_description/share/superbot_description/models/aws_robomaker_warehouse_ClutteringD_01/materials/textures
-- Installing: /home/parth/Superbot_ws/install/superbot_description/share/superbot_description/models/aws_robomaker_warehouse_ClutteringD_01/materials/textures/aws_robomaker_warehouse_ClutteringD_02.png
-- Installing: /home/parth/Superbot_ws/install/superbot_description/share/superbot_description/models/aws_robomaker_warehouse_ClutteringD_01/materials/textures/aws_robomaker_warehouse_ClutteringD_01.png
-- Installing: /home/parth/Superbot_ws/install/superbot_description/share/superbot_description/models/aws_robomaker_warehouse_ClutteringC_01
-- Installing: /home/parth/Superbot_ws/install/superbot_description/share/superbot_description/models/aws_robomaker_warehouse_ClutteringC_01/meshes
-- Installing: /home/parth/Superbot_ws/install/superbot_description/share/superbot_description/models/aws_robomaker_warehouse_ClutteringC_01/meshes/aws_robomaker_warehouse_ClutteringC_01_visual.DAE
-- Installing: /home/parth/Superbot_ws/install/superbot_description/share/superbot_description/models/aws_robomaker_warehouse_ClutteringC_01/meshes/aws_robomaker_warehouse_ClutteringC_01_collision.DAE
-- Installing: /home/parth/Superbot_ws/install/superbot_description/share/superbot_description/models/aws_robomaker_warehouse_ClutteringC_01/model.config
-- Installing: /home/parth/Superbot_ws/install/superbot_description/share/superbot_description/models/aws_robomaker_warehouse_ClutteringC_01/model.sdf
-- Installing: /home/parth/Superbot_ws/install/superbot_description/share/superbot_description/models/aws_robomaker_warehouse_ClutteringC_01/materials
-- Installing: /home/parth/Superbot_ws/install/superbot_description/share/superbot_description/models/aws_robomaker_warehouse_ClutteringC_01/materials/textures
-- Installing: /home/parth/Superbot_ws/install/superbot_description/share/superbot_description/models/aws_robomaker_warehouse_ClutteringC_01/materials/textures/aws_robomaker_warehouse_ClutteringC_02.png
-- Installing: /home/parth/Superbot_ws/install/superbot_description/share/superbot_description/models/aws_robomaker_warehouse_ClutteringC_01/materials/textures/aws_robomaker_warehouse_ClutteringC_01.png
-- Installing: /home/parth/Superbot_ws/install/superbot_description/share/superbot_description/models/aws_robomaker_warehouse_RoofB_01
-- Installing: /home/parth/Superbot_ws/install/superbot_description/share/superbot_description/models/aws_robomaker_warehouse_RoofB_01/meshes
-- Installing: /home/parth/Superbot_ws/install/superbot_description/share/superbot_description/models/aws_robomaker_warehouse_RoofB_01/meshes/aws_robomaker_warehouse_RoofB_01_visual.DAE
-- Installing: /home/parth/Superbot_ws/install/superbot_description/share/superbot_description/models/aws_robomaker_warehouse_RoofB_01/meshes/aws_robomaker_warehouse_RoofB_01_collision.DAE
-- Installing: /home/parth/Superbot_ws/install/superbot_description/share/superbot_description/models/aws_robomaker_warehouse_RoofB_01/model.config
-- Installing: /home/parth/Superbot_ws/install/superbot_description/share/superbot_description/models/aws_robomaker_warehouse_RoofB_01/model.sdf
-- Installing: /home/parth/Superbot_ws/install/superbot_description/share/superbot_description/models/aws_robomaker_warehouse_RoofB_01/materials
-- Installing: /home/parth/Superbot_ws/install/superbot_description/share/superbot_description/models/aws_robomaker_warehouse_RoofB_01/materials/textures
-- Installing: /home/parth/Superbot_ws/install/superbot_description/share/superbot_description/models/aws_robomaker_warehouse_RoofB_01/materials/textures/aws_robomaker_warehouse_RoofB_01.png
-- Installing: /home/parth/Superbot_ws/install/superbot_description/share/superbot_description/models/aws_robomaker_warehouse_WallB_01
-- Installing: /home/parth/Superbot_ws/install/superbot_description/share/superbot_description/models/aws_robomaker_warehouse_WallB_01/meshes
-- Installing: /home/parth/Superbot_ws/install/superbot_description/share/superbot_description/models/aws_robomaker_warehouse_WallB_01/meshes/aws_robomaker_warehouse_WallB_01_collision.DAE
-- Installing: /home/parth/Superbot_ws/install/superbot_description/share/superbot_description/models/aws_robomaker_warehouse_WallB_01/meshes/aws_robomaker_warehouse_WallB_01_visual.DAE
-- Installing: /home/parth/Superbot_ws/install/superbot_description/share/superbot_description/models/aws_robomaker_warehouse_WallB_01/model.config
-- Installing: /home/parth/Superbot_ws/install/superbot_description/share/superbot_description/models/aws_robomaker_warehouse_WallB_01/model.sdf
-- Installing: /home/parth/Superbot_ws/install/superbot_description/share/superbot_description/models/aws_robomaker_warehouse_WallB_01/materials
-- Installing: /home/parth/Superbot_ws/install/superbot_description/share/superbot_description/models/aws_robomaker_warehouse_WallB_01/materials/textures
-- Installing: /home/parth/Superbot_ws/install/superbot_description/share/superbot_description/models/aws_robomaker_warehouse_WallB_01/materials/textures/aws_robomaker_warehouse_WallB_01.png
-- Installing: /home/parth/Superbot_ws/install/superbot_description/share/superbot_description/models/aws_robomaker_warehouse_ShelfE_01
-- Installing: /home/parth/Superbot_ws/install/superbot_description/share/superbot_description/models/aws_robomaker_warehouse_ShelfE_01/meshes
-- Installing: /home/parth/Superbot_ws/install/superbot_description/share/superbot_description/models/aws_robomaker_warehouse_ShelfE_01/meshes/aws_robomaker_warehouse_ShelfE_01_visual.DAE
-- Installing: /home/parth/Superbot_ws/install/superbot_description/share/superbot_description/models/aws_robomaker_warehouse_ShelfE_01/meshes/aws_robomaker_warehouse_ShelfE_01_collision.DAE
-- Installing: /home/parth/Superbot_ws/install/superbot_description/share/superbot_description/models/aws_robomaker_warehouse_ShelfE_01/model.config
-- Installing: /home/parth/Superbot_ws/install/superbot_description/share/superbot_description/models/aws_robomaker_warehouse_ShelfE_01/model.sdf
-- Installing: /home/parth/Superbot_ws/install/superbot_description/share/superbot_description/models/aws_robomaker_warehouse_ShelfE_01/materials
-- Installing: /home/parth/Superbot_ws/install/superbot_description/share/superbot_description/models/aws_robomaker_warehouse_ShelfE_01/materials/textures
-- Installing: /home/parth/Superbot_ws/install/superbot_description/share/superbot_description/models/aws_robomaker_warehouse_ShelfE_01/materials/textures/aws_robomaker_warehouse_ShelfE_04.png
-- Installing: /home/parth/Superbot_ws/install/superbot_description/share/superbot_description/models/aws_robomaker_warehouse_ShelfE_01/materials/textures/aws_robomaker_warehouse_ShelfE_02.png
-- Installing: /home/parth/Superbot_ws/install/superbot_description/share/superbot_description/models/aws_robomaker_warehouse_ShelfE_01/materials/textures/aws_robomaker_warehouse_ShelfE_03.png
-- Installing: /home/parth/Superbot_ws/install/superbot_description/share/superbot_description/models/aws_robomaker_warehouse_ShelfE_01/materials/textures/aws_robomaker_warehouse_ShelfE_01.png
-- Installing: /home/parth/Superbot_ws/install/superbot_description/share/superbot_description/models/aws_robomaker_warehouse_TrashCanC_01
-- Installing: /home/parth/Superbot_ws/install/superbot_description/share/superbot_description/models/aws_robomaker_warehouse_TrashCanC_01/meshes
-- Installing: /home/parth/Superbot_ws/install/superbot_description/share/superbot_description/models/aws_robomaker_warehouse_TrashCanC_01/meshes/aws_robomaker_warehouse_TrashCanC_01_visual.DAE
-- Installing: /home/parth/Superbot_ws/install/superbot_description/share/superbot_description/models/aws_robomaker_warehouse_TrashCanC_01/meshes/aws_robomaker_warehouse_TrashCanC_01_collision.DAE
-- Installing: /home/parth/Superbot_ws/install/superbot_description/share/superbot_description/models/aws_robomaker_warehouse_TrashCanC_01/model.config
-- Installing: /home/parth/Superbot_ws/install/superbot_description/share/superbot_description/models/aws_robomaker_warehouse_TrashCanC_01/model.sdf
-- Installing: /home/parth/Superbot_ws/install/superbot_description/share/superbot_description/models/aws_robomaker_warehouse_TrashCanC_01/materials
-- Installing: /home/parth/Superbot_ws/install/superbot_description/share/superbot_description/models/aws_robomaker_warehouse_TrashCanC_01/materials/textures
-- Installing: /home/parth/Superbot_ws/install/superbot_description/share/superbot_description/models/aws_robomaker_warehouse_TrashCanC_01/materials/textures/aws_robomaker_warehouse_TrashCanC_01.png
-- Installing: /home/parth/Superbot_ws/install/superbot_description/share/superbot_description/models/aws_robomaker_warehouse_PalletJackB_01
-- Installing: /home/parth/Superbot_ws/install/superbot_description/share/superbot_description/models/aws_robomaker_warehouse_PalletJackB_01/meshes
-- Installing: /home/parth/Superbot_ws/install/superbot_description/share/superbot_description/models/aws_robomaker_warehouse_PalletJackB_01/meshes/aws_robomaker_warehouse_PalletJackB_01_collision.DAE
-- Installing: /home/parth/Superbot_ws/install/superbot_description/share/superbot_description/models/aws_robomaker_warehouse_PalletJackB_01/meshes/aws_robomaker_warehouse_PalletJackB_01_visual.DAE
-- Installing: /home/parth/Superbot_ws/install/superbot_description/share/superbot_description/models/aws_robomaker_warehouse_PalletJackB_01/model.config
-- Installing: /home/parth/Superbot_ws/install/superbot_description/share/superbot_description/models/aws_robomaker_warehouse_PalletJackB_01/model.sdf
-- Installing: /home/parth/Superbot_ws/install/superbot_description/share/superbot_description/models/aws_robomaker_warehouse_PalletJackB_01/materials
-- Installing: /home/parth/Superbot_ws/install/superbot_description/share/superbot_description/models/aws_robomaker_warehouse_PalletJackB_01/materials/textures
-- Installing: /home/parth/Superbot_ws/install/superbot_description/share/superbot_description/models/aws_robomaker_warehouse_PalletJackB_01/materials/textures/aws_robomaker_warehouse_PalletJackB_02.png
-- Installing: /home/parth/Superbot_ws/install/superbot_description/share/superbot_description/models/aws_robomaker_warehouse_PalletJackB_01/materials/textures/aws_robomaker_warehouse_PalletJackB_01.png
-- Up-to-date: /home/parth/Superbot_ws/install/superbot_description/share/superbot_description/worlds
-- Up-to-date: /home/parth/Superbot_ws/install/superbot_description/share/superbot_description/worlds/superbot_env.world
-- Up-to-date: /home/parth/Superbot_ws/install/superbot_description/share/superbot_description/worlds/safe_world.world
-- Up-to-date: /home/parth/Superbot_ws/install/superbot_description/share/superbot_description/worlds/warehouse.world
-- Up-to-date: /home/parth/Superbot_ws/install/superbot_description/share/superbot_description/worlds/superbot_static_env.world
-- Up-to-date: /home/parth/Superbot_ws/install/superbot_description/share/ament_index/resource_index/package_run_dependencies/superbot_description
-- Up-to-date: /home/parth/Superbot_ws/install/superbot_description/share/ament_index/resource_index/parent_prefix_path/superbot_description
-- Up-to-date: /home/parth/Superbot_ws/install/superbot_description/share/superbot_description/environment/ament_prefix_path.sh
-- Installing: /home/parth/Superbot_ws/install/superbot_description/share/superbot_description/environment/ament_prefix_path.dsv
-- Up-to-date: /home/parth/Superbot_ws/install/superbot_description/share/superbot_description/environment/path.sh
-- Installing: /home/parth/Superbot_ws/install/superbot_description/share/superbot_description/environment/path.dsv
-- Up-to-date: /home/parth/Superbot_ws/install/superbot_description/share/superbot_description/local_setup.bash
-- Up-to-date: /home/parth/Superbot_ws/install/superbot_description/share/superbot_description/local_setup.sh
-- Up-to-date: /home/parth/Superbot_ws/install/superbot_description/share/superbot_description/local_setup.zsh
-- Installing: /home/parth/Superbot_ws/install/superbot_description/share/superbot_description/local_setup.dsv
-- Installing: /home/parth/Superbot_ws/install/superbot_description/share/superbot_description/package.dsv
-- Up-to-date: /home/parth/Superbot_ws/install/superbot_description/share/ament_index/resource_index/packages/superbot_description
-- Up-to-date: /home/parth/Superbot_ws/install/superbot_description/share/superbot_description/cmake/superbot_descriptionConfig.cmake
-- Up-to-date: /home/parth/Superbot_ws/install/superbot_description/share/superbot_description/cmake/superbot_descriptionConfig-version.cmake
-- Up-to-date: /home/parth/Superbot_ws/install/superbot_description/share/superbot_description/package.xml
