[0.634s] DEBUG:colcon:Command line arguments: ['/usr/bin/colcon', 'build']
[0.634s] DEBUG:colcon:Parsed command line arguments: Namespace(log_base=None, log_level=None, verb_name='build', build_base='build', install_base='install', merge_install=False, symlink_install=False, test_result_base=None, continue_on_error=False, executor='parallel', parallel_workers=4, event_handlers=None, ignore_user_meta=False, metas=['./colcon.meta'], base_paths=['.'], packages_ignore=None, packages_ignore_regex=None, paths=None, packages_up_to=None, packages_up_to_regex=None, packages_above=None, packages_above_and_dependencies=None, packages_above_depth=None, packages_select_by_dep=None, packages_skip_by_dep=None, packages_skip_up_to=None, packages_select_build_failed=False, packages_skip_build_finished=False, packages_select_test_failures=False, packages_skip_test_passed=False, packages_select=None, packages_skip=None, packages_select_regex=None, packages_skip_regex=None, packages_start=None, packages_end=None, allow_overriding=[], cmake_args=None, cmake_target=None, cmake_target_skip_unavailable=False, cmake_clean_cache=False, cmake_clean_first=False, cmake_force_configure=False, ament_cmake_args=None, catkin_cmake_args=None, catkin_skip_building_tests=False, mixin_files=None, mixin=None, verb_parser=<colcon_mixin.mixin.mixin_argument.MixinArgumentDecorator object at 0x70b27244b1c0>, verb_extension=<colcon_core.verb.build.BuildVerb object at 0x70b27244ad10>, main=<bound method BuildVerb.main of <colcon_core.verb.build.BuildVerb object at 0x70b27244ad10>>, mixin_verb=('build',))
[1.137s] Level 1:colcon.colcon_core.package_discovery:discover_packages(colcon_meta) check parameters
[1.138s] Level 1:colcon.colcon_core.package_discovery:discover_packages(recursive) check parameters
[1.138s] Level 1:colcon.colcon_core.package_discovery:discover_packages(ignore) check parameters
[1.138s] Level 1:colcon.colcon_core.package_discovery:discover_packages(path) check parameters
[1.138s] Level 1:colcon.colcon_core.package_discovery:discover_packages(colcon_meta) discover
[1.138s] Level 1:colcon.colcon_core.package_discovery:discover_packages(recursive) discover
[1.138s] INFO:colcon.colcon_core.package_discovery:Crawling recursively for packages in '/home/parth/Superbot_ws/src'
[1.138s] Level 1:colcon.colcon_core.package_identification:_identify(.) by extensions ['ignore', 'ignore_ament_install']
[1.138s] Level 1:colcon.colcon_core.package_identification:_identify(.) by extension 'ignore'
[1.138s] Level 1:colcon.colcon_core.package_identification:_identify(.) by extension 'ignore_ament_install'
[1.138s] Level 1:colcon.colcon_core.package_identification:_identify(.) by extensions ['colcon_pkg']
[1.138s] Level 1:colcon.colcon_core.package_identification:_identify(.) by extension 'colcon_pkg'
[1.138s] Level 1:colcon.colcon_core.package_identification:_identify(.) by extensions ['colcon_meta']
[1.138s] Level 1:colcon.colcon_core.package_identification:_identify(.) by extension 'colcon_meta'
[1.138s] Level 1:colcon.colcon_core.package_identification:_identify(.) by extensions ['ros']
[1.138s] Level 1:colcon.colcon_core.package_identification:_identify(.) by extension 'ros'
[1.160s] Level 1:colcon.colcon_core.package_identification:_identify(.) by extensions ['cmake', 'python']
[1.161s] Level 1:colcon.colcon_core.package_identification:_identify(.) by extension 'cmake'
[1.161s] Level 1:colcon.colcon_core.package_identification:_identify(.) by extension 'python'
[1.161s] Level 1:colcon.colcon_core.package_identification:_identify(.) by extensions ['python_setup_py']
[1.161s] Level 1:colcon.colcon_core.package_identification:_identify(.) by extension 'python_setup_py'
[1.161s] Level 1:colcon.colcon_core.package_identification:_identify(build) by extensions ['ignore', 'ignore_ament_install']
[1.161s] Level 1:colcon.colcon_core.package_identification:_identify(build) by extension 'ignore'
[1.161s] Level 1:colcon.colcon_core.package_identification:_identify(build) ignored
[1.161s] Level 1:colcon.colcon_core.package_identification:_identify(install) by extensions ['ignore', 'ignore_ament_install']
[1.161s] Level 1:colcon.colcon_core.package_identification:_identify(install) by extension 'ignore'
[1.161s] Level 1:colcon.colcon_core.package_identification:_identify(install) ignored
[1.162s] Level 1:colcon.colcon_core.package_identification:_identify(log) by extensions ['ignore', 'ignore_ament_install']
[1.162s] Level 1:colcon.colcon_core.package_identification:_identify(log) by extension 'ignore'
[1.162s] Level 1:colcon.colcon_core.package_identification:_identify(log) ignored
[1.163s] Level 1:colcon.colcon_core.package_identification:_identify(superbot_description) by extensions ['ignore', 'ignore_ament_install']
[1.163s] Level 1:colcon.colcon_core.package_identification:_identify(superbot_description) by extension 'ignore'
[1.163s] Level 1:colcon.colcon_core.package_identification:_identify(superbot_description) by extension 'ignore_ament_install'
[1.163s] Level 1:colcon.colcon_core.package_identification:_identify(superbot_description) by extensions ['colcon_pkg']
[1.163s] Level 1:colcon.colcon_core.package_identification:_identify(superbot_description) by extension 'colcon_pkg'
[1.163s] Level 1:colcon.colcon_core.package_identification:_identify(superbot_description) by extensions ['colcon_meta']
[1.163s] Level 1:colcon.colcon_core.package_identification:_identify(superbot_description) by extension 'colcon_meta'
[1.163s] Level 1:colcon.colcon_core.package_identification:_identify(superbot_description) by extensions ['ros']
[1.163s] Level 1:colcon.colcon_core.package_identification:_identify(superbot_description) by extension 'ros'
[1.168s] DEBUG:colcon.colcon_core.package_identification:Package 'superbot_description' with type 'ros.ament_cmake' and name 'superbot_description'
[1.168s] Level 1:colcon.colcon_core.package_discovery:discover_packages(recursive) using defaults
[1.168s] Level 1:colcon.colcon_core.package_discovery:discover_packages(ignore) discover
[1.168s] Level 1:colcon.colcon_core.package_discovery:discover_packages(ignore) using defaults
[1.168s] Level 1:colcon.colcon_core.package_discovery:discover_packages(path) discover
[1.168s] Level 1:colcon.colcon_core.package_discovery:discover_packages(path) using defaults
[1.235s] Level 1:colcon.colcon_core.package_discovery:discover_packages(prefix_path) check parameters
[1.235s] Level 1:colcon.colcon_core.package_discovery:discover_packages(prefix_path) discover
[1.246s] DEBUG:colcon.colcon_installed_package_information.package_discovery:Found 1 installed packages in /home/parth/Superbot_ws/install
[1.247s] DEBUG:colcon.colcon_installed_package_information.package_discovery:Found 471 installed packages in /opt/ros/humble
[1.249s] Level 1:colcon.colcon_core.package_discovery:discover_packages(prefix_path) using defaults
[1.306s] Level 5:colcon.colcon_core.verb:set package 'superbot_description' build argument 'cmake_args' from command line to 'None'
[1.306s] Level 5:colcon.colcon_core.verb:set package 'superbot_description' build argument 'cmake_target' from command line to 'None'
[1.306s] Level 5:colcon.colcon_core.verb:set package 'superbot_description' build argument 'cmake_target_skip_unavailable' from command line to 'False'
[1.306s] Level 5:colcon.colcon_core.verb:set package 'superbot_description' build argument 'cmake_clean_cache' from command line to 'False'
[1.307s] Level 5:colcon.colcon_core.verb:set package 'superbot_description' build argument 'cmake_clean_first' from command line to 'False'
[1.307s] Level 5:colcon.colcon_core.verb:set package 'superbot_description' build argument 'cmake_force_configure' from command line to 'False'
[1.307s] Level 5:colcon.colcon_core.verb:set package 'superbot_description' build argument 'ament_cmake_args' from command line to 'None'
[1.307s] Level 5:colcon.colcon_core.verb:set package 'superbot_description' build argument 'catkin_cmake_args' from command line to 'None'
[1.307s] Level 5:colcon.colcon_core.verb:set package 'superbot_description' build argument 'catkin_skip_building_tests' from command line to 'False'
[1.307s] DEBUG:colcon.colcon_core.verb:Building package 'superbot_description' with the following arguments: {'ament_cmake_args': None, 'build_base': '/home/parth/Superbot_ws/src/build/superbot_description', 'catkin_cmake_args': None, 'catkin_skip_building_tests': False, 'cmake_args': None, 'cmake_clean_cache': False, 'cmake_clean_first': False, 'cmake_force_configure': False, 'cmake_target': None, 'cmake_target_skip_unavailable': False, 'install_base': '/home/parth/Superbot_ws/src/install/superbot_description', 'merge_install': False, 'path': '/home/parth/Superbot_ws/src/superbot_description', 'symlink_install': False, 'test_result_base': None}
[1.307s] INFO:colcon.colcon_core.executor:Executing jobs using 'parallel' executor
[1.309s] DEBUG:colcon.colcon_parallel_executor.executor.parallel:run_until_complete
[1.309s] INFO:colcon.colcon_ros.task.ament_cmake.build:Building ROS package in '/home/parth/Superbot_ws/src/superbot_description' with build type 'ament_cmake'
[1.309s] INFO:colcon.colcon_cmake.task.cmake.build:Building CMake package in '/home/parth/Superbot_ws/src/superbot_description'
[1.325s] INFO:colcon.colcon_core.plugin_system:Skipping extension 'colcon_core.shell.bat': Not used on non-Windows systems
[1.325s] INFO:colcon.colcon_core.shell:Skip shell extension 'powershell' for command environment: Not usable outside of PowerShell
[1.325s] DEBUG:colcon.colcon_core.shell:Skip shell extension 'dsv' for command environment
[1.343s] DEBUG:colcon.colcon_core.event_handler.log_command:Invoking command in '/home/parth/Superbot_ws/src/build/superbot_description': CMAKE_PREFIX_PATH=${CMAKE_PREFIX_PATH}:/opt/ros/humble /usr/bin/cmake /home/parth/Superbot_ws/src/superbot_description -DCMAKE_INSTALL_PREFIX=/home/parth/Superbot_ws/src/install/superbot_description
[5.601s] DEBUG:colcon.colcon_core.event_handler.log_command:Invoked command in '/home/parth/Superbot_ws/src/build/superbot_description' returned '0': CMAKE_PREFIX_PATH=${CMAKE_PREFIX_PATH}:/opt/ros/humble /usr/bin/cmake /home/parth/Superbot_ws/src/superbot_description -DCMAKE_INSTALL_PREFIX=/home/parth/Superbot_ws/src/install/superbot_description
[5.603s] DEBUG:colcon.colcon_core.event_handler.log_command:Invoking command in '/home/parth/Superbot_ws/src/build/superbot_description': CMAKE_PREFIX_PATH=${CMAKE_PREFIX_PATH}:/opt/ros/humble /usr/bin/cmake --build /home/parth/Superbot_ws/src/build/superbot_description -- -j4 -l4
[5.665s] DEBUG:colcon.colcon_core.event_handler.log_command:Invoked command in '/home/parth/Superbot_ws/src/build/superbot_description' returned '0': CMAKE_PREFIX_PATH=${CMAKE_PREFIX_PATH}:/opt/ros/humble /usr/bin/cmake --build /home/parth/Superbot_ws/src/build/superbot_description -- -j4 -l4
[5.734s] DEBUG:colcon.colcon_core.event_handler.log_command:Invoking command in '/home/parth/Superbot_ws/src/build/superbot_description': CMAKE_PREFIX_PATH=${CMAKE_PREFIX_PATH}:/opt/ros/humble /usr/bin/cmake --install /home/parth/Superbot_ws/src/build/superbot_description
[5.910s] Level 1:colcon.colcon_core.environment:create_environment_scripts_only(superbot_description)
[5.911s] DEBUG:colcon.colcon_core.event_handler.log_command:Invoked command in '/home/parth/Superbot_ws/src/build/superbot_description' returned '0': CMAKE_PREFIX_PATH=${CMAKE_PREFIX_PATH}:/opt/ros/humble /usr/bin/cmake --install /home/parth/Superbot_ws/src/build/superbot_description
[5.926s] Level 1:colcon.colcon_core.environment:checking '/home/parth/Superbot_ws/src/install/superbot_description' for CMake module files
[5.928s] Level 1:colcon.colcon_core.environment:checking '/home/parth/Superbot_ws/src/install/superbot_description' for CMake config files
[5.928s] Level 1:colcon.colcon_core.shell:create_environment_hook('superbot_description', 'cmake_prefix_path')
[5.928s] INFO:colcon.colcon_core.shell:Creating environment hook '/home/parth/Superbot_ws/src/install/superbot_description/share/superbot_description/hook/cmake_prefix_path.ps1'
[5.933s] INFO:colcon.colcon_core.shell:Creating environment descriptor '/home/parth/Superbot_ws/src/install/superbot_description/share/superbot_description/hook/cmake_prefix_path.dsv'
[5.934s] INFO:colcon.colcon_core.shell:Creating environment hook '/home/parth/Superbot_ws/src/install/superbot_description/share/superbot_description/hook/cmake_prefix_path.sh'
[5.936s] Level 1:colcon.colcon_core.environment:checking '/home/parth/Superbot_ws/src/install/superbot_description/bin'
[5.936s] Level 1:colcon.colcon_core.environment:checking '/home/parth/Superbot_ws/src/install/superbot_description/lib/pkgconfig/superbot_description.pc'
[5.936s] Level 1:colcon.colcon_core.environment:checking '/home/parth/Superbot_ws/src/install/superbot_description/lib/python3.10/site-packages'
[5.936s] Level 1:colcon.colcon_core.environment:checking '/home/parth/Superbot_ws/src/install/superbot_description/bin'
[5.936s] INFO:colcon.colcon_core.shell:Creating package script '/home/parth/Superbot_ws/src/install/superbot_description/share/superbot_description/package.ps1'
[5.937s] INFO:colcon.colcon_core.shell:Creating package descriptor '/home/parth/Superbot_ws/src/install/superbot_description/share/superbot_description/package.dsv'
[5.939s] INFO:colcon.colcon_core.shell:Creating package script '/home/parth/Superbot_ws/src/install/superbot_description/share/superbot_description/package.sh'
[5.940s] INFO:colcon.colcon_core.shell:Creating package script '/home/parth/Superbot_ws/src/install/superbot_description/share/superbot_description/package.bash'
[5.942s] INFO:colcon.colcon_core.shell:Creating package script '/home/parth/Superbot_ws/src/install/superbot_description/share/superbot_description/package.zsh'
[5.944s] Level 1:colcon.colcon_core.environment:create_file_with_runtime_dependencies(/home/parth/Superbot_ws/src/install/superbot_description/share/colcon-core/packages/superbot_description)
[5.989s] Level 1:colcon.colcon_core.environment:create_environment_scripts_only(superbot_description)
[5.990s] Level 1:colcon.colcon_core.environment:checking '/home/parth/Superbot_ws/src/install/superbot_description' for CMake module files
[5.990s] Level 1:colcon.colcon_core.environment:checking '/home/parth/Superbot_ws/src/install/superbot_description' for CMake config files
[5.991s] Level 1:colcon.colcon_core.shell:create_environment_hook('superbot_description', 'cmake_prefix_path')
[5.991s] INFO:colcon.colcon_core.shell:Creating environment hook '/home/parth/Superbot_ws/src/install/superbot_description/share/superbot_description/hook/cmake_prefix_path.ps1'
[5.992s] INFO:colcon.colcon_core.shell:Creating environment descriptor '/home/parth/Superbot_ws/src/install/superbot_description/share/superbot_description/hook/cmake_prefix_path.dsv'
[5.992s] INFO:colcon.colcon_core.shell:Creating environment hook '/home/parth/Superbot_ws/src/install/superbot_description/share/superbot_description/hook/cmake_prefix_path.sh'
[5.993s] Level 1:colcon.colcon_core.environment:checking '/home/parth/Superbot_ws/src/install/superbot_description/bin'
[5.993s] Level 1:colcon.colcon_core.environment:checking '/home/parth/Superbot_ws/src/install/superbot_description/lib/pkgconfig/superbot_description.pc'
[5.993s] Level 1:colcon.colcon_core.environment:checking '/home/parth/Superbot_ws/src/install/superbot_description/lib/python3.10/site-packages'
[5.994s] Level 1:colcon.colcon_core.environment:checking '/home/parth/Superbot_ws/src/install/superbot_description/bin'
[5.994s] INFO:colcon.colcon_core.shell:Creating package script '/home/parth/Superbot_ws/src/install/superbot_description/share/superbot_description/package.ps1'
[5.994s] INFO:colcon.colcon_core.shell:Creating package descriptor '/home/parth/Superbot_ws/src/install/superbot_description/share/superbot_description/package.dsv'
[5.995s] INFO:colcon.colcon_core.shell:Creating package script '/home/parth/Superbot_ws/src/install/superbot_description/share/superbot_description/package.sh'
[5.996s] INFO:colcon.colcon_core.shell:Creating package script '/home/parth/Superbot_ws/src/install/superbot_description/share/superbot_description/package.bash'
[5.997s] INFO:colcon.colcon_core.shell:Creating package script '/home/parth/Superbot_ws/src/install/superbot_description/share/superbot_description/package.zsh'
[5.997s] Level 1:colcon.colcon_core.environment:create_file_with_runtime_dependencies(/home/parth/Superbot_ws/src/install/superbot_description/share/colcon-core/packages/superbot_description)
[5.998s] DEBUG:colcon.colcon_parallel_executor.executor.parallel:closing loop
[5.998s] DEBUG:colcon.colcon_parallel_executor.executor.parallel:loop closed
[5.998s] DEBUG:colcon.colcon_parallel_executor.executor.parallel:run_until_complete finished with '0'
[5.998s] DEBUG:colcon.colcon_core.event_reactor:joining thread
[6.006s] INFO:colcon.colcon_core.plugin_system:Skipping extension 'colcon_notification.desktop_notification.terminal_notifier': Not used on non-Darwin systems
[6.006s] INFO:colcon.colcon_core.plugin_system:Skipping extension 'colcon_notification.desktop_notification.win32': Not used on non-Windows systems
[6.006s] INFO:colcon.colcon_notification.desktop_notification:Sending desktop notification using 'notify2'
[6.055s] DEBUG:colcon.colcon_core.event_reactor:joined thread
[6.056s] INFO:colcon.colcon_core.shell:Creating prefix script '/home/parth/Superbot_ws/src/install/local_setup.ps1'
[6.057s] INFO:colcon.colcon_core.shell:Creating prefix util module '/home/parth/Superbot_ws/src/install/_local_setup_util_ps1.py'
[6.059s] INFO:colcon.colcon_core.shell:Creating prefix chain script '/home/parth/Superbot_ws/src/install/setup.ps1'
[6.060s] INFO:colcon.colcon_core.shell:Creating prefix script '/home/parth/Superbot_ws/src/install/local_setup.sh'
[6.062s] INFO:colcon.colcon_core.shell:Creating prefix util module '/home/parth/Superbot_ws/src/install/_local_setup_util_sh.py'
[6.062s] INFO:colcon.colcon_core.shell:Creating prefix chain script '/home/parth/Superbot_ws/src/install/setup.sh'
[6.063s] INFO:colcon.colcon_core.shell:Creating prefix script '/home/parth/Superbot_ws/src/install/local_setup.bash'
[6.064s] INFO:colcon.colcon_core.shell:Creating prefix chain script '/home/parth/Superbot_ws/src/install/setup.bash'
[6.066s] INFO:colcon.colcon_core.shell:Creating prefix script '/home/parth/Superbot_ws/src/install/local_setup.zsh'
[6.069s] INFO:colcon.colcon_core.shell:Creating prefix chain script '/home/parth/Superbot_ws/src/install/setup.zsh'
