[0.021s] Invoking command in '/home/parth/Superbot_ws/build/superbot_description': CMAKE_PREFIX_PATH=${CMAKE_PREFIX_PATH}:/opt/ros/humble /usr/bin/cmake /home/parth/Superbot_ws/src/superbot_description -DCMAKE_INSTALL_PREFIX=/home/parth/Superbot_ws/install/superbot_description
[0.035s] -- Found ament_cmake: 1.3.10 (/opt/ros/humble/share/ament_cmake/cmake)
[0.174s] -- Override CMake install command with custom implementation using symlinks instead of copying resources
[0.181s] -- Found gazebo_ros: 3.7.0 (/opt/ros/humble/share/gazebo_ros/cmake)
[0.203s] -- Found rosidl_generator_c: 3.1.5 (/opt/ros/humble/share/rosidl_generator_c/cmake)
[0.271s] -- Found rosidl_adapter: 3.1.5 (/opt/ros/humble/share/rosidl_adapter/cmake)
[0.272s] -- Found rosidl_generator_cpp: 3.1.5 (/opt/ros/humble/share/rosidl_generator_cpp/cmake)
[0.272s] -- Using all available rosidl_typesupport_c: rosidl_typesupport_fastrtps_c;rosidl_typesupport_introspection_c
[0.272s] -- Using all available rosidl_typesupport_cpp: rosidl_typesupport_fastrtps_cpp;rosidl_typesupport_introspection_cpp
[0.272s] -- Found rmw_implementation_cmake: 6.1.2 (/opt/ros/humble/share/rmw_implementation_cmake/cmake)
[0.273s] -- Found rmw_fastrtps_cpp: 6.2.7 (/opt/ros/humble/share/rmw_fastrtps_cpp/cmake)
[0.373s] -- Using RMW implementation 'rmw_fastrtps_cpp' as default
[0.452s] -- Found DART: /usr/include (Required is at least version "6.6") found components: dart 
[0.490s] -- Found Protobuf: /usr/lib/x86_64-linux-gnu/libprotobuf.so (found version "3.12.4") 
[0.490s] -- Looking for ignition-math6 -- found version 6.15.1
[0.492s] -- Searching for dependencies of ignition-math6
[0.493s] -- Looking for OGRE...
[0.500s] -- Found Ogre Ghadamon (1.9.0)
[0.500s] -- Found OGRE: optimized;/usr/lib/x86_64-linux-gnu/libOgreMain.so;debug;/usr/lib/x86_64-linux-gnu/libOgreMain.so
[0.509s] -- Looking for OGRE_Paging...
[0.511s] -- Found OGRE_Paging: optimized;/usr/lib/x86_64-linux-gnu/libOgrePaging.so;debug;/usr/lib/x86_64-linux-gnu/libOgrePaging.so
[0.511s] -- Looking for OGRE_Terrain...
[0.511s] -- Found OGRE_Terrain: optimized;/usr/lib/x86_64-linux-gnu/libOgreTerrain.so;debug;/usr/lib/x86_64-linux-gnu/libOgreTerrain.so
[0.511s] -- Looking for OGRE_Property...
[0.511s] -- Found OGRE_Property: optimized;/usr/lib/x86_64-linux-gnu/libOgreProperty.so;debug;/usr/lib/x86_64-linux-gnu/libOgreProperty.so
[0.511s] -- Looking for OGRE_RTShaderSystem...
[0.511s] -- Found OGRE_RTShaderSystem: optimized;/usr/lib/x86_64-linux-gnu/libOgreRTShaderSystem.so;debug;/usr/lib/x86_64-linux-gnu/libOgreRTShaderSystem.so
[0.511s] -- Looking for OGRE_Volume...
[0.511s] -- Found OGRE_Volume: optimized;/usr/lib/x86_64-linux-gnu/libOgreVolume.so;debug;/usr/lib/x86_64-linux-gnu/libOgreVolume.so
[0.511s] -- Looking for OGRE_Overlay...
[0.511s] -- Found OGRE_Overlay: optimized;/usr/lib/x86_64-linux-gnu/libOgreOverlay.so;debug;/usr/lib/x86_64-linux-gnu/libOgreOverlay.so
[0.604s] -- Looking for ignition-math6 -- found version 6.15.1
[0.604s] -- Looking for ignition-transport8 -- found version 8.2.1
[0.605s] -- Searching for dependencies of ignition-transport8
[0.623s] -- Found Protobuf: /usr/lib/x86_64-linux-gnu/libprotobuf.so (found suitable version "3.12.4", minimum required is "3") 
[0.632s] -- Config-file not installed for ZeroMQ -- checking for pkg-config
[0.641s] -- Checking for module 'libzmq >= 4'
[0.670s] --   Found libzmq , version 4.3.4
[0.739s] -- Checking for module 'uuid'
[0.768s] --   Found uuid, version 2.37.2
[0.834s] -- Looking for ignition-msgs5 -- found version 5.8.1
[0.834s] -- Searching for dependencies of ignition-msgs5
[0.858s] -- Looking for ignition-math6 -- found version 6.15.1
[0.867s] -- Checking for module 'tinyxml2'
[0.890s] --   Found tinyxml2, version 9.0.0
[0.957s] -- Looking for ignition-msgs5 -- found version 5.8.1
[0.958s] -- Looking for ignition-common3 -- found version 3.14.0
[0.958s] -- Searching for dependencies of ignition-common3
[0.958s] -- Looking for dlfcn.h - found
[0.958s] -- Looking for libdl - found
[0.969s] -- Searching for <ignition-common3> component [graphics]
[0.969s] -- Looking for ignition-common3-graphics -- found version 3.14.0
[0.970s] -- Searching for dependencies of ignition-common3-graphics
[0.970s] -- Looking for ignition-math6 -- found version 6.15.1
[0.971s] -- Looking for ignition-fuel_tools4 -- found version 4.4.0
[0.972s] -- Searching for dependencies of ignition-fuel_tools4
[1.018s] -- Checking for module 'jsoncpp'
[1.040s] --   Found jsoncpp, version 1.9.5
[1.117s] -- Checking for module 'libzip'
[1.140s] --   Found libzip, version 1.7.3
[1.208s] -- Looking for ignition-common3 -- found version 3.14.0
[1.208s] -- Looking for ignition-math6 -- found version 6.15.1
[1.208s] -- Looking for ignition-msgs5 -- found version 5.8.1
[1.210s] -- Gazebo version: 11.10
[1.213s] -- Found ament_lint_auto: 0.12.11 (/opt/ros/humble/share/ament_lint_auto/cmake)
[1.291s] -- Added test 'flake8' to check Python code syntax and style conventions
[1.292s] -- Added test 'lint_cmake' to check CMake code style
[1.293s] -- Added test 'pep257' to check Python code against some of the docstring style conventions in PEP 257
[1.298s] -- Added test 'xmllint' to check XML markup files
[1.300s] -- Configuring done
[1.307s] -- Generating done
[1.313s] -- Build files have been written to: /home/parth/Superbot_ws/build/superbot_description
[1.325s] Invoked command in '/home/parth/Superbot_ws/build/superbot_description' returned '0': CMAKE_PREFIX_PATH=${CMAKE_PREFIX_PATH}:/opt/ros/humble /usr/bin/cmake /home/parth/Superbot_ws/src/superbot_description -DCMAKE_INSTALL_PREFIX=/home/parth/Superbot_ws/install/superbot_description
[1.327s] Invoking command in '/home/parth/Superbot_ws/build/superbot_description': CMAKE_PREFIX_PATH=${CMAKE_PREFIX_PATH}:/opt/ros/humble /usr/bin/cmake --build /home/parth/Superbot_ws/build/superbot_description -- -j4 -l4
[1.394s] Invoked command in '/home/parth/Superbot_ws/build/superbot_description' returned '0': CMAKE_PREFIX_PATH=${CMAKE_PREFIX_PATH}:/opt/ros/humble /usr/bin/cmake --build /home/parth/Superbot_ws/build/superbot_description -- -j4 -l4
[1.474s] Invoking command in '/home/parth/Superbot_ws/build/superbot_description': CMAKE_PREFIX_PATH=${CMAKE_PREFIX_PATH}:/opt/ros/humble /usr/bin/cmake --install /home/parth/Superbot_ws/build/superbot_description
[1.483s] -- Install configuration: ""
[1.483s] -- Execute custom install script
[1.483s] -- Up-to-date symlink: /home/parth/Superbot_ws/install/superbot_description/share/superbot_description/launch/cartographer.launch.py
[1.484s] -- Up-to-date symlink: /home/parth/Superbot_ws/install/superbot_description/share/superbot_description/launch/gazebo_env.launch.py
[1.484s] -- Up-to-date symlink: /home/parth/Superbot_ws/install/superbot_description/share/superbot_description/launch/gazebo_static.launch.py
[1.484s] -- Up-to-date symlink: /home/parth/Superbot_ws/install/superbot_description/share/superbot_description/launch/nav.launch.py
[1.484s] -- Up-to-date symlink: /home/parth/Superbot_ws/install/superbot_description/share/superbot_description/launch/publish_wheel_transforms.py
[1.484s] -- Up-to-date symlink: /home/parth/Superbot_ws/install/superbot_description/share/superbot_description/launch/setup.py
[1.484s] -- Up-to-date symlink: /home/parth/Superbot_ws/install/superbot_description/share/superbot_description/launch/superbot.launch.py
[1.484s] -- Up-to-date symlink: /home/parth/Superbot_ws/install/superbot_description/share/superbot_description/launch/superbot_env.launch.py
[1.485s] -- Up-to-date symlink: /home/parth/Superbot_ws/install/superbot_description/share/superbot_description/URDF/superbot.sdf
[1.485s] -- Up-to-date symlink: /home/parth/Superbot_ws/install/superbot_description/share/superbot_description/URDF/superbot.urdf
[1.485s] -- Up-to-date symlink: /home/parth/Superbot_ws/install/superbot_description/share/superbot_description/URDF/superbot.urdf.xacro
[1.486s] -- Up-to-date symlink: /home/parth/Superbot_ws/install/superbot_description/share/superbot_description/models/aws_robomaker_warehouse_ClutteringA_01/materials/textures/aws_robomaker_warehouse_ClutteringA_01.png
[1.487s] -- Up-to-date symlink: /home/parth/Superbot_ws/install/superbot_description/share/superbot_description/models/aws_robomaker_warehouse_ClutteringA_01/materials/textures/aws_robomaker_warehouse_ClutteringA_02.png
[1.487s] -- Up-to-date symlink: /home/parth/Superbot_ws/install/superbot_description/share/superbot_description/models/aws_robomaker_warehouse_ClutteringA_01/materials/textures/aws_robomaker_warehouse_ClutteringA_03.png
[1.487s] -- Up-to-date symlink: /home/parth/Superbot_ws/install/superbot_description/share/superbot_description/models/aws_robomaker_warehouse_ClutteringA_01/meshes/aws_robomaker_warehouse_ClutteringA_01_collision.DAE
[1.487s] -- Up-to-date symlink: /home/parth/Superbot_ws/install/superbot_description/share/superbot_description/models/aws_robomaker_warehouse_ClutteringA_01/meshes/aws_robomaker_warehouse_ClutteringA_01_visual.DAE
[1.487s] -- Up-to-date symlink: /home/parth/Superbot_ws/install/superbot_description/share/superbot_description/models/aws_robomaker_warehouse_ClutteringA_01/model.config
[1.487s] -- Up-to-date symlink: /home/parth/Superbot_ws/install/superbot_description/share/superbot_description/models/aws_robomaker_warehouse_ClutteringA_01/model.sdf
[1.487s] -- Up-to-date symlink: /home/parth/Superbot_ws/install/superbot_description/share/superbot_description/models/aws_robomaker_warehouse_ClutteringC_01/materials/textures/aws_robomaker_warehouse_ClutteringC_01.png
[1.488s] -- Up-to-date symlink: /home/parth/Superbot_ws/install/superbot_description/share/superbot_description/models/aws_robomaker_warehouse_ClutteringC_01/materials/textures/aws_robomaker_warehouse_ClutteringC_02.png
[1.488s] -- Up-to-date symlink: /home/parth/Superbot_ws/install/superbot_description/share/superbot_description/models/aws_robomaker_warehouse_ClutteringC_01/meshes/aws_robomaker_warehouse_ClutteringC_01_collision.DAE
[1.488s] -- Up-to-date symlink: /home/parth/Superbot_ws/install/superbot_description/share/superbot_description/models/aws_robomaker_warehouse_ClutteringC_01/meshes/aws_robomaker_warehouse_ClutteringC_01_visual.DAE
[1.488s] -- Up-to-date symlink: /home/parth/Superbot_ws/install/superbot_description/share/superbot_description/models/aws_robomaker_warehouse_ClutteringC_01/model.config
[1.488s] -- Up-to-date symlink: /home/parth/Superbot_ws/install/superbot_description/share/superbot_description/models/aws_robomaker_warehouse_ClutteringC_01/model.sdf
[1.488s] -- Up-to-date symlink: /home/parth/Superbot_ws/install/superbot_description/share/superbot_description/models/aws_robomaker_warehouse_ClutteringD_01/materials/textures/aws_robomaker_warehouse_ClutteringD_01.png
[1.488s] -- Up-to-date symlink: /home/parth/Superbot_ws/install/superbot_description/share/superbot_description/models/aws_robomaker_warehouse_ClutteringD_01/materials/textures/aws_robomaker_warehouse_ClutteringD_02.png
[1.488s] -- Up-to-date symlink: /home/parth/Superbot_ws/install/superbot_description/share/superbot_description/models/aws_robomaker_warehouse_ClutteringD_01/meshes/aws_robomaker_warehouse_ClutteringD_01_collision.DAE
[1.488s] -- Up-to-date symlink: /home/parth/Superbot_ws/install/superbot_description/share/superbot_description/models/aws_robomaker_warehouse_ClutteringD_01/meshes/aws_robomaker_warehouse_ClutteringD_01_visual.DAE
[1.489s] -- Up-to-date symlink: /home/parth/Superbot_ws/install/superbot_description/share/superbot_description/models/aws_robomaker_warehouse_ClutteringD_01/model.config
[1.489s] -- Up-to-date symlink: /home/parth/Superbot_ws/install/superbot_description/share/superbot_description/models/aws_robomaker_warehouse_ClutteringD_01/model.sdf
[1.491s] -- Up-to-date symlink: /home/parth/Superbot_ws/install/superbot_description/share/superbot_description/models/aws_robomaker_warehouse_DeskC_01/materials/textures/aws_robomaker_warehouse_DeskC_01.png
[1.491s] -- Up-to-date symlink: /home/parth/Superbot_ws/install/superbot_description/share/superbot_description/models/aws_robomaker_warehouse_DeskC_01/materials/textures/aws_robomaker_warehouse_DeskC_02.png
[1.491s] -- Up-to-date symlink: /home/parth/Superbot_ws/install/superbot_description/share/superbot_description/models/aws_robomaker_warehouse_DeskC_01/materials/textures/aws_robomaker_warehouse_DeskC_03.png
[1.491s] -- Up-to-date symlink: /home/parth/Superbot_ws/install/superbot_description/share/superbot_description/models/aws_robomaker_warehouse_DeskC_01/materials/textures/aws_robomaker_warehouse_DeskC_03.psd
[1.492s] -- Up-to-date symlink: /home/parth/Superbot_ws/install/superbot_description/share/superbot_description/models/aws_robomaker_warehouse_DeskC_01/materials/textures/aws_robomaker_warehouse_DeskC_04.png
[1.492s] -- Up-to-date symlink: /home/parth/Superbot_ws/install/superbot_description/share/superbot_description/models/aws_robomaker_warehouse_DeskC_01/meshes/aws_robomaker_warehouse_DeskC_01_collision.DAE
[1.492s] -- Up-to-date symlink: /home/parth/Superbot_ws/install/superbot_description/share/superbot_description/models/aws_robomaker_warehouse_DeskC_01/meshes/aws_robomaker_warehouse_DeskC_01_visual.DAE
[1.492s] -- Up-to-date symlink: /home/parth/Superbot_ws/install/superbot_description/share/superbot_description/models/aws_robomaker_warehouse_DeskC_01/model.config
[1.492s] -- Up-to-date symlink: /home/parth/Superbot_ws/install/superbot_description/share/superbot_description/models/aws_robomaker_warehouse_DeskC_01/model.sdf
[1.492s] -- Up-to-date symlink: /home/parth/Superbot_ws/install/superbot_description/share/superbot_description/models/aws_robomaker_warehouse_GroundB_01/materials/textures/aws_robomaker_warehouse_GroundB_01.png
[1.492s] -- Up-to-date symlink: /home/parth/Superbot_ws/install/superbot_description/share/superbot_description/models/aws_robomaker_warehouse_GroundB_01/materials/textures/aws_robomaker_warehouse_GroundB_02.png
[1.492s] -- Up-to-date symlink: /home/parth/Superbot_ws/install/superbot_description/share/superbot_description/models/aws_robomaker_warehouse_GroundB_01/meshes/aws_robomaker_warehouse_GroundB_01_collision.DAE
[1.492s] -- Up-to-date symlink: /home/parth/Superbot_ws/install/superbot_description/share/superbot_description/models/aws_robomaker_warehouse_GroundB_01/meshes/aws_robomaker_warehouse_GroundB_01_visual.DAE
[1.492s] -- Up-to-date symlink: /home/parth/Superbot_ws/install/superbot_description/share/superbot_description/models/aws_robomaker_warehouse_GroundB_01/model.config
[1.492s] -- Up-to-date symlink: /home/parth/Superbot_ws/install/superbot_description/share/superbot_description/models/aws_robomaker_warehouse_GroundB_01/model.sdf
[1.492s] -- Up-to-date symlink: /home/parth/Superbot_ws/install/superbot_description/share/superbot_description/models/aws_robomaker_warehouse_Lamp_01/materials/textures/aws_robomaker_warehouse_Lamp_01.png
[1.492s] -- Up-to-date symlink: /home/parth/Superbot_ws/install/superbot_description/share/superbot_description/models/aws_robomaker_warehouse_Lamp_01/meshes/aws_robomaker_warehouse_Lamp_01_collision.DAE
[1.492s] -- Up-to-date symlink: /home/parth/Superbot_ws/install/superbot_description/share/superbot_description/models/aws_robomaker_warehouse_Lamp_01/meshes/aws_robomaker_warehouse_Lamp_01_visual.DAE
[1.492s] -- Up-to-date symlink: /home/parth/Superbot_ws/install/superbot_description/share/superbot_description/models/aws_robomaker_warehouse_Lamp_01/model.config
[1.492s] -- Up-to-date symlink: /home/parth/Superbot_ws/install/superbot_description/share/superbot_description/models/aws_robomaker_warehouse_Lamp_01/model.sdf
[1.492s] -- Up-to-date symlink: /home/parth/Superbot_ws/install/superbot_description/share/superbot_description/models/aws_robomaker_warehouse_PalletJackB_01/materials/textures/aws_robomaker_warehouse_PalletJackB_01.png
[1.492s] -- Up-to-date symlink: /home/parth/Superbot_ws/install/superbot_description/share/superbot_description/models/aws_robomaker_warehouse_PalletJackB_01/materials/textures/aws_robomaker_warehouse_PalletJackB_02.png
[1.492s] -- Up-to-date symlink: /home/parth/Superbot_ws/install/superbot_description/share/superbot_description/models/aws_robomaker_warehouse_PalletJackB_01/meshes/aws_robomaker_warehouse_PalletJackB_01_collision.DAE
[1.492s] -- Up-to-date symlink: /home/parth/Superbot_ws/install/superbot_description/share/superbot_description/models/aws_robomaker_warehouse_PalletJackB_01/meshes/aws_robomaker_warehouse_PalletJackB_01_visual.DAE
[1.492s] -- Up-to-date symlink: /home/parth/Superbot_ws/install/superbot_description/share/superbot_description/models/aws_robomaker_warehouse_PalletJackB_01/model.config
[1.492s] -- Up-to-date symlink: /home/parth/Superbot_ws/install/superbot_description/share/superbot_description/models/aws_robomaker_warehouse_PalletJackB_01/model.sdf
[1.492s] -- Up-to-date symlink: /home/parth/Superbot_ws/install/superbot_description/share/superbot_description/models/aws_robomaker_warehouse_RoofB_01/materials/textures/aws_robomaker_warehouse_RoofB_01.png
[1.492s] -- Up-to-date symlink: /home/parth/Superbot_ws/install/superbot_description/share/superbot_description/models/aws_robomaker_warehouse_RoofB_01/meshes/aws_robomaker_warehouse_RoofB_01_collision.DAE
[1.492s] -- Up-to-date symlink: /home/parth/Superbot_ws/install/superbot_description/share/superbot_description/models/aws_robomaker_warehouse_RoofB_01/meshes/aws_robomaker_warehouse_RoofB_01_visual.DAE
[1.492s] -- Up-to-date symlink: /home/parth/Superbot_ws/install/superbot_description/share/superbot_description/models/aws_robomaker_warehouse_RoofB_01/model.config
[1.492s] -- Up-to-date symlink: /home/parth/Superbot_ws/install/superbot_description/share/superbot_description/models/aws_robomaker_warehouse_RoofB_01/model.sdf
[1.492s] -- Up-to-date symlink: /home/parth/Superbot_ws/install/superbot_description/share/superbot_description/models/aws_robomaker_warehouse_ShelfD_01/materials/textures/aws_robomaker_warehouse_ShelfD_01.png
[1.493s] -- Up-to-date symlink: /home/parth/Superbot_ws/install/superbot_description/share/superbot_description/models/aws_robomaker_warehouse_ShelfD_01/materials/textures/aws_robomaker_warehouse_ShelfD_02.png
[1.493s] -- Up-to-date symlink: /home/parth/Superbot_ws/install/superbot_description/share/superbot_description/models/aws_robomaker_warehouse_ShelfD_01/materials/textures/aws_robomaker_warehouse_ShelfD_03.png
[1.493s] -- Up-to-date symlink: /home/parth/Superbot_ws/install/superbot_description/share/superbot_description/models/aws_robomaker_warehouse_ShelfD_01/materials/textures/aws_robomaker_warehouse_ShelfD_04.png
[1.493s] -- Up-to-date symlink: /home/parth/Superbot_ws/install/superbot_description/share/superbot_description/models/aws_robomaker_warehouse_ShelfD_01/model.config
[1.493s] -- Up-to-date symlink: /home/parth/Superbot_ws/install/superbot_description/share/superbot_description/models/aws_robomaker_warehouse_ShelfD_01/model.sdf
[1.493s] -- Up-to-date symlink: /home/parth/Superbot_ws/install/superbot_description/share/superbot_description/models/aws_robomaker_warehouse_ShelfE_01/materials/textures/aws_robomaker_warehouse_ShelfE_01.png
[1.493s] -- Up-to-date symlink: /home/parth/Superbot_ws/install/superbot_description/share/superbot_description/models/aws_robomaker_warehouse_ShelfE_01/materials/textures/aws_robomaker_warehouse_ShelfE_02.png
[1.493s] -- Up-to-date symlink: /home/parth/Superbot_ws/install/superbot_description/share/superbot_description/models/aws_robomaker_warehouse_ShelfE_01/materials/textures/aws_robomaker_warehouse_ShelfE_03.png
[1.493s] -- Up-to-date symlink: /home/parth/Superbot_ws/install/superbot_description/share/superbot_description/models/aws_robomaker_warehouse_ShelfE_01/materials/textures/aws_robomaker_warehouse_ShelfE_04.png
[1.493s] -- Up-to-date symlink: /home/parth/Superbot_ws/install/superbot_description/share/superbot_description/models/aws_robomaker_warehouse_ShelfE_01/meshes/aws_robomaker_warehouse_ShelfE_01_collision.DAE
[1.493s] -- Up-to-date symlink: /home/parth/Superbot_ws/install/superbot_description/share/superbot_description/models/aws_robomaker_warehouse_ShelfE_01/meshes/aws_robomaker_warehouse_ShelfE_01_visual.DAE
[1.493s] -- Up-to-date symlink: /home/parth/Superbot_ws/install/superbot_description/share/superbot_description/models/aws_robomaker_warehouse_ShelfE_01/model.config
[1.493s] -- Up-to-date symlink: /home/parth/Superbot_ws/install/superbot_description/share/superbot_description/models/aws_robomaker_warehouse_ShelfE_01/model.sdf
[1.493s] -- Up-to-date symlink: /home/parth/Superbot_ws/install/superbot_description/share/superbot_description/models/aws_robomaker_warehouse_ShelfF_01/materials/textures/aws_robomaker_warehouse_ShelfF_01.png
[1.494s] -- Up-to-date symlink: /home/parth/Superbot_ws/install/superbot_description/share/superbot_description/models/aws_robomaker_warehouse_ShelfF_01/materials/textures/aws_robomaker_warehouse_ShelfF_02.png
[1.494s] -- Up-to-date symlink: /home/parth/Superbot_ws/install/superbot_description/share/superbot_description/models/aws_robomaker_warehouse_ShelfF_01/materials/textures/aws_robomaker_warehouse_ShelfF_03.png
[1.494s] -- Up-to-date symlink: /home/parth/Superbot_ws/install/superbot_description/share/superbot_description/models/aws_robomaker_warehouse_ShelfF_01/meshes/aws_robomaker_warehouse_ShelfF_01_collision.DAE
[1.494s] -- Up-to-date symlink: /home/parth/Superbot_ws/install/superbot_description/share/superbot_description/models/aws_robomaker_warehouse_ShelfF_01/meshes/aws_robomaker_warehouse_ShelfF_01_visual.DAE
[1.494s] -- Up-to-date symlink: /home/parth/Superbot_ws/install/superbot_description/share/superbot_description/models/aws_robomaker_warehouse_ShelfF_01/model.config
[1.494s] -- Up-to-date symlink: /home/parth/Superbot_ws/install/superbot_description/share/superbot_description/models/aws_robomaker_warehouse_ShelfF_01/model.sdf
[1.494s] -- Up-to-date symlink: /home/parth/Superbot_ws/install/superbot_description/share/superbot_description/models/aws_robomaker_warehouse_TrashCanC_01/materials/textures/aws_robomaker_warehouse_TrashCanC_01.png
[1.494s] -- Up-to-date symlink: /home/parth/Superbot_ws/install/superbot_description/share/superbot_description/models/aws_robomaker_warehouse_TrashCanC_01/meshes/aws_robomaker_warehouse_TrashCanC_01_collision.DAE
[1.494s] -- Up-to-date symlink: /home/parth/Superbot_ws/install/superbot_description/share/superbot_description/models/aws_robomaker_warehouse_TrashCanC_01/meshes/aws_robomaker_warehouse_TrashCanC_01_visual.DAE
[1.494s] -- Up-to-date symlink: /home/parth/Superbot_ws/install/superbot_description/share/superbot_description/models/aws_robomaker_warehouse_TrashCanC_01/model.config
[1.494s] -- Up-to-date symlink: /home/parth/Superbot_ws/install/superbot_description/share/superbot_description/models/aws_robomaker_warehouse_TrashCanC_01/model.sdf
[1.495s] -- Up-to-date symlink: /home/parth/Superbot_ws/install/superbot_description/share/superbot_description/models/aws_robomaker_warehouse_WallB_01/materials/textures/aws_robomaker_warehouse_WallB_01.png
[1.495s] -- Up-to-date symlink: /home/parth/Superbot_ws/install/superbot_description/share/superbot_description/models/aws_robomaker_warehouse_WallB_01/meshes/aws_robomaker_warehouse_WallB_01_collision.DAE
[1.495s] -- Up-to-date symlink: /home/parth/Superbot_ws/install/superbot_description/share/superbot_description/models/aws_robomaker_warehouse_WallB_01/meshes/aws_robomaker_warehouse_WallB_01_visual.DAE
[1.495s] -- Up-to-date symlink: /home/parth/Superbot_ws/install/superbot_description/share/superbot_description/models/aws_robomaker_warehouse_WallB_01/model.config
[1.495s] -- Up-to-date symlink: /home/parth/Superbot_ws/install/superbot_description/share/superbot_description/models/aws_robomaker_warehouse_WallB_01/model.sdf
[1.495s] -- Up-to-date symlink: /home/parth/Superbot_ws/install/superbot_description/share/superbot_description/worlds/safe_world.world
[1.495s] -- Up-to-date symlink: /home/parth/Superbot_ws/install/superbot_description/share/superbot_description/worlds/superbot_env.world
[1.495s] -- Up-to-date symlink: /home/parth/Superbot_ws/install/superbot_description/share/superbot_description/worlds/superbot_static_env.world
[1.495s] -- Up-to-date symlink: /home/parth/Superbot_ws/install/superbot_description/share/superbot_description/worlds/warehouse.world
[1.495s] -- Up-to-date symlink: /home/parth/Superbot_ws/install/superbot_description/share/superbot_description/rviz/navigation.rviz
[1.496s] -- Up-to-date symlink: /home/parth/Superbot_ws/install/superbot_description/share/superbot_description/config/cartographer.lua
[1.496s] -- Up-to-date symlink: /home/parth/Superbot_ws/install/superbot_description/share/superbot_description/config/diff_drive_controller.yaml
[1.496s] -- Up-to-date symlink: /home/parth/Superbot_ws/install/superbot_description/share/superbot_description/config/nav2_params.yaml
[1.496s] -- Up-to-date symlink: /home/parth/Superbot_ws/install/superbot_description/share/superbot_description/config/slam_config.yaml
[1.496s] -- Up-to-date symlink: /home/parth/Superbot_ws/install/superbot_description/share/superbot_description/config/superbot_cartographer.lua
[1.496s] -- Up-to-date symlink: /home/parth/Superbot_ws/install/superbot_description/share/superbot_description/scripts/cmd_vel_publisher.py
[1.496s] -- Up-to-date symlink: /home/parth/Superbot_ws/install/superbot_description/share/ament_index/resource_index/package_run_dependencies/superbot_description
[1.496s] -- Up-to-date symlink: /home/parth/Superbot_ws/install/superbot_description/share/ament_index/resource_index/parent_prefix_path/superbot_description
[1.497s] -- Up-to-date symlink: /home/parth/Superbot_ws/install/superbot_description/share/superbot_description/environment/ament_prefix_path.sh
[1.497s] -- Up-to-date symlink: /home/parth/Superbot_ws/install/superbot_description/share/superbot_description/environment/ament_prefix_path.dsv
[1.497s] -- Up-to-date symlink: /home/parth/Superbot_ws/install/superbot_description/share/superbot_description/environment/path.sh
[1.497s] -- Up-to-date symlink: /home/parth/Superbot_ws/install/superbot_description/share/superbot_description/environment/path.dsv
[1.497s] -- Up-to-date symlink: /home/parth/Superbot_ws/install/superbot_description/share/superbot_description/local_setup.bash
[1.497s] -- Up-to-date symlink: /home/parth/Superbot_ws/install/superbot_description/share/superbot_description/local_setup.sh
[1.497s] -- Up-to-date symlink: /home/parth/Superbot_ws/install/superbot_description/share/superbot_description/local_setup.zsh
[1.497s] -- Up-to-date symlink: /home/parth/Superbot_ws/install/superbot_description/share/superbot_description/local_setup.dsv
[1.497s] -- Symlinking: /home/parth/Superbot_ws/install/superbot_description/share/superbot_description/package.dsv
[1.507s] -- Up-to-date symlink: /home/parth/Superbot_ws/install/superbot_description/share/ament_index/resource_index/packages/superbot_description
[1.507s] -- Up-to-date symlink: /home/parth/Superbot_ws/install/superbot_description/share/superbot_description/cmake/superbot_descriptionConfig.cmake
[1.507s] -- Up-to-date symlink: /home/parth/Superbot_ws/install/superbot_description/share/superbot_description/cmake/superbot_descriptionConfig-version.cmake
[1.507s] -- Up-to-date symlink: /home/parth/Superbot_ws/install/superbot_description/share/superbot_description/package.xml
[1.510s] Invoked command in '/home/parth/Superbot_ws/build/superbot_description' returned '0': CMAKE_PREFIX_PATH=${CMAKE_PREFIX_PATH}:/opt/ros/humble /usr/bin/cmake --install /home/parth/Superbot_ws/build/superbot_description
